#
# There is insufficient memory for the Java Runtime Environment to continue.
# Native memory allocation (malloc) failed to allocate 1503392 bytes for Chunk::new
# Possible reasons:
#   The system is out of physical RAM or swap space
#   The process is running with CompressedOops enabled, and the Java Heap may be blocking the growth of the native heap
# Possible solutions:
#   Reduce memory load on the system
#   Increase physical memory or swap space
#   Check if swap backing store is full
#   Decrease Java heap size (-Xmx/-Xms)
#   Decrease number of Java threads
#   Decrease Java thread stack sizes (-Xss)
#   Set larger code cache with -XX:ReservedCodeCacheSize=
#   JVM is running with Zero Based Compressed Oops mode in which the Java heap is
#     placed in the first 32GB address space. The Java Heap base address is the
#     maximum limit for the native heap growth. Please use -XX:HeapBaseMinAddress
#     to set the Java Heap base and to place the Java Heap above 32GB virtual address.
# This output file may be truncated or incomplete.
#
#  Out of Memory Error (allocation.cpp:389), pid=4676, tid=0x0000000000004358
#
# JRE version: OpenJDK Runtime Environment (8.0_362-b08) (build 1.8.0_362-b08)
# Java VM: OpenJDK 64-Bit Server VM (25.362-b08 mixed mode windows-amd64 compressed oops)
# Failed to write core dump. Minidumps are not enabled by default on client versions of Windows
#

---------------  T H R E A D  ---------------

Current thread (0x000001f8fe1ae000):  JavaThread "C2 CompilerThread2" daemon [_thread_in_native, id=17240, stack(0x000000cb41600000,0x000000cb41700000)]

Stack: [0x000000cb41600000,0x000000cb41700000]
[error occurred during error reporting (printing stack bounds), id 0xc0000005]

Native frames: (J=compiled Java code, j=interpreted, Vv=VM code, C=native code)


Current CompileTask:
C2:   2711 2591   !   4       com.sun.beans.TypeResolver::resolve (274 bytes)


---------------  P R O C E S S  ---------------

Java Threads: ( => current thread )
  0x000001f89a313000 JavaThread "Build operations Thread 2" [_thread_blocked, id=16752, stack(0x000000cb42700000,0x000000cb42800000)]
  0x000001f89a315000 JavaThread "Build operations" [_thread_blocked, id=9408, stack(0x000000cb42600000,0x000000cb42700000)]
  0x000001f89a314800 JavaThread "Cache worker for Artifact transforms cache (C:\Users\sereg\.gradle\caches\transforms-1)" [_thread_blocked, id=6340, stack(0x000000cb42500000,0x000000cb42600000)]
  0x000001f89a313800 JavaThread "Cache worker for file hash cache (D:\GoodtMe\testit\Selenium\.gradle\4.8.1\fileHashes)" [_thread_blocked, id=5516, stack(0x000000cb42400000,0x000000cb42500000)]
  0x000001f898e19000 JavaThread "File lock request listener" [_thread_in_native, id=23192, stack(0x000000cb42300000,0x000000cb42400000)]
  0x000001f898e03000 JavaThread "Cache worker for file hash cache (C:\Users\sereg\.gradle\caches\4.8.1\fileHashes)" [_thread_blocked, id=4372, stack(0x000000cb42200000,0x000000cb42300000)]
  0x000001f898074000 JavaThread "Stdin handler" [_thread_blocked, id=16860, stack(0x000000cb42100000,0x000000cb42200000)]
  0x000001f898072800 JavaThread "Asynchronous log dispatcher for DefaultDaemonConnection: socket connection from /127.0.0.1:52781 to /127.0.0.1:52782" [_thread_blocked, id=1916, stack(0x000000cb42000000,0x000000cb42100000)]
  0x000001f897f0d000 JavaThread "Daemon worker" [_thread_in_vm, id=8072, stack(0x000000cb41f00000,0x000000cb42000000)]
  0x000001f8985bd000 JavaThread "Cancel handler" [_thread_blocked, id=21912, stack(0x000000cb41e00000,0x000000cb41f00000)]
  0x000001f89809e000 JavaThread "Handler for socket connection from /127.0.0.1:52781 to /127.0.0.1:52782" [_thread_in_native, id=23312, stack(0x000000cb41d00000,0x000000cb41e00000)]
  0x000001f8981f7800 JavaThread "Daemon" [_thread_blocked, id=3180, stack(0x000000cb41c00000,0x000000cb41d00000)]
  0x000001f897f8a000 JavaThread "Daemon periodic checks" [_thread_blocked, id=21376, stack(0x000000cb41b00000,0x000000cb41c00000)]
  0x000001f897f72000 JavaThread "Incoming local TCP Connector on port 52781" [_thread_in_native, id=14400, stack(0x000000cb41a00000,0x000000cb41b00000)]
  0x000001f8ff9c0000 JavaThread "Service Thread" daemon [_thread_blocked, id=17984, stack(0x000000cb41800000,0x000000cb41900000)]
  0x000001f8fe1b1000 JavaThread "C1 CompilerThread3" daemon [_thread_blocked, id=16612, stack(0x000000cb41700000,0x000000cb41800000)]
=>0x000001f8fe1ae000 JavaThread "C2 CompilerThread2" daemon [_thread_in_native, id=17240, stack(0x000000cb41600000,0x000000cb41700000)]
  0x000001f8fe1a2800 JavaThread "C2 CompilerThread1" daemon [_thread_in_native, id=19188, stack(0x000000cb41500000,0x000000cb41600000)]
  0x000001f8fe1a5800 JavaThread "C2 CompilerThread0" daemon [_thread_in_native, id=4044, stack(0x000000cb41400000,0x000000cb41500000)]
  0x000001f8fe19b000 JavaThread "Attach Listener" daemon [_thread_blocked, id=2572, stack(0x000000cb41300000,0x000000cb41400000)]
  0x000001f8fe19a000 JavaThread "Signal Dispatcher" daemon [_thread_blocked, id=23296, stack(0x000000cb41200000,0x000000cb41300000)]
  0x000001f8fe163800 JavaThread "Finalizer" daemon [_thread_blocked, id=15604, stack(0x000000cb41100000,0x000000cb41200000)]
  0x000001f8fe15b800 JavaThread "Reference Handler" daemon [_thread_blocked, id=22084, stack(0x000000cb41000000,0x000000cb41100000)]
  0x000001f8f95e6000 JavaThread "main" [_thread_blocked, id=12276, stack(0x000000cb40400000,0x000000cb40500000)]

Other Threads:
  0x000001f8fe132000 VMThread [stack: 0x000000cb40f00000,0x000000cb41000000] [id=15980]
  0x000001f8ff9d7000 WatcherThread [stack: 0x000000cb41900000,0x000000cb41a00000] [id=13772]

VM state:not at safepoint (normal execution)

VM Mutex/Monitor currently owned by a thread: None

heap address: 0x00000006c3600000, size: 4042 MB, Compressed Oops mode: Zero based, Oop shift amount: 3
Narrow klass base: 0x0000000000000000, Narrow klass shift: 3
Compressed class space size: 1073741824 Address: 0x00000007c0000000

Heap:
 PSYoungGen      total 137728K, used 67878K [0x000000076bd00000, 0x0000000777780000, 0x00000007c0000000)
  eden space 126976K, 45% used [0x000000076bd00000,0x000000076f4cfc98,0x0000000773900000)
  from space 10752K, 99% used [0x0000000773900000,0x0000000774379b90,0x0000000774380000)
  to   space 13312K, 0% used [0x0000000776a80000,0x0000000776a80000,0x0000000777780000)
 ParOldGen       total 106496K, used 10629K [0x00000006c3600000, 0x00000006c9e00000, 0x000000076bd00000)
  object space 106496K, 9% used [0x00000006c3600000,0x00000006c4061538,0x00000006c9e00000)
 Metaspace       used 33313K, capacity 33986K, committed 34176K, reserved 1079296K
  class space    used 4895K, capacity 5130K, committed 5248K, reserved 1048576K

Card table byte_map: [0x000001f8fb490000,0x000001f8fbc80000] byte_map_base: 0x000001f8f7e75000

Marking Bits: (ParMarkBitMap*) 0x0000000068d86830
 Begin Bits: [0x000001f88f000000, 0x000001f892f28000)
 End Bits:   [0x000001f892f28000, 0x000001f896e50000)

Polling page: 0x000001f8f98c0000

CodeCache: size=245760Kb used=11612Kb max_used=11612Kb free=234148Kb
 bounds [0x000001f880000000, 0x000001f880b60000, 0x000001f88f000000]
 total_blobs=3500 nmethods=2804 adapters=607
 compilation: enabled

Compilation events (10 events):
Event: 2.708 Thread 0x000001f8fe1b1000 2818       1       groovy.lang.Closure::getDelegate (5 bytes)
Event: 2.708 Thread 0x000001f8fe1b1000 nmethod 2818 0x000001f880b59d50 code [0x000001f880b59ea0, 0x000001f880b59fb8]
Event: 2.708 Thread 0x000001f8fe1b1000 2819       3       sun.reflect.AccessorGenerator::add (5 bytes)
Event: 2.708 Thread 0x000001f8fe1b1000 nmethod 2819 0x000001f880b5a010 code [0x000001f880b5a160, 0x000001f880b5a2b8]
Event: 2.709 Thread 0x000001f8fe1b1000 2820       1       java.util.Arrays$ArrayList::get (7 bytes)
Event: 2.709 Thread 0x000001f8fe1b1000 nmethod 2820 0x000001f880b5a350 code [0x000001f880b5a4a0, 0x000001f880b5a5d8]
Event: 2.709 Thread 0x000001f8fe1b1000 2821       3       sun.reflect.AccessorGenerator::getClassName (184 bytes)
Event: 2.710 Thread 0x000001f8fe1b1000 nmethod 2821 0x000001f880b5a690 code [0x000001f880b5a9c0, 0x000001f880b5c410]
Event: 2.710 Thread 0x000001f8fe1b1000 2822       3       java.io.FileInputStream::read (8 bytes)
Event: 2.710 Thread 0x000001f8fe1b1000 nmethod 2822 0x000001f880b5cc10 code [0x000001f880b5cd80, 0x000001f880b5cf10]

GC Heap History (10 events):
Event: 1.222 GC heap before
{Heap before GC invocations=2 (full 0):
 PSYoungGen      total 75776K, used 72178K [0x000000076bd00000, 0x0000000771180000, 0x00000007c0000000)
  eden space 65024K, 100% used [0x000000076bd00000,0x000000076fc80000,0x000000076fc80000)
  from space 10752K, 66% used [0x000000076fc80000,0x000000077037c978,0x0000000770700000)
  to   space 10752K, 0% used [0x0000000770700000,0x0000000770700000,0x0000000771180000)
 ParOldGen       total 173568K, used 16K [0x00000006c3600000, 0x00000006cdf80000, 0x000000076bd00000)
  object space 173568K, 0% used [0x00000006c3600000,0x00000006c3604000,0x00000006cdf80000)
 Metaspace       used 15992K, capacity 16236K, committed 16384K, reserved 1062912K
  class space    used 2346K, capacity 2462K, committed 2560K, reserved 1048576K
Event: 1.228 GC heap after
Heap after GC invocations=2 (full 0):
 PSYoungGen      total 75776K, used 10389K [0x000000076bd00000, 0x0000000771180000, 0x00000007c0000000)
  eden space 65024K, 0% used [0x000000076bd00000,0x000000076bd00000,0x000000076fc80000)
  from space 10752K, 96% used [0x0000000770700000,0x0000000771125490,0x0000000771180000)
  to   space 10752K, 0% used [0x000000076fc80000,0x000000076fc80000,0x0000000770700000)
 ParOldGen       total 173568K, used 24K [0x00000006c3600000, 0x00000006cdf80000, 0x000000076bd00000)
  object space 173568K, 0% used [0x00000006c3600000,0x00000006c3606000,0x00000006cdf80000)
 Metaspace       used 15992K, capacity 16236K, committed 16384K, reserved 1062912K
  class space    used 2346K, capacity 2462K, committed 2560K, reserved 1048576K
}
Event: 1.423 GC heap before
{Heap before GC invocations=3 (full 0):
 PSYoungGen      total 75776K, used 42473K [0x000000076bd00000, 0x0000000771180000, 0x00000007c0000000)
  eden space 65024K, 49% used [0x000000076bd00000,0x000000076dc54fc8,0x000000076fc80000)
  from space 10752K, 96% used [0x0000000770700000,0x0000000771125490,0x0000000771180000)
  to   space 10752K, 0% used [0x000000076fc80000,0x000000076fc80000,0x0000000770700000)
 ParOldGen       total 173568K, used 24K [0x00000006c3600000, 0x00000006cdf80000, 0x000000076bd00000)
  object space 173568K, 0% used [0x00000006c3600000,0x00000006c3606000,0x00000006cdf80000)
 Metaspace       used 20793K, capacity 21112K, committed 21296K, reserved 1067008K
  class space    used 2972K, capacity 3105K, committed 3200K, reserved 1048576K
Event: 1.429 GC heap after
Heap after GC invocations=3 (full 0):
 PSYoungGen      total 75776K, used 9820K [0x000000076bd00000, 0x0000000775100000, 0x00000007c0000000)
  eden space 65024K, 0% used [0x000000076bd00000,0x000000076bd00000,0x000000076fc80000)
  from space 10752K, 91% used [0x000000076fc80000,0x0000000770617360,0x0000000770700000)
  to   space 10752K, 0% used [0x0000000774680000,0x0000000774680000,0x0000000775100000)
 ParOldGen       total 173568K, used 32K [0x00000006c3600000, 0x00000006cdf80000, 0x000000076bd00000)
  object space 173568K, 0% used [0x00000006c3600000,0x00000006c3608000,0x00000006cdf80000)
 Metaspace       used 20793K, capacity 21112K, committed 21296K, reserved 1067008K
  class space    used 2972K, capacity 3105K, committed 3200K, reserved 1048576K
}
Event: 1.429 GC heap before
{Heap before GC invocations=4 (full 1):
 PSYoungGen      total 75776K, used 9820K [0x000000076bd00000, 0x0000000775100000, 0x00000007c0000000)
  eden space 65024K, 0% used [0x000000076bd00000,0x000000076bd00000,0x000000076fc80000)
  from space 10752K, 91% used [0x000000076fc80000,0x0000000770617360,0x0000000770700000)
  to   space 10752K, 0% used [0x0000000774680000,0x0000000774680000,0x0000000775100000)
 ParOldGen       total 173568K, used 32K [0x00000006c3600000, 0x00000006cdf80000, 0x000000076bd00000)
  object space 173568K, 0% used [0x00000006c3600000,0x00000006c3608000,0x00000006cdf80000)
 Metaspace       used 20793K, capacity 21112K, committed 21296K, reserved 1067008K
  class space    used 2972K, capacity 3105K, committed 3200K, reserved 1048576K
Event: 1.448 GC heap after
Heap after GC invocations=4 (full 1):
 PSYoungGen      total 75776K, used 0K [0x000000076bd00000, 0x0000000775100000, 0x00000007c0000000)
  eden space 65024K, 0% used [0x000000076bd00000,0x000000076bd00000,0x000000076fc80000)
  from space 10752K, 0% used [0x000000076fc80000,0x000000076fc80000,0x0000000770700000)
  to   space 10752K, 0% used [0x0000000774680000,0x0000000774680000,0x0000000775100000)
 ParOldGen       total 106496K, used 9390K [0x00000006c3600000, 0x00000006c9e00000, 0x000000076bd00000)
  object space 106496K, 8% used [0x00000006c3600000,0x00000006c3f2b858,0x00000006c9e00000)
 Metaspace       used 20793K, capacity 21112K, committed 21296K, reserved 1067008K
  class space    used 2972K, capacity 3105K, committed 3200K, reserved 1048576K
}
Event: 1.860 GC heap before
{Heap before GC invocations=5 (full 1):
 PSYoungGen      total 75776K, used 65024K [0x000000076bd00000, 0x0000000775100000, 0x00000007c0000000)
  eden space 65024K, 100% used [0x000000076bd00000,0x000000076fc80000,0x000000076fc80000)
  from space 10752K, 0% used [0x000000076fc80000,0x000000076fc80000,0x0000000770700000)
  to   space 10752K, 0% used [0x0000000774680000,0x0000000774680000,0x0000000775100000)
 ParOldGen       total 106496K, used 9390K [0x00000006c3600000, 0x00000006c9e00000, 0x000000076bd00000)
  object space 106496K, 8% used [0x00000006c3600000,0x00000006c3f2b858,0x00000006c9e00000)
 Metaspace       used 26492K, capacity 26868K, committed 27136K, reserved 1073152K
  class space    used 3682K, capacity 3780K, committed 3840K, reserved 1048576K
Event: 1.870 GC heap after
Heap after GC invocations=5 (full 1):
 PSYoungGen      total 109056K, used 7257K [0x000000076bd00000, 0x0000000774e00000, 0x00000007c0000000)
  eden space 101376K, 0% used [0x000000076bd00000,0x000000076bd00000,0x0000000772000000)
  from space 7680K, 94% used [0x0000000774680000,0x0000000774d96790,0x0000000774e00000)
  to   space 10752K, 0% used [0x0000000773900000,0x0000000773900000,0x0000000774380000)
 ParOldGen       total 106496K, used 9398K [0x00000006c3600000, 0x00000006c9e00000, 0x000000076bd00000)
  object space 106496K, 8% used [0x00000006c3600000,0x00000006c3f2d858,0x00000006c9e00000)
 Metaspace       used 26492K, capacity 26868K, committed 27136K, reserved 1073152K
  class space    used 3682K, capacity 3780K, committed 3840K, reserved 1048576K
}
Event: 2.444 GC heap before
{Heap before GC invocations=6 (full 1):
 PSYoungGen      total 109056K, used 108633K [0x000000076bd00000, 0x0000000774e00000, 0x00000007c0000000)
  eden space 101376K, 100% used [0x000000076bd00000,0x0000000772000000,0x0000000772000000)
  from space 7680K, 94% used [0x0000000774680000,0x0000000774d96790,0x0000000774e00000)
  to   space 10752K, 0% used [0x0000000773900000,0x0000000773900000,0x0000000774380000)
 ParOldGen       total 106496K, used 9398K [0x00000006c3600000, 0x00000006c9e00000, 0x000000076bd00000)
  object space 106496K, 8% used [0x00000006c3600000,0x00000006c3f2d858,0x00000006c9e00000)
 Metaspace       used 31683K, capacity 32270K, committed 32512K, reserved 1077248K
  class space    used 4614K, capacity 4828K, committed 4864K, reserved 1048576K
Event: 2.465 GC heap after
Heap after GC invocations=6 (full 1):
 PSYoungGen      total 137728K, used 10726K [0x000000076bd00000, 0x0000000777780000, 0x00000007c0000000)
  eden space 126976K, 0% used [0x000000076bd00000,0x000000076bd00000,0x0000000773900000)
  from space 10752K, 99% used [0x0000000773900000,0x0000000774379b90,0x0000000774380000)
  to   space 13312K, 0% used [0x0000000776a80000,0x0000000776a80000,0x0000000777780000)
 ParOldGen       total 106496K, used 10629K [0x00000006c3600000, 0x00000006c9e00000, 0x000000076bd00000)
  object space 106496K, 9% used [0x00000006c3600000,0x00000006c4061538,0x00000006c9e00000)
 Metaspace       used 31683K, capacity 32270K, committed 32512K, reserved 1077248K
  class space    used 4614K, capacity 4828K, committed 4864K, reserved 1048576K
}

Deoptimization events (10 events):
Event: 2.399 Thread 0x000001f897f0d000 Uncommon trap: reason=bimorphic action=maybe_recompile pc=0x000001f8809063a0 method=java.lang.ClassLoader.getPackage(Ljava/lang/String;)Ljava/lang/Package; @ 47
Event: 2.399 Thread 0x000001f897f0d000 Uncommon trap: reason=bimorphic action=maybe_recompile pc=0x000001f8809063a0 method=java.lang.ClassLoader.getPackage(Ljava/lang/String;)Ljava/lang/Package; @ 47
Event: 2.399 Thread 0x000001f897f0d000 Uncommon trap: reason=bimorphic action=maybe_recompile pc=0x000001f8809063a0 method=java.lang.ClassLoader.getPackage(Ljava/lang/String;)Ljava/lang/Package; @ 47
Event: 2.485 Thread 0x000001f897f0d000 Uncommon trap: reason=class_check action=maybe_recompile pc=0x000001f8807d6140 method=org.codehaus.groovy.runtime.metaclass.MetaMethodIndex.addMethodToList(Ljava/lang/Object;Lgroovy/lang/MetaMethod;)Ljava/lang/Object; @ 220
Event: 2.485 Thread 0x000001f897f0d000 Uncommon trap: reason=class_check action=maybe_recompile pc=0x000001f8807d6140 method=org.codehaus.groovy.runtime.metaclass.MetaMethodIndex.addMethodToList(Ljava/lang/Object;Lgroovy/lang/MetaMethod;)Ljava/lang/Object; @ 220
Event: 2.500 Thread 0x000001f897f0d000 Uncommon trap: reason=class_check action=maybe_recompile pc=0x000001f880a81568 method=org.codehaus.groovy.runtime.metaclass.MetaMethodIndex.addMethodToList(Ljava/lang/Object;Lgroovy/lang/MetaMethod;)Ljava/lang/Object; @ 230
Event: 2.500 Thread 0x000001f897f0d000 Uncommon trap: reason=class_check action=maybe_recompile pc=0x000001f880a81568 method=org.codehaus.groovy.runtime.metaclass.MetaMethodIndex.addMethodToList(Ljava/lang/Object;Lgroovy/lang/MetaMethod;)Ljava/lang/Object; @ 230
Event: 2.507 Thread 0x000001f897f0d000 Uncommon trap: reason=unstable_if action=reinterpret pc=0x000001f8809cd504 method=org.codehaus.groovy.reflection.CachedMethod.compareToMethod(Ljava/lang/reflect/Method;)I @ 71
Event: 2.517 Thread 0x000001f897f0d000 Uncommon trap: reason=unstable_if action=reinterpret pc=0x000001f880a9b828 method=groovy.lang.MetaClassImpl.filterPropertyMethod(Ljava/lang/Object;ZZ)Ljava/lang/Object; @ 187
Event: 2.518 Thread 0x000001f897f0d000 Uncommon trap: reason=unstable_if action=reinterpret pc=0x000001f880a6e974 method=groovy.lang.MetaClassImpl.checkIfStdMethod(Lgroovy/lang/MetaMethod;)V @ 55

Classes redefined (0 events):
No events

Internal exceptions (10 events):
Event: 2.677 Thread 0x000001f897f0d000 Exception <a 'java/lang/reflect/InvocationTargetException'> (0x000000076f0eb3d0) thrown at [C:\wsjdk\Corretto8Src\installers\windows\zip\corretto-build\buildRoot\hotspot\src\share\vm\runtime\reflection.cpp, line 1092]
Event: 2.680 Thread 0x000001f897f0d000 Exception <a 'java/lang/reflect/InvocationTargetException'> (0x000000076f120fd8) thrown at [C:\wsjdk\Corretto8Src\installers\windows\zip\corretto-build\buildRoot\hotspot\src\share\vm\runtime\reflection.cpp, line 1092]
Event: 2.683 Thread 0x000001f897f0d000 Exception <a 'java/lang/reflect/InvocationTargetException'> (0x000000076f156bc8) thrown at [C:\wsjdk\Corretto8Src\installers\windows\zip\corretto-build\buildRoot\hotspot\src\share\vm\runtime\reflection.cpp, line 1092]
Event: 2.687 Thread 0x000001f897f0d000 Exception <a 'java/lang/reflect/InvocationTargetException'> (0x000000076f18c7b8) thrown at [C:\wsjdk\Corretto8Src\installers\windows\zip\corretto-build\buildRoot\hotspot\src\share\vm\runtime\reflection.cpp, line 1092]
Event: 2.690 Thread 0x000001f897f0d000 Exception <a 'java/lang/reflect/InvocationTargetException'> (0x000000076f1c24c8) thrown at [C:\wsjdk\Corretto8Src\installers\windows\zip\corretto-build\buildRoot\hotspot\src\share\vm\runtime\reflection.cpp, line 1092]
Event: 2.693 Thread 0x000001f897f0d000 Exception <a 'java/lang/reflect/InvocationTargetException'> (0x000000076f1f8138) thrown at [C:\wsjdk\Corretto8Src\installers\windows\zip\corretto-build\buildRoot\hotspot\src\share\vm\runtime\reflection.cpp, line 1092]
Event: 2.696 Thread 0x000001f897f0d000 Exception <a 'java/lang/reflect/InvocationTargetException'> (0x000000076f22dd38) thrown at [C:\wsjdk\Corretto8Src\installers\windows\zip\corretto-build\buildRoot\hotspot\src\share\vm\runtime\reflection.cpp, line 1092]
Event: 2.699 Thread 0x000001f897f0d000 Exception <a 'java/lang/reflect/InvocationTargetException'> (0x000000076f263938) thrown at [C:\wsjdk\Corretto8Src\installers\windows\zip\corretto-build\buildRoot\hotspot\src\share\vm\runtime\reflection.cpp, line 1092]
Event: 2.702 Thread 0x000001f897f0d000 Exception <a 'java/lang/reflect/InvocationTargetException'> (0x000000076f299540) thrown at [C:\wsjdk\Corretto8Src\installers\windows\zip\corretto-build\buildRoot\hotspot\src\share\vm\runtime\reflection.cpp, line 1092]
Event: 2.705 Thread 0x000001f897f0d000 Exception <a 'java/lang/reflect/InvocationTargetException'> (0x000000076f2d3790) thrown at [C:\wsjdk\Corretto8Src\installers\windows\zip\corretto-build\buildRoot\hotspot\src\share\vm\runtime\reflection.cpp, line 1092]

Events (10 events):
Event: 2.700 loading class groovy/runtime/metaclass/build_7722y98sdref3xaf39upvk2gv$_run_closure21MetaClass
Event: 2.700 loading class groovy/runtime/metaclass/build_7722y98sdref3xaf39upvk2gv$_run_closure21MetaClass done
Event: 2.702 loading class groovy/runtime/metaclass/build_7722y98sdref3xaf39upvk2gv$_run_closure21$_closure83MetaClass
Event: 2.702 loading class groovy/runtime/metaclass/build_7722y98sdref3xaf39upvk2gv$_run_closure21$_closure83MetaClass done
Event: 2.703 loading class groovy/runtime/metaclass/build_7722y98sdref3xaf39upvk2gv$_run_closure22MetaClass
Event: 2.703 loading class groovy/runtime/metaclass/build_7722y98sdref3xaf39upvk2gv$_run_closure22MetaClass done
Event: 2.705 loading class groovy/runtime/metaclass/build_7722y98sdref3xaf39upvk2gv$_run_closure22$_closure84MetaClass
Event: 2.705 loading class groovy/runtime/metaclass/build_7722y98sdref3xaf39upvk2gv$_run_closure22$_closure84MetaClass done
Event: 2.706 loading class groovy/runtime/metaclass/build_7722y98sdref3xaf39upvk2gv$_run_closure23MetaClass
Event: 2.706 loading class groovy/runtime/metaclass/build_7722y98sdref3xaf39upvk2gv$_run_closure23MetaClass done


Dynamic libraries:
0x00007ff776610000 - 0x00007ff77664a000 	C:\Users\sereg\.jdks\corretto-1.8.0_362\bin\java.exe
0x00007fffb4eb0000 - 0x00007fffb50c4000 	C:\WINDOWS\SYSTEM32\ntdll.dll
0x00007fffb3740000 - 0x00007fffb3802000 	C:\WINDOWS\System32\KERNEL32.DLL
0x00007fffb2810000 - 0x00007fffb2bb3000 	C:\WINDOWS\System32\KERNELBASE.dll
0x00007fffb39c0000 - 0x00007fffb3a6e000 	C:\WINDOWS\System32\ADVAPI32.dll
0x00007fffb3d50000 - 0x00007fffb3df7000 	C:\WINDOWS\System32\msvcrt.dll
0x00007fffb4310000 - 0x00007fffb43b4000 	C:\WINDOWS\System32\sechost.dll
0x00007fffb41f0000 - 0x00007fffb4307000 	C:\WINDOWS\System32\RPCRT4.dll
0x00007fffb4040000 - 0x00007fffb41eb000 	C:\WINDOWS\System32\USER32.dll
0x00007fffb2bc0000 - 0x00007fffb2be6000 	C:\WINDOWS\System32\win32u.dll
0x00007fffb3710000 - 0x00007fffb3739000 	C:\WINDOWS\System32\GDI32.dll
0x00007fffb23d0000 - 0x00007fffb24e9000 	C:\WINDOWS\System32\gdi32full.dll
0x00007fffb2bf0000 - 0x00007fffb2c8a000 	C:\WINDOWS\System32\msvcp_win.dll
0x00007fffb22b0000 - 0x00007fffb23c1000 	C:\WINDOWS\System32\ucrtbase.dll
0x00007fffb1600000 - 0x00007fffb188e000 	C:\WINDOWS\WinSxS\amd64_microsoft.windows.common-controls_6595b64144ccf1df_6.0.22621.1635_none_270f70857386168e\COMCTL32.dll
0x00007fffb3e00000 - 0x00007fffb3e31000 	C:\WINDOWS\System32\IMM32.DLL
0x00007fff66aa0000 - 0x00007fff66b8f000 	C:\Users\sereg\.jdks\corretto-1.8.0_362\jre\bin\msvcr120.dll
0x00007fff6bb00000 - 0x00007fff6bba6000 	C:\Users\sereg\.jdks\corretto-1.8.0_362\jre\bin\msvcp120.dll
0x0000000068590000 - 0x0000000068e05000 	C:\Users\sereg\.jdks\corretto-1.8.0_362\jre\bin\server\jvm.dll
0x00007fffb3570000 - 0x00007fffb3578000 	C:\WINDOWS\System32\PSAPI.DLL
0x00007fff8b2d0000 - 0x00007fff8b2d9000 	C:\WINDOWS\SYSTEM32\WSOCK32.dll
0x00007fffa94e0000 - 0x00007fffa9514000 	C:\WINDOWS\SYSTEM32\WINMM.dll
0x00007fffb0bc0000 - 0x00007fffb0bca000 	C:\WINDOWS\SYSTEM32\VERSION.dll
0x00007fffb3890000 - 0x00007fffb3901000 	C:\WINDOWS\System32\WS2_32.dll
0x00007fffabd70000 - 0x00007fffabd7f000 	C:\Users\sereg\.jdks\corretto-1.8.0_362\jre\bin\verify.dll
0x00007fffaaef0000 - 0x00007fffaaf19000 	C:\Users\sereg\.jdks\corretto-1.8.0_362\jre\bin\java.dll
0x00007fffa3fb0000 - 0x00007fffa3fc6000 	C:\Users\sereg\.jdks\corretto-1.8.0_362\jre\bin\zip.dll
0x00007fffb2ce0000 - 0x00007fffb34da000 	C:\WINDOWS\System32\SHELL32.dll
0x00007fffaf360000 - 0x00007fffafc2e000 	C:\WINDOWS\SYSTEM32\windows.storage.dll
0x00007fffb4580000 - 0x00007fffb4909000 	C:\WINDOWS\System32\combase.dll
0x00007fffaf220000 - 0x00007fffaf35e000 	C:\WINDOWS\SYSTEM32\wintypes.dll
0x00007fffb3610000 - 0x00007fffb3701000 	C:\WINDOWS\System32\SHCORE.dll
0x00007fffb3e40000 - 0x00007fffb3e9e000 	C:\WINDOWS\System32\shlwapi.dll
0x00007fffb21e0000 - 0x00007fffb2201000 	C:\WINDOWS\SYSTEM32\profapi.dll
0x00007fffa2b10000 - 0x00007fffa2b2a000 	C:\Users\sereg\.jdks\corretto-1.8.0_362\jre\bin\net.dll
0x00007fffb0800000 - 0x00007fffb0869000 	C:\WINDOWS\system32\mswsock.dll
0x00007fffab440000 - 0x00007fffab452000 	C:\Users\sereg\.jdks\corretto-1.8.0_362\jre\bin\nio.dll
0x00007fffb0e70000 - 0x00007fffb0e8e000 	C:\Users\sereg\.gradle\native\25\windows-amd64\native-platform.dll
0x00007fffb0e90000 - 0x00007fffb0e9d000 	C:\Users\sereg\.jdks\corretto-1.8.0_362\jre\bin\management.dll
0x00007fffb1f50000 - 0x00007fffb1f6b000 	C:\WINDOWS\SYSTEM32\CRYPTSP.dll
0x00007fffb03a0000 - 0x00007fffb03d5000 	C:\WINDOWS\system32\rsaenh.dll
0x00007fffb08a0000 - 0x00007fffb08c8000 	C:\WINDOWS\SYSTEM32\USERENV.dll
0x00007fffb1ae0000 - 0x00007fffb1b08000 	C:\WINDOWS\SYSTEM32\bcrypt.dll
0x00007fffb2620000 - 0x00007fffb269b000 	C:\WINDOWS\System32\bcryptprimitives.dll
0x00007fffb0b00000 - 0x00007fffb0b0c000 	C:\WINDOWS\SYSTEM32\CRYPTBASE.dll
0x00007fffaff00000 - 0x00007fffaff2d000 	C:\WINDOWS\SYSTEM32\IPHLPAPI.DLL
0x00007fffb4030000 - 0x00007fffb4039000 	C:\WINDOWS\System32\NSI.dll
0x00007fffa9490000 - 0x00007fffa94a9000 	C:\WINDOWS\SYSTEM32\dhcpcsvc6.DLL
0x00007fffa9420000 - 0x00007fffa943f000 	C:\WINDOWS\SYSTEM32\dhcpcsvc.DLL
0x00007fffaff70000 - 0x00007fffb0063000 	C:\WINDOWS\SYSTEM32\DNSAPI.dll

VM Arguments:
jvm_args: -Dfile.encoding=UTF-8 -Duser.country=RU -Duser.language=ru -Duser.variant 
java_command: org.gradle.launcher.daemon.bootstrap.GradleDaemon 4.8.1
java_class_path (initial): C:\Users\sereg\.gradle\wrapper\dists\gradle-4.8.1-bin\e8p42vx1m7a3mz9ydmjagn6wn\gradle-4.8.1\lib\gradle-launcher-4.8.1.jar
Launcher Type: SUN_STANDARD

Environment Variables:
JAVA_HOME=C:\Program Files\Java\jdk-11.0.17
PATH=C:\Program Files (x86)\NVIDIA Corporation\PhysX\Common;C:\Program Files\Common Files\Oracle\Java\javapath;C:\Users\sereg\AppData\Local\Programs\Python\Python311\Scripts\;C:\Users\sereg\AppData\Local\Programs\Python\Python311\;C:\WINDOWS\system32\config\systemprofile\AppData\Local\Microsoft\WindowsApps;C:\Program Files\Gradle\gradle-4.8.1\bin;C:\Program Files\Java\jdk-11.0.17\bin;D:\Jmeter\apache-jmeter-5.5\bin;C:\Windows\System32;C:\Program Files\Docker\Docker\resources\bin;C:\Program Files\MySQL\MySQL Utilities 1.6\;C:\ProgramData\chocolatey\bin;C:\Program Files\OpenSSL\bin;;C:\Program Files\NVIDIA Corporation\NVIDIA NvDLISR;C:\Program Files\MySQL\MySQL Shell 8.0\bin\;C:\Users\sereg\AppData\Local\Programs\Python\Python311\Scripts\;C:\Users\sereg\AppData\Local\Programs\Python\Python311\;C:\Users\sereg\AppData\Local\Microsoft\WindowsApps;C:\Program Files\Gradle\gradle-4.8.1\bin;C:\Program Files\Java\jdk-11.0.17\bin;D:\Jmeter\apache-jmeter-5.5\bin;C:\Windows\System32;C:\Program Files\Docker\Docker\resources\bin;C:\Program Files\OpenSSL\bin;
USERNAME=sereg
OS=Windows_NT
PROCESSOR_IDENTIFIER=Intel64 Family 6 Model 141 Stepping 1, GenuineIntel



---------------  S Y S T E M  ---------------

OS: Windows 11 , 64 bit Build 22621 (10.0.22621.1778)

CPU:total 12 (initial active 12) (6 cores per cpu, 2 threads per core) family 6 model 141 stepping 1, cmov, cx8, fxsr, mmx, sse, sse2, sse3, ssse3, sse4.1, sse4.2, popcnt, avx, avx2, aes, clmul, erms, 3dnowpref, lzcnt, ht, tsc, tscinvbit, bmi1, bmi2, adx

Memory: 4k page, physical 16551224k(715732k free), swap 40567988k(5976k free)

vm_info: OpenJDK 64-Bit Server VM (25.362-b08) for windows-amd64 JRE (1.8.0_362-b08), built on Jan 13 2023 13:30:12 by "Administrator" with MS VC++ 12.0 (VS2013)

time: Mon Jun 19 16:05:14 2023
timezone: RTZ 2 (зима)
elapsed time: 2.714364 seconds (0d 0h 0m 2s)

