#
# There is insufficient memory for the Java Runtime Environment to continue.
# Native memory allocation (malloc) failed to allocate 2000336 bytes for Chunk::new
# Possible reasons:
#   The system is out of physical RAM or swap space
#   The process is running with CompressedOops enabled, and the Java Heap may be blocking the growth of the native heap
# Possible solutions:
#   Reduce memory load on the system
#   Increase physical memory or swap space
#   Check if swap backing store is full
#   Decrease Java heap size (-Xmx/-Xms)
#   Decrease number of Java threads
#   Decrease Java thread stack sizes (-Xss)
#   Set larger code cache with -XX:ReservedCodeCacheSize=
#   JVM is running with Zero Based Compressed Oops mode in which the Java heap is
#     placed in the first 32GB address space. The Java Heap base address is the
#     maximum limit for the native heap growth. Please use -XX:HeapBaseMinAddress
#     to set the Java Heap base and to place the Java Heap above 32GB virtual address.
# This output file may be truncated or incomplete.
#
#  Out of Memory Error (allocation.cpp:389), pid=16784, tid=0x0000000000002c0c
#
# JRE version: OpenJDK Runtime Environment (8.0_362-b08) (build 1.8.0_362-b08)
# Java VM: OpenJDK 64-Bit Server VM (25.362-b08 mixed mode windows-amd64 compressed oops)
# Failed to write core dump. Minidumps are not enabled by default on client versions of Windows
#

---------------  T H R E A D  ---------------

Current thread (0x0000020b6d0b3000):  JavaThread "C2 CompilerThread1" daemon [_thread_in_native, id=11276, stack(0x000000addeb00000,0x000000addec00000)]

Stack: [0x000000addeb00000,0x000000addec00000]
[error occurred during error reporting (printing stack bounds), id 0xc0000005]

Native frames: (J=compiled Java code, j=interpreted, Vv=VM code, C=native code)


Current CompileTask:
C2:  10782 7039       4       org.aspectj.org.eclipse.jdt.internal.compiler.lookup.Scope$Substitutor::substitute (836 bytes)


---------------  P R O C E S S  ---------------

Java Threads: ( => current thread )
  0x0000020b70de3800 JavaThread "Build operations Thread 12" [_thread_blocked, id=9300, stack(0x000000ade1600000,0x000000ade1700000)]
  0x0000020b70ddb800 JavaThread "Build operations Thread 11" [_thread_blocked, id=19512, stack(0x000000ade1500000,0x000000ade1600000)]
  0x0000020b70de2800 JavaThread "Build operations Thread 10" [_thread_blocked, id=9972, stack(0x000000ade1400000,0x000000ade1500000)]
  0x0000020b70ddb000 JavaThread "Build operations Thread 9" [_thread_blocked, id=16808, stack(0x000000ade1300000,0x000000ade1400000)]
  0x0000020b70de2000 JavaThread "Build operations Thread 8" [_thread_blocked, id=18440, stack(0x000000ade1200000,0x000000ade1300000)]
  0x0000020b70dda000 JavaThread "Build operations Thread 7" [_thread_blocked, id=19848, stack(0x000000ade1100000,0x000000ade1200000)]
  0x0000020b70ddf000 JavaThread "Build operations Thread 6" [_thread_blocked, id=14080, stack(0x000000ade1000000,0x000000ade1100000)]
  0x0000020b70de1000 JavaThread "Build operations Thread 5" [_thread_blocked, id=13060, stack(0x000000ade0f00000,0x000000ade1000000)]
  0x0000020b70ddf800 JavaThread "Build operations Thread 4" [_thread_blocked, id=19628, stack(0x000000ade0e00000,0x000000ade0f00000)]
  0x0000020b70dd9800 JavaThread "Build operations Thread 3" [_thread_blocked, id=19988, stack(0x000000ade0d00000,0x000000ade0e00000)]
  0x0000020b70ddd000 JavaThread "Task worker for ':' Thread 11" [_thread_blocked, id=18108, stack(0x000000ade0c00000,0x000000ade0d00000)]
  0x0000020b70de0800 JavaThread "Task worker for ':' Thread 10" [_thread_blocked, id=16968, stack(0x000000ade0b00000,0x000000ade0c00000)]
  0x0000020b70dd7000 JavaThread "Task worker for ':' Thread 9" [_thread_blocked, id=9816, stack(0x000000ade0a00000,0x000000ade0b00000)]
  0x0000020b70dd8800 JavaThread "Task worker for ':' Thread 8" [_thread_blocked, id=15508, stack(0x000000ade0900000,0x000000ade0a00000)]
  0x0000020b70dd7800 JavaThread "Task worker for ':' Thread 7" [_thread_blocked, id=6716, stack(0x000000ade0800000,0x000000ade0900000)]
  0x0000020b70dde000 JavaThread "Task worker for ':' Thread 6" [_thread_blocked, id=12584, stack(0x000000ade0700000,0x000000ade0800000)]
  0x0000020b76151800 JavaThread "Task worker for ':' Thread 5" [_thread_blocked, id=18188, stack(0x000000ade0600000,0x000000ade0700000)]
  0x0000020b76150000 JavaThread "Task worker for ':' Thread 4" [_thread_blocked, id=16812, stack(0x000000ade0500000,0x000000ade0600000)]
  0x0000020b7614e800 JavaThread "Task worker for ':' Thread 3" [_thread_blocked, id=6516, stack(0x000000ade0400000,0x000000ade0500000)]
  0x0000020b7614f800 JavaThread "Task worker for ':' Thread 2" [_thread_blocked, id=14876, stack(0x000000ade0300000,0x000000ade0400000)]
  0x0000020b76155000 JavaThread "Task worker for ':'" [_thread_in_native, id=9412, stack(0x000000ade0200000,0x000000ade0300000)]
  0x0000020b76153800 JavaThread "Cache worker for Build Output Cleanup Cache (D:\GoodtMe\testit\Selenium\.gradle\buildOutputCleanup)" [_thread_blocked, id=1072, stack(0x000000ade0100000,0x000000ade0200000)]
  0x0000020b76152800 JavaThread "Cache worker for task history cache (D:\GoodtMe\testit\Selenium\.gradle\4.8.1\taskHistory)" [_thread_blocked, id=4848, stack(0x000000ade0000000,0x000000ade0100000)]
  0x0000020b7614e000 JavaThread "Cache worker for file content cache (D:\GoodtMe\testit\Selenium\.gradle\4.8.1\fileContent)" [_thread_blocked, id=1772, stack(0x000000addff00000,0x000000ade0000000)]
  0x0000020b76154000 JavaThread "Memory manager" [_thread_blocked, id=15672, stack(0x000000addfe00000,0x000000addff00000)]
  0x0000020b76151000 JavaThread "Build operations Thread 2" [_thread_blocked, id=16288, stack(0x000000addfd00000,0x000000addfe00000)]
  0x0000020b70e2f000 JavaThread "Build operations" [_thread_blocked, id=12128, stack(0x000000addfc00000,0x000000addfd00000)]
  0x0000020b70e34800 JavaThread "Cache worker for Artifact transforms cache (C:\Users\sereg\.gradle\caches\transforms-1)" [_thread_blocked, id=19352, stack(0x000000addfb00000,0x000000addfc00000)]
  0x0000020b70e34000 JavaThread "Cache worker for file hash cache (D:\GoodtMe\testit\Selenium\.gradle\4.8.1\fileHashes)" [_thread_blocked, id=10704, stack(0x000000addfa00000,0x000000addfb00000)]
  0x0000020b70e33000 JavaThread "Stdin handler" [_thread_blocked, id=7040, stack(0x000000addf700000,0x000000addf800000)]
  0x0000020b70e32800 JavaThread "Asynchronous log dispatcher for DefaultDaemonConnection: socket connection from /127.0.0.1:51244 to /127.0.0.1:51263" [_thread_blocked, id=16244, stack(0x000000addf600000,0x000000addf700000)]
  0x0000020b70e31800 JavaThread "Cancel handler" [_thread_blocked, id=17376, stack(0x000000addf400000,0x000000addf500000)]
  0x0000020b70e31000 JavaThread "Handler for socket connection from /127.0.0.1:51244 to /127.0.0.1:51263" [_thread_in_native, id=17212, stack(0x000000addf300000,0x000000addf400000)]
  0x0000020b7039e800 JavaThread "File lock request listener" [_thread_in_native, id=20440, stack(0x000000addf900000,0x000000addfa00000)]
  0x0000020b70282800 JavaThread "Cache worker for file hash cache (C:\Users\sereg\.gradle\caches\4.8.1\fileHashes)" [_thread_blocked, id=15252, stack(0x000000addf800000,0x000000addf900000)]
  0x0000020b6febb800 JavaThread "Daemon worker" [_thread_blocked, id=15944, stack(0x000000addf500000,0x000000addf600000)]
  0x0000020b70181800 JavaThread "Daemon" [_thread_blocked, id=19448, stack(0x000000addf200000,0x000000addf300000)]
  0x0000020b6fdf3000 JavaThread "Daemon periodic checks" [_thread_blocked, id=7092, stack(0x000000addf100000,0x000000addf200000)]
  0x0000020b6fe00800 JavaThread "Incoming local TCP Connector on port 51244" [_thread_in_native, id=19832, stack(0x000000addf000000,0x000000addf100000)]
  0x0000020b6e8a8000 JavaThread "Service Thread" daemon [_thread_blocked, id=19752, stack(0x000000addee00000,0x000000addef00000)]
  0x0000020b6d0ba000 JavaThread "C1 CompilerThread3" daemon [_thread_blocked, id=7240, stack(0x000000added00000,0x000000addee00000)]
  0x0000020b6d0b4000 JavaThread "C2 CompilerThread2" daemon [_thread_in_native, id=13876, stack(0x000000addec00000,0x000000added00000)]
=>0x0000020b6d0b3000 JavaThread "C2 CompilerThread1" daemon [_thread_in_native, id=11276, stack(0x000000addeb00000,0x000000addec00000)]
  0x0000020b6d0b1800 JavaThread "C2 CompilerThread0" daemon [_thread_in_native, id=15408, stack(0x000000addea00000,0x000000addeb00000)]
  0x0000020b6d09e000 JavaThread "Attach Listener" daemon [_thread_blocked, id=1224, stack(0x000000adde900000,0x000000addea00000)]
  0x0000020b6d09d800 JavaThread "Signal Dispatcher" daemon [_thread_blocked, id=19136, stack(0x000000adde800000,0x000000adde900000)]
  0x0000020b6d075800 JavaThread "Finalizer" daemon [_thread_blocked, id=5980, stack(0x000000adde700000,0x000000adde800000)]
  0x0000020b6d06a800 JavaThread "Reference Handler" daemon [_thread_blocked, id=19380, stack(0x000000adde600000,0x000000adde700000)]
  0x0000020b516d5800 JavaThread "main" [_thread_blocked, id=3148, stack(0x000000addda00000,0x000000adddb00000)]

Other Threads:
  0x0000020b6d042000 VMThread [stack: 0x000000adde500000,0x000000adde600000] [id=11968]
  0x0000020b6e8c2000 WatcherThread [stack: 0x000000addef00000,0x000000addf000000] [id=8240]

VM state:not at safepoint (normal execution)

VM Mutex/Monitor currently owned by a thread: None

heap address: 0x00000006c3600000, size: 4042 MB, Compressed Oops mode: Zero based, Oop shift amount: 3
Narrow klass base: 0x0000000000000000, Narrow klass shift: 3
Compressed class space size: 1073741824 Address: 0x00000007c0000000

Heap:
 PSYoungGen      total 251392K, used 114362K [0x000000076bd00000, 0x000000077da80000, 0x00000007c0000000)
  eden space 223232K, 38% used [0x000000076bd00000,0x0000000771131df8,0x0000000779700000)
  from space 28160K, 99% used [0x0000000779700000,0x000000077b27cc48,0x000000077b280000)
  to   space 20992K, 0% used [0x000000077b280000,0x000000077b280000,0x000000077c700000)
 ParOldGen       total 164352K, used 54908K [0x00000006c3600000, 0x00000006cd680000, 0x000000076bd00000)
  object space 164352K, 33% used [0x00000006c3600000,0x00000006c6b9f300,0x00000006cd680000)
 Metaspace       used 51715K, capacity 52528K, committed 52736K, reserved 1095680K
  class space    used 6548K, capacity 6853K, committed 6912K, reserved 1048576K

Card table byte_map: [0x0000020b62590000,0x0000020b62d80000] byte_map_base: 0x0000020b5ef75000

Marking Bits: (ParMarkBitMap*) 0x0000000069176830
 Begin Bits: [0x0000020b632d0000, 0x0000020b671f8000)
 End Bits:   [0x0000020b671f8000, 0x0000020b6b120000)

Polling page: 0x0000020b51990000

CodeCache: size=245760Kb used=27344Kb max_used=27346Kb free=218415Kb
 bounds [0x0000020b531d0000, 0x0000020b54cf0000, 0x0000020b621d0000]
 total_blobs=7692 nmethods=6920 adapters=682
 compilation: enabled

Compilation events (10 events):
Event: 10.765 Thread 0x0000020b6d0ba000 7727       2       java.util.concurrent.ArrayBlockingQueue::checkNotNull (13 bytes)
Event: 10.765 Thread 0x0000020b6d0ba000 nmethod 7727 0x0000020b5369c050 code [0x0000020b5369c1c0, 0x0000020b5369c390]
Event: 10.765 Thread 0x0000020b6d0ba000 7728       2       java.io.DataOutputStream::writeLong (118 bytes)
Event: 10.765 Thread 0x0000020b6d0ba000 nmethod 7728 0x0000020b53519610 code [0x0000020b53519780, 0x0000020b53519ab0]
Event: 10.766 Thread 0x0000020b6d0ba000 7729       2       java.util.concurrent.ArrayBlockingQueue::enqueue (53 bytes)
Event: 10.767 Thread 0x0000020b6d0ba000 nmethod 7729 0x0000020b53752410 code [0x0000020b537525a0, 0x0000020b537528f0]
Event: 10.767 Thread 0x0000020b6d0ba000 7730       2       java.util.concurrent.ArrayBlockingQueue::dequeue (75 bytes)
Event: 10.767 Thread 0x0000020b6d0ba000 nmethod 7730 0x0000020b540450d0 code [0x0000020b54045260, 0x0000020b540455c0]
Event: 10.767 Thread 0x0000020b6d0ba000 7731       2       org.apache.commons.collections.map.AbstractHashedMap::put (98 bytes)
Event: 10.768 Thread 0x0000020b6d0ba000 nmethod 7731 0x0000020b540610d0 code [0x0000020b54061280, 0x0000020b540615f0]

GC Heap History (10 events):
Event: 7.757 GC heap before
{Heap before GC invocations=7 (full 1):
 PSYoungGen      total 137728K, used 105088K [0x000000076bd00000, 0x0000000776b80000, 0x00000007c0000000)
  eden space 126976K, 74% used [0x000000076bd00000,0x0000000771921ef8,0x0000000773900000)
  from space 10752K, 99% used [0x0000000773900000,0x000000077437e270,0x0000000774380000)
  to   space 13312K, 0% used [0x0000000775e80000,0x0000000775e80000,0x0000000776b80000)
 ParOldGen       total 105984K, used 10426K [0x00000006c3600000, 0x00000006c9d80000, 0x000000076bd00000)
  object space 105984K, 9% used [0x00000006c3600000,0x00000006c402ea30,0x00000006c9d80000)
 Metaspace       used 34746K, capacity 35452K, committed 35496K, reserved 1079296K
  class space    used 5130K, capacity 5334K, committed 5376K, reserved 1048576K
Event: 7.763 GC heap after
Heap after GC invocations=7 (full 1):
 PSYoungGen      total 161792K, used 13307K [0x000000076bd00000, 0x0000000779400000, 0x00000007c0000000)
  eden space 148480K, 0% used [0x000000076bd00000,0x000000076bd00000,0x0000000774e00000)
  from space 13312K, 99% used [0x0000000775e80000,0x0000000776b7eea0,0x0000000776b80000)
  to   space 16896K, 0% used [0x0000000774e00000,0x0000000774e00000,0x0000000775e80000)
 ParOldGen       total 105984K, used 13717K [0x00000006c3600000, 0x00000006c9d80000, 0x000000076bd00000)
  object space 105984K, 12% used [0x00000006c3600000,0x00000006c43655e0,0x00000006c9d80000)
 Metaspace       used 34746K, capacity 35452K, committed 35496K, reserved 1079296K
  class space    used 5130K, capacity 5334K, committed 5376K, reserved 1048576K
}
Event: 7.764 GC heap before
{Heap before GC invocations=8 (full 2):
 PSYoungGen      total 161792K, used 13307K [0x000000076bd00000, 0x0000000779400000, 0x00000007c0000000)
  eden space 148480K, 0% used [0x000000076bd00000,0x000000076bd00000,0x0000000774e00000)
  from space 13312K, 99% used [0x0000000775e80000,0x0000000776b7eea0,0x0000000776b80000)
  to   space 16896K, 0% used [0x0000000774e00000,0x0000000774e00000,0x0000000775e80000)
 ParOldGen       total 105984K, used 13717K [0x00000006c3600000, 0x00000006c9d80000, 0x000000076bd00000)
  object space 105984K, 12% used [0x00000006c3600000,0x00000006c43655e0,0x00000006c9d80000)
 Metaspace       used 34746K, capacity 35452K, committed 35496K, reserved 1079296K
  class space    used 5130K, capacity 5334K, committed 5376K, reserved 1048576K
Event: 7.795 GC heap after
Heap after GC invocations=8 (full 2):
 PSYoungGen      total 161792K, used 0K [0x000000076bd00000, 0x0000000779400000, 0x00000007c0000000)
  eden space 148480K, 0% used [0x000000076bd00000,0x000000076bd00000,0x0000000774e00000)
  from space 13312K, 0% used [0x0000000775e80000,0x0000000775e80000,0x0000000776b80000)
  to   space 16896K, 0% used [0x0000000774e00000,0x0000000774e00000,0x0000000775e80000)
 ParOldGen       total 164352K, used 22539K [0x00000006c3600000, 0x00000006cd680000, 0x000000076bd00000)
  object space 164352K, 13% used [0x00000006c3600000,0x00000006c4c02d60,0x00000006cd680000)
 Metaspace       used 34746K, capacity 35452K, committed 35496K, reserved 1079296K
  class space    used 5130K, capacity 5334K, committed 5376K, reserved 1048576K
}
Event: 8.746 GC heap before
{Heap before GC invocations=9 (full 2):
 PSYoungGen      total 161792K, used 148480K [0x000000076bd00000, 0x0000000779400000, 0x00000007c0000000)
  eden space 148480K, 100% used [0x000000076bd00000,0x0000000774e00000,0x0000000774e00000)
  from space 13312K, 0% used [0x0000000775e80000,0x0000000775e80000,0x0000000776b80000)
  to   space 16896K, 0% used [0x0000000774e00000,0x0000000774e00000,0x0000000775e80000)
 ParOldGen       total 164352K, used 22539K [0x00000006c3600000, 0x00000006cd680000, 0x000000076bd00000)
  object space 164352K, 13% used [0x00000006c3600000,0x00000006c4c02d60,0x00000006cd680000)
 Metaspace       used 46368K, capacity 47194K, committed 47360K, reserved 1089536K
  class space    used 6277K, capacity 6592K, committed 6656K, reserved 1048576K
Event: 8.756 GC heap after
Heap after GC invocations=9 (full 2):
 PSYoungGen      total 165376K, used 16878K [0x000000076bd00000, 0x000000077c700000, 0x00000007c0000000)
  eden space 148480K, 0% used [0x000000076bd00000,0x000000076bd00000,0x0000000774e00000)
  from space 16896K, 99% used [0x0000000774e00000,0x0000000775e7b850,0x0000000775e80000)
  to   space 20992K, 0% used [0x000000077b280000,0x000000077b280000,0x000000077c700000)
 ParOldGen       total 164352K, used 26341K [0x00000006c3600000, 0x00000006cd680000, 0x000000076bd00000)
  object space 164352K, 16% used [0x00000006c3600000,0x00000006c4fb94f0,0x00000006cd680000)
 Metaspace       used 46368K, capacity 47194K, committed 47360K, reserved 1089536K
  class space    used 6277K, capacity 6592K, committed 6656K, reserved 1048576K
}
Event: 9.551 GC heap before
{Heap before GC invocations=10 (full 2):
 PSYoungGen      total 165376K, used 165358K [0x000000076bd00000, 0x000000077c700000, 0x00000007c0000000)
  eden space 148480K, 100% used [0x000000076bd00000,0x0000000774e00000,0x0000000774e00000)
  from space 16896K, 99% used [0x0000000774e00000,0x0000000775e7b850,0x0000000775e80000)
  to   space 20992K, 0% used [0x000000077b280000,0x000000077b280000,0x000000077c700000)
 ParOldGen       total 164352K, used 26341K [0x00000006c3600000, 0x00000006cd680000, 0x000000076bd00000)
  object space 164352K, 16% used [0x00000006c3600000,0x00000006c4fb94f0,0x00000006cd680000)
 Metaspace       used 50239K, capacity 51024K, committed 51200K, reserved 1093632K
  class space    used 6523K, capacity 6821K, committed 6912K, reserved 1048576K
Event: 9.565 GC heap after
Heap after GC invocations=10 (full 2):
 PSYoungGen      total 244224K, used 20972K [0x000000076bd00000, 0x000000077da80000, 0x00000007c0000000)
  eden space 223232K, 0% used [0x000000076bd00000,0x000000076bd00000,0x0000000779700000)
  from space 20992K, 99% used [0x000000077b280000,0x000000077c6fb338,0x000000077c700000)
  to   space 28160K, 0% used [0x0000000779700000,0x0000000779700000,0x000000077b280000)
 ParOldGen       total 164352K, used 36147K [0x00000006c3600000, 0x00000006cd680000, 0x000000076bd00000)
  object space 164352K, 21% used [0x00000006c3600000,0x00000006c594cef0,0x00000006cd680000)
 Metaspace       used 50239K, capacity 51024K, committed 51200K, reserved 1093632K
  class space    used 6523K, capacity 6821K, committed 6912K, reserved 1048576K
}
Event: 10.344 GC heap before
{Heap before GC invocations=11 (full 2):
 PSYoungGen      total 244224K, used 244204K [0x000000076bd00000, 0x000000077da80000, 0x00000007c0000000)
  eden space 223232K, 100% used [0x000000076bd00000,0x0000000779700000,0x0000000779700000)
  from space 20992K, 99% used [0x000000077b280000,0x000000077c6fb338,0x000000077c700000)
  to   space 28160K, 0% used [0x0000000779700000,0x0000000779700000,0x000000077b280000)
 ParOldGen       total 164352K, used 36147K [0x00000006c3600000, 0x00000006cd680000, 0x000000076bd00000)
  object space 164352K, 21% used [0x00000006c3600000,0x00000006c594cef0,0x00000006cd680000)
 Metaspace       used 51389K, capacity 52208K, committed 52480K, reserved 1095680K
  class space    used 6538K, capacity 6853K, committed 6912K, reserved 1048576K
Event: 10.367 GC heap after
Heap after GC invocations=11 (full 2):
 PSYoungGen      total 251392K, used 28147K [0x000000076bd00000, 0x000000077da80000, 0x00000007c0000000)
  eden space 223232K, 0% used [0x000000076bd00000,0x000000076bd00000,0x0000000779700000)
  from space 28160K, 99% used [0x0000000779700000,0x000000077b27cc48,0x000000077b280000)
  to   space 20992K, 0% used [0x000000077b280000,0x000000077b280000,0x000000077c700000)
 ParOldGen       total 164352K, used 54908K [0x00000006c3600000, 0x00000006cd680000, 0x000000076bd00000)
  object space 164352K, 33% used [0x00000006c3600000,0x00000006c6b9f300,0x00000006cd680000)
 Metaspace       used 51389K, capacity 52208K, committed 52480K, reserved 1095680K
  class space    used 6538K, capacity 6853K, committed 6912K, reserved 1048576K
}

Deoptimization events (10 events):
Event: 10.281 Thread 0x0000020b76155000 Uncommon trap: reason=unstable_if action=reinterpret pc=0x0000020b539b6a6c method=java.util.HashMap.putVal(ILjava/lang/Object;Ljava/lang/Object;ZZ)Ljava/lang/Object; @ 109
Event: 10.322 Thread 0x0000020b76155000 Uncommon trap: reason=unstable_if action=reinterpret pc=0x0000020b53497cc0 method=java.util.HashMap.resize()[Ljava/util/HashMap$Node; @ 206
Event: 10.329 Thread 0x0000020b76155000 Uncommon trap: reason=unstable_if action=reinterpret pc=0x0000020b53ac5c88 method=java.util.HashMap.getNode(ILjava/lang/Object;)Ljava/util/HashMap$Node; @ 84
Event: 10.411 Thread 0x0000020b76155000 Uncommon trap: reason=array_check action=maybe_recompile pc=0x0000020b54bfbbf8 method=java.util.AbstractCollection.toArray([Ljava/lang/Object;)[Ljava/lang/Object; @ 119
Event: 10.411 Thread 0x0000020b76155000 Uncommon trap: reason=array_check action=maybe_recompile pc=0x0000020b54bfbbf8 method=java.util.AbstractCollection.toArray([Ljava/lang/Object;)[Ljava/lang/Object; @ 119
Event: 10.414 Thread 0x0000020b76155000 Uncommon trap: reason=array_check action=maybe_recompile pc=0x0000020b54bfbbf8 method=java.util.AbstractCollection.toArray([Ljava/lang/Object;)[Ljava/lang/Object; @ 119
Event: 10.415 Thread 0x0000020b76155000 Uncommon trap: reason=array_check action=maybe_recompile pc=0x0000020b54bfbbf8 method=java.util.AbstractCollection.toArray([Ljava/lang/Object;)[Ljava/lang/Object; @ 119
Event: 10.445 Thread 0x0000020b76155000 Uncommon trap: reason=unstable_if action=reinterpret pc=0x0000020b54a594bc method=org.aspectj.org.eclipse.jdt.internal.compiler.lookup.Scope.getTypeOrPackage([CIZ)Lorg/aspectj/org/eclipse/jdt/internal/compiler/lookup/Binding; @ 911
Event: 10.595 Thread 0x0000020b76155000 Uncommon trap: reason=unstable_if action=reinterpret pc=0x0000020b54bbb1cc method=org.aspectj.org.eclipse.jdt.internal.compiler.lookup.BinaryTypeBinding.getTypeAnnotationWalker([Lorg/aspectj/org/eclipse/jdt/internal/compiler/env/IBinaryTypeAnnotation;I)Lo
Event: 10.687 Thread 0x0000020b76155000 Uncommon trap: reason=unstable_if action=reinterpret pc=0x0000020b54c9e458 method=org.aspectj.org.eclipse.jdt.internal.compiler.lookup.BoundSet.incorporate(Lorg/aspectj/org/eclipse/jdt/internal/compiler/lookup/InferenceContext18;[Lorg/aspectj/org/eclipse/

Classes redefined (0 events):
No events

Internal exceptions (10 events):
Event: 10.690 Thread 0x0000020b76155000 Implicit null exception at 0x0000020b54601aa0 to 0x0000020b54603ac8
Event: 10.690 Thread 0x0000020b76155000 Exception <a 'java/lang/NullPointerException'> (0x0000000770c40b80) thrown at [C:\wsjdk\Corretto8Src\installers\windows\zip\corretto-build\buildRoot\hotspot\src\share\vm\runtime\sharedRuntime.cpp, line 610]
Event: 10.690 Thread 0x0000020b76155000 Implicit null exception at 0x0000020b54601aa0 to 0x0000020b54603ac8
Event: 10.690 Thread 0x0000020b76155000 Exception <a 'java/lang/NullPointerException'> (0x0000000770c417c0) thrown at [C:\wsjdk\Corretto8Src\installers\windows\zip\corretto-build\buildRoot\hotspot\src\share\vm\runtime\sharedRuntime.cpp, line 610]
Event: 10.690 Thread 0x0000020b76155000 Implicit null exception at 0x0000020b54601aa0 to 0x0000020b54603ac8
Event: 10.690 Thread 0x0000020b76155000 Exception <a 'java/lang/NullPointerException'> (0x0000000770c42a10) thrown at [C:\wsjdk\Corretto8Src\installers\windows\zip\corretto-build\buildRoot\hotspot\src\share\vm\runtime\sharedRuntime.cpp, line 610]
Event: 10.690 Thread 0x0000020b76155000 Implicit null exception at 0x0000020b54601aa0 to 0x0000020b54603ac8
Event: 10.690 Thread 0x0000020b76155000 Exception <a 'java/lang/NullPointerException'> (0x0000000770c43958) thrown at [C:\wsjdk\Corretto8Src\installers\windows\zip\corretto-build\buildRoot\hotspot\src\share\vm\runtime\sharedRuntime.cpp, line 610]
Event: 10.690 Thread 0x0000020b76155000 Implicit null exception at 0x0000020b54601aa0 to 0x0000020b54603ac8
Event: 10.690 Thread 0x0000020b76155000 Exception <a 'java/lang/NullPointerException'> (0x0000000770c44890) thrown at [C:\wsjdk\Corretto8Src\installers\windows\zip\corretto-build\buildRoot\hotspot\src\share\vm\runtime\sharedRuntime.cpp, line 610]

Events (10 events):
Event: 10.716 loading class org/gradle/api/internal/changedetection/state/DefaultFileSystemSnapshotter$4
Event: 10.716 loading class org/gradle/api/internal/changedetection/state/DefaultFileSystemSnapshotter$4 done
Event: 10.719 loading class com/google/common/cache/RemovalNotification
Event: 10.719 loading class com/google/common/cache/RemovalNotification done
Event: 10.719 loading class org/gradle/cache/internal/AsyncCacheAccessDecoratedCache$2
Event: 10.719 loading class org/gradle/cache/internal/AsyncCacheAccessDecoratedCache$2 done
Event: 10.720 loading class org/gradle/cache/internal/DefaultMultiProcessSafePersistentIndexedCache$2
Event: 10.720 loading class org/gradle/cache/internal/DefaultMultiProcessSafePersistentIndexedCache$2 done
Event: 10.720 loading class org/gradle/cache/internal/btree/BTreePersistentIndexedCache$DataBlockUpdateResult
Event: 10.720 loading class org/gradle/cache/internal/btree/BTreePersistentIndexedCache$DataBlockUpdateResult done


Dynamic libraries:
0x00007ff6e3580000 - 0x00007ff6e35ba000 	C:\Users\sereg\.jdks\corretto-1.8.0_362\bin\java.exe
0x00007fffb7b10000 - 0x00007fffb7d24000 	C:\WINDOWS\SYSTEM32\ntdll.dll
0x00007fffb64c0000 - 0x00007fffb6582000 	C:\WINDOWS\System32\KERNEL32.DLL
0x00007fffb5400000 - 0x00007fffb57a3000 	C:\WINDOWS\System32\KERNELBASE.dll
0x00007fffb7460000 - 0x00007fffb750e000 	C:\WINDOWS\System32\ADVAPI32.dll
0x00007fffb6610000 - 0x00007fffb66b7000 	C:\WINDOWS\System32\msvcrt.dll
0x00007fffb7540000 - 0x00007fffb75e4000 	C:\WINDOWS\System32\sechost.dll
0x00007fffb7750000 - 0x00007fffb7867000 	C:\WINDOWS\System32\RPCRT4.dll
0x00007fffb7870000 - 0x00007fffb7a1b000 	C:\WINDOWS\System32\USER32.dll
0x00007fffb57b0000 - 0x00007fffb57d6000 	C:\WINDOWS\System32\win32u.dll
0x00007fffb7510000 - 0x00007fffb7539000 	C:\WINDOWS\System32\GDI32.dll
0x00007fffb5220000 - 0x00007fffb5339000 	C:\WINDOWS\System32\gdi32full.dll
0x00007fffb5850000 - 0x00007fffb58ea000 	C:\WINDOWS\System32\msvcp_win.dll
0x00007fffb4f90000 - 0x00007fffb50a1000 	C:\WINDOWS\System32\ucrtbase.dll
0x00007fff9e450000 - 0x00007fff9e6de000 	C:\WINDOWS\WinSxS\amd64_microsoft.windows.common-controls_6595b64144ccf1df_6.0.22621.1635_none_270f70857386168e\COMCTL32.dll
0x00007fffb7a90000 - 0x00007fffb7ac1000 	C:\WINDOWS\System32\IMM32.DLL
0x00007fff81c60000 - 0x00007fff81d4f000 	C:\Users\sereg\.jdks\corretto-1.8.0_362\jre\bin\msvcr120.dll
0x00007fff811d0000 - 0x00007fff81276000 	C:\Users\sereg\.jdks\corretto-1.8.0_362\jre\bin\msvcp120.dll
0x0000000068980000 - 0x00000000691f5000 	C:\Users\sereg\.jdks\corretto-1.8.0_362\jre\bin\server\jvm.dll
0x00007fffb6f70000 - 0x00007fffb6f78000 	C:\WINDOWS\System32\PSAPI.DLL
0x00007fffacce0000 - 0x00007fffacd14000 	C:\WINDOWS\SYSTEM32\WINMM.dll
0x00007fff8a640000 - 0x00007fff8a649000 	C:\WINDOWS\SYSTEM32\WSOCK32.dll
0x00007fffacbe0000 - 0x00007fffacbea000 	C:\WINDOWS\SYSTEM32\VERSION.dll
0x00007fffb6590000 - 0x00007fffb6601000 	C:\WINDOWS\System32\WS2_32.dll
0x00007fffaeac0000 - 0x00007fffaeacf000 	C:\Users\sereg\.jdks\corretto-1.8.0_362\jre\bin\verify.dll
0x00007fffa4930000 - 0x00007fffa4959000 	C:\Users\sereg\.jdks\corretto-1.8.0_362\jre\bin\java.dll
0x00007fffaa980000 - 0x00007fffaa996000 	C:\Users\sereg\.jdks\corretto-1.8.0_362\jre\bin\zip.dll
0x00007fffb5b20000 - 0x00007fffb631a000 	C:\WINDOWS\System32\SHELL32.dll
0x00007fffb2ed0000 - 0x00007fffb379e000 	C:\WINDOWS\SYSTEM32\windows.storage.dll
0x00007fffb6b20000 - 0x00007fffb6ea9000 	C:\WINDOWS\System32\combase.dll
0x00007fffb2d90000 - 0x00007fffb2ece000 	C:\WINDOWS\SYSTEM32\wintypes.dll
0x00007fffb5a20000 - 0x00007fffb5b11000 	C:\WINDOWS\System32\SHCORE.dll
0x00007fffb7660000 - 0x00007fffb76be000 	C:\WINDOWS\System32\shlwapi.dll
0x00007fffb4e40000 - 0x00007fffb4e61000 	C:\WINDOWS\SYSTEM32\profapi.dll
0x00007fffa6170000 - 0x00007fffa618a000 	C:\Users\sereg\.jdks\corretto-1.8.0_362\jre\bin\net.dll
0x00007fffb4470000 - 0x00007fffb44d9000 	C:\WINDOWS\system32\mswsock.dll
0x00007fffa6100000 - 0x00007fffa6112000 	C:\Users\sereg\.jdks\corretto-1.8.0_362\jre\bin\nio.dll
0x00007fffa4c10000 - 0x00007fffa4c2e000 	C:\Users\sereg\.gradle\native\25\windows-amd64\native-platform.dll
0x00007fffaeab0000 - 0x00007fffaeabd000 	C:\Users\sereg\.jdks\corretto-1.8.0_362\jre\bin\management.dll
0x00007fffb4790000 - 0x00007fffb47ab000 	C:\WINDOWS\SYSTEM32\CRYPTSP.dll
0x00007fffb3f80000 - 0x00007fffb3fb5000 	C:\WINDOWS\system32\rsaenh.dll
0x00007fffb4510000 - 0x00007fffb4538000 	C:\WINDOWS\SYSTEM32\USERENV.dll
0x00007fffb48c0000 - 0x00007fffb48e8000 	C:\WINDOWS\SYSTEM32\bcrypt.dll
0x00007fffb4f10000 - 0x00007fffb4f8b000 	C:\WINDOWS\System32\bcryptprimitives.dll
0x00007fffb4770000 - 0x00007fffb477c000 	C:\WINDOWS\SYSTEM32\CRYPTBASE.dll
0x00007fffb3a70000 - 0x00007fffb3a9d000 	C:\WINDOWS\SYSTEM32\IPHLPAPI.DLL
0x00007fffb6f60000 - 0x00007fffb6f69000 	C:\WINDOWS\System32\NSI.dll
0x00007fffac930000 - 0x00007fffac949000 	C:\WINDOWS\SYSTEM32\dhcpcsvc6.DLL
0x00007fffac910000 - 0x00007fffac92f000 	C:\WINDOWS\SYSTEM32\dhcpcsvc.DLL
0x00007fffb3aa0000 - 0x00007fffb3b93000 	C:\WINDOWS\SYSTEM32\DNSAPI.dll

VM Arguments:
jvm_args: -Dfile.encoding=UTF-8 -Duser.country=RU -Duser.language=ru -Duser.variant 
java_command: org.gradle.launcher.daemon.bootstrap.GradleDaemon 4.8.1
java_class_path (initial): C:\Users\sereg\.gradle\wrapper\dists\gradle-4.8.1-bin\e8p42vx1m7a3mz9ydmjagn6wn\gradle-4.8.1\lib\gradle-launcher-4.8.1.jar
Launcher Type: SUN_STANDARD

Environment Variables:
JAVA_HOME=C:\Program Files\Java\jdk-11.0.17
PATH=C:\Program Files (x86)\NVIDIA Corporation\PhysX\Common;C:\Program Files\Common Files\Oracle\Java\javapath;C:\Users\sereg\AppData\Local\Programs\Python\Python311\Scripts\;C:\Users\sereg\AppData\Local\Programs\Python\Python311\;C:\WINDOWS\system32\config\systemprofile\AppData\Local\Microsoft\WindowsApps;C:\Program Files\Gradle\gradle-4.8.1\bin;C:\Program Files\Java\jdk-11.0.17\bin;D:\Jmeter\apache-jmeter-5.5\bin;C:\Windows\System32;C:\Program Files\Docker\Docker\resources\bin;C:\Program Files\MySQL\MySQL Utilities 1.6\;C:\ProgramData\chocolatey\bin;C:\Program Files\OpenSSL\bin;;C:\Program Files\NVIDIA Corporation\NVIDIA NvDLISR;C:\Program Files\MySQL\MySQL Shell 8.0\bin\;C:\Users\sereg\AppData\Local\Programs\Python\Python311\Scripts\;C:\Users\sereg\AppData\Local\Programs\Python\Python311\;C:\Users\sereg\AppData\Local\Microsoft\WindowsApps;C:\Program Files\Gradle\gradle-4.8.1\bin;C:\Program Files\Java\jdk-11.0.17\bin;D:\Jmeter\apache-jmeter-5.5\bin;C:\Windows\System32;C:\Program Files\Docker\Docker\resources\bin;C:\Program Files\OpenSSL\bin;
USERNAME=sereg
OS=Windows_NT
PROCESSOR_IDENTIFIER=Intel64 Family 6 Model 141 Stepping 1, GenuineIntel



---------------  S Y S T E M  ---------------

OS: Windows 11 , 64 bit Build 22621 (10.0.22621.1778)

CPU:total 12 (initial active 12) (6 cores per cpu, 2 threads per core) family 6 model 141 stepping 1, cmov, cx8, fxsr, mmx, sse, sse2, sse3, ssse3, sse4.1, sse4.2, popcnt, avx, avx2, aes, clmul, erms, 3dnowpref, lzcnt, ht, tsc, tscinvbit, bmi1, bmi2, adx

Memory: 4k page, physical 16551224k(1741188k free), swap 40567988k(6568k free)

vm_info: OpenJDK 64-Bit Server VM (25.362-b08) for windows-amd64 JRE (1.8.0_362-b08), built on Jan 13 2023 13:30:12 by "Administrator" with MS VC++ 12.0 (VS2013)

time: Wed Jun 21 14:00:38 2023
timezone: RTZ 2 (зима)
elapsed time: 10.786246 seconds (0d 0h 0m 10s)

