#
# There is insufficient memory for the Java Runtime Environment to continue.
# Native memory allocation (malloc) failed to allocate 131088 bytes for Chunk::new
# Possible reasons:
#   The system is out of physical RAM or swap space
#   The process is running with CompressedOops enabled, and the Java Heap may be blocking the growth of the native heap
# Possible solutions:
#   Reduce memory load on the system
#   Increase physical memory or swap space
#   Check if swap backing store is full
#   Decrease Java heap size (-Xmx/-Xms)
#   Decrease number of Java threads
#   Decrease Java thread stack sizes (-Xss)
#   Set larger code cache with -XX:ReservedCodeCacheSize=
#   JVM is running with Zero Based Compressed Oops mode in which the Java heap is
#     placed in the first 32GB address space. The Java Heap base address is the
#     maximum limit for the native heap growth. Please use -XX:HeapBaseMinAddress
#     to set the Java Heap base and to place the Java Heap above 32GB virtual address.
# This output file may be truncated or incomplete.
#
#  Out of Memory Error (allocation.cpp:389), pid=15756, tid=0x0000000000004770
#
# JRE version: OpenJDK Runtime Environment (8.0_362-b08) (build 1.8.0_362-b08)
# Java VM: OpenJDK 64-Bit Server VM (25.362-b08 mixed mode windows-amd64 compressed oops)
# Failed to write core dump. Minidumps are not enabled by default on client versions of Windows
#

---------------  T H R E A D  ---------------

Current thread (0x0000023f1ed1a000):  JavaThread "C2 CompilerThread1" daemon [_thread_in_native, id=18288, stack(0x0000008dfa200000,0x0000008dfa300000)]

Stack: [0x0000008dfa200000,0x0000008dfa300000]
[error occurred during error reporting (printing stack bounds), id 0xc0000005]

Native frames: (J=compiled Java code, j=interpreted, Vv=VM code, C=native code)


Current CompileTask:
C2:  20153 8314       4       org.aspectj.org.eclipse.jdt.internal.compiler.lookup.Scope::getTypeOrPackage (1653 bytes)


---------------  P R O C E S S  ---------------

Java Threads: ( => current thread )
  0x0000023f20a87000 JavaThread "Build operations Thread 12" [_thread_blocked, id=18856, stack(0x0000008dfcd00000,0x0000008dfce00000)]
  0x0000023f20a86800 JavaThread "Build operations Thread 11" [_thread_blocked, id=19544, stack(0x0000008dfcc00000,0x0000008dfcd00000)]
  0x0000023f20a7e800 JavaThread "Build operations Thread 10" [_thread_blocked, id=7064, stack(0x0000008dfcb00000,0x0000008dfcc00000)]
  0x0000023f20a85800 JavaThread "Build operations Thread 9" [_thread_blocked, id=15508, stack(0x0000008dfca00000,0x0000008dfcb00000)]
  0x0000023f20a84800 JavaThread "Build operations Thread 8" [_thread_blocked, id=17212, stack(0x0000008dfc900000,0x0000008dfca00000)]
  0x0000023f20a82800 JavaThread "Build operations Thread 7" [_thread_blocked, id=19832, stack(0x0000008dfc800000,0x0000008dfc900000)]
  0x0000023f20a81800 JavaThread "Build operations Thread 6" [_thread_blocked, id=7040, stack(0x0000008dfc700000,0x0000008dfc800000)]
  0x0000023f20a84000 JavaThread "Build operations Thread 5" [_thread_blocked, id=15672, stack(0x0000008dfc600000,0x0000008dfc700000)]
  0x0000023f20a7f000 JavaThread "Build operations Thread 4" [_thread_blocked, id=10704, stack(0x0000008dfc500000,0x0000008dfc600000)]
  0x0000023f20a81000 JavaThread "Build operations Thread 3" [_thread_blocked, id=20440, stack(0x0000008dfc400000,0x0000008dfc500000)]
  0x0000023f20a83000 JavaThread "Task worker for ':' Thread 11" [_thread_blocked, id=15944, stack(0x0000008dfc300000,0x0000008dfc400000)]
  0x0000023f20a7d800 JavaThread "Task worker for ':' Thread 10" [_thread_blocked, id=7092, stack(0x0000008dfc200000,0x0000008dfc300000)]
  0x0000023f20a80000 JavaThread "Task worker for ':' Thread 9" [_thread_blocked, id=5980, stack(0x0000008dfc100000,0x0000008dfc200000)]
  0x0000023f20a7d000 JavaThread "Task worker for ':' Thread 8" [_thread_blocked, id=15252, stack(0x0000008dfc000000,0x0000008dfc100000)]
  0x0000023f20a7c000 JavaThread "Task worker for ':' Thread 7" [_thread_blocked, id=8240, stack(0x0000008dfbf00000,0x0000008dfc000000)]
  0x0000023f21f4d000 JavaThread "Task worker for ':' Thread 6" [_thread_blocked, id=19752, stack(0x0000008dfbe00000,0x0000008dfbf00000)]
  0x0000023f21f4b800 JavaThread "Task worker for ':' Thread 5" [_thread_blocked, id=7240, stack(0x0000008dfbd00000,0x0000008dfbe00000)]
  0x0000023f21f4a800 JavaThread "Task worker for ':' Thread 4" [_thread_blocked, id=13876, stack(0x0000008dfbc00000,0x0000008dfbd00000)]
  0x0000023f21f4e000 JavaThread "Task worker for ':' Thread 3" [_thread_blocked, id=15408, stack(0x0000008dfbb00000,0x0000008dfbc00000)]
  0x0000023f21f4e800 JavaThread "Task worker for ':' Thread 2" [_thread_blocked, id=1224, stack(0x0000008dfba00000,0x0000008dfbb00000)]
  0x0000023f21f52000 JavaThread "Task worker for ':'" [_thread_in_Java, id=19136, stack(0x0000008dfb900000,0x0000008dfba00000)]
  0x0000023f21f4f800 JavaThread "Cache worker for Build Output Cleanup Cache (D:\GoodtMe\testit\Selenium\.gradle\buildOutputCleanup)" [_thread_blocked, id=19380, stack(0x0000008dfb800000,0x0000008dfb900000)]
  0x0000023f21f50000 JavaThread "Cache worker for task history cache (D:\GoodtMe\testit\Selenium\.gradle\4.8.1\taskHistory)" [_thread_blocked, id=11968, stack(0x0000008dfb700000,0x0000008dfb800000)]
  0x0000023f21f4c800 JavaThread "Cache worker for file content cache (D:\GoodtMe\testit\Selenium\.gradle\4.8.1\fileContent)" [_thread_blocked, id=1748, stack(0x0000008dfb600000,0x0000008dfb700000)]
  0x0000023f21f51000 JavaThread "Memory manager" [_thread_blocked, id=16664, stack(0x0000008dfb500000,0x0000008dfb600000)]
  0x0000023f22a59000 JavaThread "Build operations Thread 2" [_thread_blocked, id=18836, stack(0x0000008dfb400000,0x0000008dfb500000)]
  0x0000023f22a5d000 JavaThread "Build operations" [_thread_blocked, id=19404, stack(0x0000008dfb300000,0x0000008dfb400000)]
  0x0000023f22a5c800 JavaThread "Cache worker for Artifact transforms cache (C:\Users\sereg\.gradle\caches\transforms-1)" [_thread_blocked, id=18244, stack(0x0000008dfb200000,0x0000008dfb300000)]
  0x0000023f22a57800 JavaThread "Cache worker for file hash cache (D:\GoodtMe\testit\Selenium\.gradle\4.8.1\fileHashes)" [_thread_blocked, id=15200, stack(0x0000008dfb100000,0x0000008dfb200000)]
  0x0000023f22a5b800 JavaThread "Stdin handler" [_thread_blocked, id=14988, stack(0x0000008dfae00000,0x0000008dfaf00000)]
  0x0000023f22a5a000 JavaThread "Asynchronous log dispatcher for DefaultDaemonConnection: socket connection from /127.0.0.1:51315 to /127.0.0.1:51328" [_thread_blocked, id=12252, stack(0x0000008dfad00000,0x0000008dfae00000)]
  0x0000023f22a57000 JavaThread "Cancel handler" [_thread_blocked, id=17020, stack(0x0000008dfab00000,0x0000008dfac00000)]
  0x0000023f22a5e000 JavaThread "Handler for socket connection from /127.0.0.1:51315 to /127.0.0.1:51328" [_thread_in_native, id=10372, stack(0x0000008dfaa00000,0x0000008dfab00000)]
  0x0000023f221a8800 JavaThread "File lock request listener" [_thread_in_native, id=13488, stack(0x0000008dfb000000,0x0000008dfb100000)]
  0x0000023f21bd1800 JavaThread "Cache worker for file hash cache (C:\Users\sereg\.gradle\caches\4.8.1\fileHashes)" [_thread_blocked, id=4404, stack(0x0000008dfaf00000,0x0000008dfb000000)]
  0x0000023f2215a000 JavaThread "Daemon worker" [_thread_blocked, id=10948, stack(0x0000008dfac00000,0x0000008dfad00000)]
  0x0000023f21c58000 JavaThread "Daemon" [_thread_blocked, id=10124, stack(0x0000008dfa900000,0x0000008dfaa00000)]
  0x0000023f21af6800 JavaThread "Daemon periodic checks" [_thread_blocked, id=12196, stack(0x0000008dfa800000,0x0000008dfa900000)]
  0x0000023f21afe000 JavaThread "Incoming local TCP Connector on port 51315" [_thread_in_native, id=14808, stack(0x0000008dfa700000,0x0000008dfa800000)]
  0x0000023f20528000 JavaThread "Service Thread" daemon [_thread_blocked, id=8024, stack(0x0000008dfa500000,0x0000008dfa600000)]
  0x0000023f1ed23000 JavaThread "C1 CompilerThread3" daemon [_thread_in_native, id=6436, stack(0x0000008dfa400000,0x0000008dfa500000)]
  0x0000023f1ed1d000 JavaThread "C2 CompilerThread2" daemon [_thread_in_native, id=8360, stack(0x0000008dfa300000,0x0000008dfa400000)]
=>0x0000023f1ed1a000 JavaThread "C2 CompilerThread1" daemon [_thread_in_native, id=18288, stack(0x0000008dfa200000,0x0000008dfa300000)]
  0x0000023f1ed18800 JavaThread "C2 CompilerThread0" daemon [_thread_in_native, id=2500, stack(0x0000008dfa100000,0x0000008dfa200000)]
  0x0000023f1ed07800 JavaThread "Attach Listener" daemon [_thread_blocked, id=8548, stack(0x0000008dfa000000,0x0000008dfa100000)]
  0x0000023f1ed06800 JavaThread "Signal Dispatcher" daemon [_thread_blocked, id=15896, stack(0x0000008df9f00000,0x0000008dfa000000)]
  0x0000023f1ecdd000 JavaThread "Finalizer" daemon [_thread_blocked, id=14744, stack(0x0000008df9e00000,0x0000008df9f00000)]
  0x0000023f1ecd2800 JavaThread "Reference Handler" daemon [_thread_blocked, id=19600, stack(0x0000008df9d00000,0x0000008df9e00000)]
  0x0000023f034d6000 JavaThread "main" [_thread_blocked, id=16880, stack(0x0000008df9100000,0x0000008df9200000)]

Other Threads:
  0x0000023f1de7e800 VMThread [stack: 0x0000008df9c00000,0x0000008df9d00000] [id=18928]
  0x0000023f2053f000 WatcherThread [stack: 0x0000008dfa600000,0x0000008dfa700000] [id=20120]

VM state:not at safepoint (normal execution)

VM Mutex/Monitor currently owned by a thread: None

heap address: 0x00000006c3600000, size: 4042 MB, Compressed Oops mode: Zero based, Oop shift amount: 3
Narrow klass base: 0x0000000000000000, Narrow klass shift: 3
Compressed class space size: 1073741824 Address: 0x00000007c0000000

Heap:
 PSYoungGen      total 222720K, used 152082K [0x000000076bd00000, 0x000000077eb80000, 0x00000007c0000000)
  eden space 204800K, 74% used [0x000000076bd00000,0x0000000775184bf8,0x0000000778500000)
  from space 17920K, 0% used [0x0000000778500000,0x0000000778500000,0x0000000779680000)
  to   space 28672K, 0% used [0x000000077cf80000,0x000000077cf80000,0x000000077eb80000)
 ParOldGen       total 259584K, used 51131K [0x00000006c3600000, 0x00000006d3380000, 0x000000076bd00000)
  object space 259584K, 19% used [0x00000006c3600000,0x00000006c67eed48,0x00000006d3380000)
 Metaspace       used 62327K, capacity 63702K, committed 64000K, reserved 1105920K
  class space    used 7954K, capacity 8420K, committed 8448K, reserved 1048576K

Card table byte_map: [0x0000023f141b0000,0x0000023f149a0000] byte_map_base: 0x0000023f10b95000

Marking Bits: (ParMarkBitMap*) 0x0000000069176830
 Begin Bits: [0x0000023f14ef0000, 0x0000023f18e18000)
 End Bits:   [0x0000023f18e18000, 0x0000023f1cd40000)

Polling page: 0x0000023f03610000

CodeCache: size=245760Kb used=27371Kb max_used=27371Kb free=218388Kb
 bounds [0x0000023f04df0000, 0x0000023f068d0000, 0x0000023f13df0000]
 total_blobs=8339 nmethods=7547 adapters=702
 compilation: enabled

Compilation events (10 events):
Event: 20.149 Thread 0x0000023f1ed23000 nmethod 8469 0x0000023f068bffd0 code [0x0000023f068c0120, 0x0000023f068c02f8]
Event: 20.149 Thread 0x0000023f1ed23000 8471       3       org.aspectj.weaver.AbstractReferenceTypeDelegate::setSourcefilename (133 bytes)
Event: 20.150 Thread 0x0000023f1ed23000 nmethod 8471 0x0000023f068c0390 code [0x0000023f068c06a0, 0x0000023f068c22b0]
Event: 20.150 Thread 0x0000023f1ed23000 8472       3       org.aspectj.weaver.ResolvedType::<init> (30 bytes)
Event: 20.150 Thread 0x0000023f1ed23000 nmethod 8472 0x0000023f068c2ed0 code [0x0000023f068c3060, 0x0000023f068c3518]
Event: 20.150 Thread 0x0000023f1ed23000 8473       1       org.aspectj.util.GenericSignature$ClassTypeSignature::isClassTypeSignature (2 bytes)
Event: 20.150 Thread 0x0000023f1ed23000 nmethod 8473 0x0000023f068c3750 code [0x0000023f068c38a0, 0x0000023f068c39b8]
Event: 20.150 Thread 0x0000023f1ed23000 8474  s!   3       org.aspectj.weaver.ReferenceType::addDependentType (36 bytes)
Event: 20.151 Thread 0x0000023f1ed23000 nmethod 8474 0x0000023f068c3a10 code [0x0000023f068c3bc0, 0x0000023f068c4370]
Event: 20.152 Thread 0x0000023f1ed23000 8476       3       org.aspectj.util.GenericSignatureParser::tokenize (822 bytes)

GC Heap History (10 events):
Event: 2.585 GC heap before
{Heap before GC invocations=8 (full 2):
 PSYoungGen      total 158208K, used 10234K [0x000000076bd00000, 0x0000000779d00000, 0x00000007c0000000)
  eden space 143360K, 0% used [0x000000076bd00000,0x000000076bd00000,0x0000000774900000)
  from space 14848K, 68% used [0x0000000775700000,0x00000007760fe820,0x0000000776580000)
  to   space 14336K, 0% used [0x0000000774900000,0x0000000774900000,0x0000000775700000)
 ParOldGen       total 107520K, used 12093K [0x00000006c3600000, 0x00000006c9f00000, 0x000000076bd00000)
  object space 107520K, 11% used [0x00000006c3600000,0x00000006c41cf6e8,0x00000006c9f00000)
 Metaspace       used 34709K, capacity 35452K, committed 35496K, reserved 1079296K
  class space    used 4853K, capacity 5108K, committed 5120K, reserved 1048576K
Event: 2.611 GC heap after
Heap after GC invocations=8 (full 2):
 PSYoungGen      total 158208K, used 0K [0x000000076bd00000, 0x0000000779d00000, 0x00000007c0000000)
  eden space 143360K, 0% used [0x000000076bd00000,0x000000076bd00000,0x0000000774900000)
  from space 14848K, 0% used [0x0000000775700000,0x0000000775700000,0x0000000776580000)
  to   space 14336K, 0% used [0x0000000774900000,0x0000000774900000,0x0000000775700000)
 ParOldGen       total 165888K, used 17024K [0x00000006c3600000, 0x00000006cd800000, 0x000000076bd00000)
  object space 165888K, 10% used [0x00000006c3600000,0x00000006c46a03c8,0x00000006cd800000)
 Metaspace       used 34676K, capacity 35332K, committed 35496K, reserved 1079296K
  class space    used 4841K, capacity 5068K, committed 5120K, reserved 1048576K
}
Event: 3.729 GC heap before
{Heap before GC invocations=9 (full 2):
 PSYoungGen      total 158208K, used 143360K [0x000000076bd00000, 0x0000000779d00000, 0x00000007c0000000)
  eden space 143360K, 100% used [0x000000076bd00000,0x0000000774900000,0x0000000774900000)
  from space 14848K, 0% used [0x0000000775700000,0x0000000775700000,0x0000000776580000)
  to   space 14336K, 0% used [0x0000000774900000,0x0000000774900000,0x0000000775700000)
 ParOldGen       total 165888K, used 17024K [0x00000006c3600000, 0x00000006cd800000, 0x000000076bd00000)
  object space 165888K, 10% used [0x00000006c3600000,0x00000006c46a03c8,0x00000006cd800000)
 Metaspace       used 40681K, capacity 41744K, committed 41856K, reserved 1085440K
  class space    used 5820K, capacity 6173K, committed 6272K, reserved 1048576K
Event: 3.734 GC heap after
Heap after GC invocations=9 (full 2):
 PSYoungGen      total 157696K, used 12062K [0x000000076bd00000, 0x000000077a500000, 0x00000007c0000000)
  eden space 143360K, 0% used [0x000000076bd00000,0x000000076bd00000,0x0000000774900000)
  from space 14336K, 84% used [0x0000000774900000,0x00000007754c7a38,0x0000000775700000)
  to   space 14848K, 0% used [0x0000000779680000,0x0000000779680000,0x000000077a500000)
 ParOldGen       total 165888K, used 17032K [0x00000006c3600000, 0x00000006cd800000, 0x000000076bd00000)
  object space 165888K, 10% used [0x00000006c3600000,0x00000006c46a23c8,0x00000006cd800000)
 Metaspace       used 40681K, capacity 41744K, committed 41856K, reserved 1085440K
  class space    used 5820K, capacity 6173K, committed 6272K, reserved 1048576K
}
Event: 4.395 GC heap before
{Heap before GC invocations=10 (full 2):
 PSYoungGen      total 157696K, used 155422K [0x000000076bd00000, 0x000000077a500000, 0x00000007c0000000)
  eden space 143360K, 100% used [0x000000076bd00000,0x0000000774900000,0x0000000774900000)
  from space 14336K, 84% used [0x0000000774900000,0x00000007754c7a38,0x0000000775700000)
  to   space 14848K, 0% used [0x0000000779680000,0x0000000779680000,0x000000077a500000)
 ParOldGen       total 165888K, used 17032K [0x00000006c3600000, 0x00000006cd800000, 0x000000076bd00000)
  object space 165888K, 10% used [0x00000006c3600000,0x00000006c46a23c8,0x00000006cd800000)
 Metaspace       used 47450K, capacity 48692K, committed 49024K, reserved 1091584K
  class space    used 6521K, capacity 6913K, committed 7040K, reserved 1048576K
Event: 4.404 GC heap after
Heap after GC invocations=10 (full 2):
 PSYoungGen      total 219648K, used 14820K [0x000000076bd00000, 0x000000077ab00000, 0x00000007c0000000)
  eden space 204800K, 0% used [0x000000076bd00000,0x000000076bd00000,0x0000000778500000)
  from space 14848K, 99% used [0x0000000779680000,0x000000077a4f9110,0x000000077a500000)
  to   space 17920K, 0% used [0x0000000778500000,0x0000000778500000,0x0000000779680000)
 ParOldGen       total 165888K, used 20718K [0x00000006c3600000, 0x00000006cd800000, 0x000000076bd00000)
  object space 165888K, 12% used [0x00000006c3600000,0x00000006c4a3ba80,0x00000006cd800000)
 Metaspace       used 47450K, capacity 48692K, committed 49024K, reserved 1091584K
  class space    used 6521K, capacity 6913K, committed 7040K, reserved 1048576K
}
Event: 19.288 GC heap before
{Heap before GC invocations=11 (full 2):
 PSYoungGen      total 219648K, used 205813K [0x000000076bd00000, 0x000000077ab00000, 0x00000007c0000000)
  eden space 204800K, 93% used [0x000000076bd00000,0x0000000777784580,0x0000000778500000)
  from space 14848K, 99% used [0x0000000779680000,0x000000077a4f9110,0x000000077a500000)
  to   space 17920K, 0% used [0x0000000778500000,0x0000000778500000,0x0000000779680000)
 ParOldGen       total 165888K, used 20718K [0x00000006c3600000, 0x00000006cd800000, 0x000000076bd00000)
  object space 165888K, 12% used [0x00000006c3600000,0x00000006c4a3ba80,0x00000006cd800000)
 Metaspace       used 57583K, capacity 58958K, committed 59136K, reserved 1099776K
  class space    used 7591K, capacity 8076K, committed 8192K, reserved 1048576K
Event: 19.303 GC heap after
Heap after GC invocations=11 (full 2):
 PSYoungGen      total 222720K, used 17905K [0x000000076bd00000, 0x000000077eb80000, 0x00000007c0000000)
  eden space 204800K, 0% used [0x000000076bd00000,0x000000076bd00000,0x0000000778500000)
  from space 17920K, 99% used [0x0000000778500000,0x000000077967c6f8,0x0000000779680000)
  to   space 28672K, 0% used [0x000000077cf80000,0x000000077cf80000,0x000000077eb80000)
 ParOldGen       total 165888K, used 42417K [0x00000006c3600000, 0x00000006cd800000, 0x000000076bd00000)
  object space 165888K, 25% used [0x00000006c3600000,0x00000006c5f6c6c0,0x00000006cd800000)
 Metaspace       used 57583K, capacity 58958K, committed 59136K, reserved 1099776K
  class space    used 7591K, capacity 8076K, committed 8192K, reserved 1048576K
}
Event: 19.303 GC heap before
{Heap before GC invocations=12 (full 3):
 PSYoungGen      total 222720K, used 17905K [0x000000076bd00000, 0x000000077eb80000, 0x00000007c0000000)
  eden space 204800K, 0% used [0x000000076bd00000,0x000000076bd00000,0x0000000778500000)
  from space 17920K, 99% used [0x0000000778500000,0x000000077967c6f8,0x0000000779680000)
  to   space 28672K, 0% used [0x000000077cf80000,0x000000077cf80000,0x000000077eb80000)
 ParOldGen       total 165888K, used 42417K [0x00000006c3600000, 0x00000006cd800000, 0x000000076bd00000)
  object space 165888K, 25% used [0x00000006c3600000,0x00000006c5f6c6c0,0x00000006cd800000)
 Metaspace       used 57583K, capacity 58958K, committed 59136K, reserved 1099776K
  class space    used 7591K, capacity 8076K, committed 8192K, reserved 1048576K
Event: 19.426 GC heap after
Heap after GC invocations=12 (full 3):
 PSYoungGen      total 222720K, used 0K [0x000000076bd00000, 0x000000077eb80000, 0x00000007c0000000)
  eden space 204800K, 0% used [0x000000076bd00000,0x000000076bd00000,0x0000000778500000)
  from space 17920K, 0% used [0x0000000778500000,0x0000000778500000,0x0000000779680000)
  to   space 28672K, 0% used [0x000000077cf80000,0x000000077cf80000,0x000000077eb80000)
 ParOldGen       total 259584K, used 51131K [0x00000006c3600000, 0x00000006d3380000, 0x000000076bd00000)
  object space 259584K, 19% used [0x00000006c3600000,0x00000006c67eed48,0x00000006d3380000)
 Metaspace       used 57396K, capacity 58742K, committed 59136K, reserved 1099776K
  class space    used 7538K, capacity 8004K, committed 8192K, reserved 1048576K
}

Deoptimization events (10 events):
Event: 19.855 Thread 0x0000023f21f52000 Uncommon trap: reason=unstable_if action=reinterpret pc=0x0000023f06580514 method=org.aspectj.org.eclipse.jdt.internal.compiler.parser.TheOriginalJDTScannerClass.internalScanIdentifierOrKeyword(II[C)I @ 348
Event: 19.862 Thread 0x0000023f21f52000 Uncommon trap: reason=unstable_if action=reinterpret pc=0x0000023f0656d414 method=org.aspectj.org.eclipse.jdt.internal.compiler.parser.TheOriginalJDTScannerClass.getNextChar(C)Z @ 46
Event: 19.864 Thread 0x0000023f21f52000 Uncommon trap: reason=unstable_if action=reinterpret pc=0x0000023f0657d1ac method=org.aspectj.org.eclipse.jdt.internal.compiler.parser.TheOriginalJDTScannerClass.optimizedCurrentTokenSource6()[C @ 115
Event: 19.872 Thread 0x0000023f21f52000 Uncommon trap: reason=unstable_if action=reinterpret pc=0x0000023f0645bed4 method=java.io.BufferedInputStream.read([BII)I @ 31
Event: 19.898 Thread 0x0000023f21f52000 Uncommon trap: reason=unstable_if action=reinterpret pc=0x0000023f065c3674 method=org.aspectj.org.eclipse.jdt.internal.compiler.classfmt.ClassFileStruct.utf8At(II)[C @ 46
Event: 19.929 Thread 0x0000023f21f52000 Uncommon trap: reason=unstable_if action=reinterpret pc=0x0000023f065e18c8 method=org.aspectj.org.eclipse.jdt.core.compiler.CharOperation.equals([[C[[C)Z @ 2
Event: 19.933 Thread 0x0000023f21f52000 Uncommon trap: reason=unstable_if action=reinterpret pc=0x0000023f05469704 method=java.lang.StringBuffer.toString()Ljava/lang/String; @ 4
Event: 19.955 Thread 0x0000023f21f52000 Uncommon trap: reason=unloaded action=reinterpret pc=0x0000023f06423d94 method=org.aspectj.apache.bcel.classfile.Attribute.readAttribute(Ljava/io/DataInputStream;Lorg/aspectj/apache/bcel/classfile/ConstantPool;)Lorg/aspectj/apache/bcel/classfile/Attribute
Event: 20.004 Thread 0x0000023f21f52000 Uncommon trap: reason=unloaded action=reinterpret pc=0x0000023f0644e5e0 method=org.aspectj.apache.bcel.classfile.Constant.readConstant(Ljava/io/DataInputStream;)Lorg/aspectj/apache/bcel/classfile/Constant; @ 164
Event: 20.081 Thread 0x0000023f21f52000 Uncommon trap: reason=unstable_if action=reinterpret pc=0x0000023f067acff8 method=org.aspectj.org.eclipse.jdt.internal.compiler.lookup.ReferenceBinding.isStatic()Z @ 21

Classes redefined (0 events):
No events

Internal exceptions (10 events):
Event: 19.859 Thread 0x0000023f21f52000 Exception <a 'java/lang/ArrayIndexOutOfBoundsException'> (0x00000007726c0b98) thrown at [C:\wsjdk\Corretto8Src\installers\windows\zip\corretto-build\buildRoot\hotspot\src\share\vm\runtime\sharedRuntime.cpp, line 610]
Event: 19.860 Thread 0x0000023f21f52000 Exception <a 'java/lang/ArrayIndexOutOfBoundsException'> (0x00000007726d9650) thrown at [C:\wsjdk\Corretto8Src\installers\windows\zip\corretto-build\buildRoot\hotspot\src\share\vm\runtime\sharedRuntime.cpp, line 610]
Event: 19.860 Thread 0x0000023f21f52000 Exception <a 'java/lang/ArrayIndexOutOfBoundsException'> (0x00000007726f06e0) thrown at [C:\wsjdk\Corretto8Src\installers\windows\zip\corretto-build\buildRoot\hotspot\src\share\vm\runtime\sharedRuntime.cpp, line 610]
Event: 19.861 Thread 0x0000023f21f52000 Exception <a 'java/lang/ArrayIndexOutOfBoundsException'> (0x00000007726f9d18) thrown at [C:\wsjdk\Corretto8Src\installers\windows\zip\corretto-build\buildRoot\hotspot\src\share\vm\runtime\sharedRuntime.cpp, line 610]
Event: 19.861 Thread 0x0000023f21f52000 Exception <a 'java/lang/ArrayIndexOutOfBoundsException'> (0x000000077270f248) thrown at [C:\wsjdk\Corretto8Src\installers\windows\zip\corretto-build\buildRoot\hotspot\src\share\vm\runtime\sharedRuntime.cpp, line 610]
Event: 19.862 Thread 0x0000023f21f52000 Exception <a 'java/lang/ArrayIndexOutOfBoundsException'> (0x000000077271c378) thrown at [C:\wsjdk\Corretto8Src\installers\windows\zip\corretto-build\buildRoot\hotspot\src\share\vm\runtime\sharedRuntime.cpp, line 610]
Event: 19.862 Thread 0x0000023f21f52000 Exception <a 'java/lang/ArrayIndexOutOfBoundsException'> (0x000000077272c110) thrown at [C:\wsjdk\Corretto8Src\installers\windows\zip\corretto-build\buildRoot\hotspot\src\share\vm\runtime\sharedRuntime.cpp, line 610]
Event: 19.863 Thread 0x0000023f21f52000 Exception <a 'java/lang/ArrayIndexOutOfBoundsException'> (0x000000077273e4b0) thrown at [C:\wsjdk\Corretto8Src\installers\windows\zip\corretto-build\buildRoot\hotspot\src\share\vm\runtime\sharedRuntime.cpp, line 610]
Event: 19.863 Thread 0x0000023f21f52000 Exception <a 'java/lang/ArrayIndexOutOfBoundsException'> (0x0000000772755a08) thrown at [C:\wsjdk\Corretto8Src\installers\windows\zip\corretto-build\buildRoot\hotspot\src\share\vm\runtime\sharedRuntime.cpp, line 610]
Event: 19.864 Thread 0x0000023f21f52000 Exception <a 'java/lang/ArrayIndexOutOfBoundsException'> (0x000000077277f470) thrown at [C:\wsjdk\Corretto8Src\installers\windows\zip\corretto-build\buildRoot\hotspot\src\share\vm\runtime\sharedRuntime.cpp, line 610]

Events (10 events):
Event: 20.141 Thread 0x0000023f21f52000 DEOPT PACKING pc=0x0000023f067a5933 sp=0x0000008dfb9fb270
Event: 20.141 Thread 0x0000023f21f52000 DEOPT UNPACKING pc=0x0000023f04e375d8 sp=0x0000008dfb9faf90 mode 0
Event: 20.141 Thread 0x0000023f21f52000 DEOPT PACKING pc=0x0000023f068181c5 sp=0x0000008dfb9faf10
Event: 20.141 Thread 0x0000023f21f52000 DEOPT UNPACKING pc=0x0000023f04e375d8 sp=0x0000008dfb9fac50 mode 0
Event: 20.142 Thread 0x0000023f21f52000 DEOPT PACKING pc=0x0000023f067a5933 sp=0x0000008dfb9fb270
Event: 20.142 Thread 0x0000023f21f52000 DEOPT UNPACKING pc=0x0000023f04e375d8 sp=0x0000008dfb9faf90 mode 0
Event: 20.147 loading class org/aspectj/org/eclipse/jdt/internal/compiler/impl/FloatConstant
Event: 20.147 loading class org/aspectj/org/eclipse/jdt/internal/compiler/impl/FloatConstant done
Event: 20.152 Thread 0x0000023f21f52000 DEOPT PACKING pc=0x0000023f06717065 sp=0x0000008dfb9faed0
Event: 20.152 Thread 0x0000023f21f52000 DEOPT UNPACKING pc=0x0000023f04e375d8 sp=0x0000008dfb9fac08 mode 0


Dynamic libraries:
0x00007ff6e3580000 - 0x00007ff6e35ba000 	C:\Users\sereg\.jdks\corretto-1.8.0_362\bin\java.exe
0x00007fffb7b10000 - 0x00007fffb7d24000 	C:\WINDOWS\SYSTEM32\ntdll.dll
0x00007fffb64c0000 - 0x00007fffb6582000 	C:\WINDOWS\System32\KERNEL32.DLL
0x00007fffb5400000 - 0x00007fffb57a3000 	C:\WINDOWS\System32\KERNELBASE.dll
0x00007fffb7460000 - 0x00007fffb750e000 	C:\WINDOWS\System32\ADVAPI32.dll
0x00007fffb6610000 - 0x00007fffb66b7000 	C:\WINDOWS\System32\msvcrt.dll
0x00007fffb7540000 - 0x00007fffb75e4000 	C:\WINDOWS\System32\sechost.dll
0x00007fffb7750000 - 0x00007fffb7867000 	C:\WINDOWS\System32\RPCRT4.dll
0x00007fffb7870000 - 0x00007fffb7a1b000 	C:\WINDOWS\System32\USER32.dll
0x00007fffb57b0000 - 0x00007fffb57d6000 	C:\WINDOWS\System32\win32u.dll
0x00007fffb7510000 - 0x00007fffb7539000 	C:\WINDOWS\System32\GDI32.dll
0x00007fffb5220000 - 0x00007fffb5339000 	C:\WINDOWS\System32\gdi32full.dll
0x00007fffb5850000 - 0x00007fffb58ea000 	C:\WINDOWS\System32\msvcp_win.dll
0x00007fffb4f90000 - 0x00007fffb50a1000 	C:\WINDOWS\System32\ucrtbase.dll
0x00007fff9e450000 - 0x00007fff9e6de000 	C:\WINDOWS\WinSxS\amd64_microsoft.windows.common-controls_6595b64144ccf1df_6.0.22621.1635_none_270f70857386168e\COMCTL32.dll
0x00007fffb7a90000 - 0x00007fffb7ac1000 	C:\WINDOWS\System32\IMM32.DLL
0x00007fff81c60000 - 0x00007fff81d4f000 	C:\Users\sereg\.jdks\corretto-1.8.0_362\jre\bin\msvcr120.dll
0x00007fff811d0000 - 0x00007fff81276000 	C:\Users\sereg\.jdks\corretto-1.8.0_362\jre\bin\msvcp120.dll
0x0000000068980000 - 0x00000000691f5000 	C:\Users\sereg\.jdks\corretto-1.8.0_362\jre\bin\server\jvm.dll
0x00007fffb6f70000 - 0x00007fffb6f78000 	C:\WINDOWS\System32\PSAPI.DLL
0x00007fff8a640000 - 0x00007fff8a649000 	C:\WINDOWS\SYSTEM32\WSOCK32.dll
0x00007fffacce0000 - 0x00007fffacd14000 	C:\WINDOWS\SYSTEM32\WINMM.dll
0x00007fffacbe0000 - 0x00007fffacbea000 	C:\WINDOWS\SYSTEM32\VERSION.dll
0x00007fffb6590000 - 0x00007fffb6601000 	C:\WINDOWS\System32\WS2_32.dll
0x00007fffaeac0000 - 0x00007fffaeacf000 	C:\Users\sereg\.jdks\corretto-1.8.0_362\jre\bin\verify.dll
0x00007fffa4930000 - 0x00007fffa4959000 	C:\Users\sereg\.jdks\corretto-1.8.0_362\jre\bin\java.dll
0x00007fffaa980000 - 0x00007fffaa996000 	C:\Users\sereg\.jdks\corretto-1.8.0_362\jre\bin\zip.dll
0x00007fffb5b20000 - 0x00007fffb631a000 	C:\WINDOWS\System32\SHELL32.dll
0x00007fffb2ed0000 - 0x00007fffb379e000 	C:\WINDOWS\SYSTEM32\windows.storage.dll
0x00007fffb6b20000 - 0x00007fffb6ea9000 	C:\WINDOWS\System32\combase.dll
0x00007fffb2d90000 - 0x00007fffb2ece000 	C:\WINDOWS\SYSTEM32\wintypes.dll
0x00007fffb5a20000 - 0x00007fffb5b11000 	C:\WINDOWS\System32\SHCORE.dll
0x00007fffb7660000 - 0x00007fffb76be000 	C:\WINDOWS\System32\shlwapi.dll
0x00007fffb4e40000 - 0x00007fffb4e61000 	C:\WINDOWS\SYSTEM32\profapi.dll
0x00007fffa6170000 - 0x00007fffa618a000 	C:\Users\sereg\.jdks\corretto-1.8.0_362\jre\bin\net.dll
0x00007fffb4470000 - 0x00007fffb44d9000 	C:\WINDOWS\system32\mswsock.dll
0x00007fffa6100000 - 0x00007fffa6112000 	C:\Users\sereg\.jdks\corretto-1.8.0_362\jre\bin\nio.dll
0x00007fffa4c10000 - 0x00007fffa4c2e000 	C:\Users\sereg\.gradle\native\25\windows-amd64\native-platform.dll
0x00007fffaeab0000 - 0x00007fffaeabd000 	C:\Users\sereg\.jdks\corretto-1.8.0_362\jre\bin\management.dll
0x00007fffb4790000 - 0x00007fffb47ab000 	C:\WINDOWS\SYSTEM32\CRYPTSP.dll
0x00007fffb3f80000 - 0x00007fffb3fb5000 	C:\WINDOWS\system32\rsaenh.dll
0x00007fffb4510000 - 0x00007fffb4538000 	C:\WINDOWS\SYSTEM32\USERENV.dll
0x00007fffb48c0000 - 0x00007fffb48e8000 	C:\WINDOWS\SYSTEM32\bcrypt.dll
0x00007fffb4f10000 - 0x00007fffb4f8b000 	C:\WINDOWS\System32\bcryptprimitives.dll
0x00007fffb4770000 - 0x00007fffb477c000 	C:\WINDOWS\SYSTEM32\CRYPTBASE.dll
0x00007fffb3a70000 - 0x00007fffb3a9d000 	C:\WINDOWS\SYSTEM32\IPHLPAPI.DLL
0x00007fffb6f60000 - 0x00007fffb6f69000 	C:\WINDOWS\System32\NSI.dll
0x00007fffac930000 - 0x00007fffac949000 	C:\WINDOWS\SYSTEM32\dhcpcsvc6.DLL
0x00007fffac910000 - 0x00007fffac92f000 	C:\WINDOWS\SYSTEM32\dhcpcsvc.DLL
0x00007fffb3aa0000 - 0x00007fffb3b93000 	C:\WINDOWS\SYSTEM32\DNSAPI.dll

VM Arguments:
jvm_args: -Dfile.encoding=UTF-8 -Duser.country=RU -Duser.language=ru -Duser.variant 
java_command: org.gradle.launcher.daemon.bootstrap.GradleDaemon 4.8.1
java_class_path (initial): C:\Users\sereg\.gradle\wrapper\dists\gradle-4.8.1-bin\e8p42vx1m7a3mz9ydmjagn6wn\gradle-4.8.1\lib\gradle-launcher-4.8.1.jar
Launcher Type: SUN_STANDARD

Environment Variables:
JAVA_HOME=C:\Program Files\Java\jdk-11.0.17
PATH=C:\Program Files (x86)\NVIDIA Corporation\PhysX\Common;C:\Program Files\Common Files\Oracle\Java\javapath;C:\Users\sereg\AppData\Local\Programs\Python\Python311\Scripts\;C:\Users\sereg\AppData\Local\Programs\Python\Python311\;C:\WINDOWS\system32\config\systemprofile\AppData\Local\Microsoft\WindowsApps;C:\Program Files\Gradle\gradle-4.8.1\bin;C:\Program Files\Java\jdk-11.0.17\bin;D:\Jmeter\apache-jmeter-5.5\bin;C:\Windows\System32;C:\Program Files\Docker\Docker\resources\bin;C:\Program Files\MySQL\MySQL Utilities 1.6\;C:\ProgramData\chocolatey\bin;C:\Program Files\OpenSSL\bin;;C:\Program Files\NVIDIA Corporation\NVIDIA NvDLISR;C:\Program Files\MySQL\MySQL Shell 8.0\bin\;C:\Users\sereg\AppData\Local\Programs\Python\Python311\Scripts\;C:\Users\sereg\AppData\Local\Programs\Python\Python311\;C:\Users\sereg\AppData\Local\Microsoft\WindowsApps;C:\Program Files\Gradle\gradle-4.8.1\bin;C:\Program Files\Java\jdk-11.0.17\bin;D:\Jmeter\apache-jmeter-5.5\bin;C:\Windows\System32;C:\Program Files\Docker\Docker\resources\bin;C:\Program Files\OpenSSL\bin;
USERNAME=sereg
OS=Windows_NT
PROCESSOR_IDENTIFIER=Intel64 Family 6 Model 141 Stepping 1, GenuineIntel



---------------  S Y S T E M  ---------------

OS: Windows 11 , 64 bit Build 22621 (10.0.22621.1778)

CPU:total 12 (initial active 12) (6 cores per cpu, 2 threads per core) family 6 model 141 stepping 1, cmov, cx8, fxsr, mmx, sse, sse2, sse3, ssse3, sse4.1, sse4.2, popcnt, avx, avx2, aes, clmul, erms, 3dnowpref, lzcnt, ht, tsc, tscinvbit, bmi1, bmi2, adx

Memory: 4k page, physical 16551224k(1808864k free), swap 40567988k(5128k free)

vm_info: OpenJDK 64-Bit Server VM (25.362-b08) for windows-amd64 JRE (1.8.0_362-b08), built on Jan 13 2023 13:30:12 by "Administrator" with MS VC++ 12.0 (VS2013)

time: Wed Jun 21 14:01:54 2023
timezone: RTZ 2 (зима)
elapsed time: 20.156649 seconds (0d 0h 0m 20s)

