#
# There is insufficient memory for the Java Runtime Environment to continue.
# Native memory allocation (malloc) failed to allocate 1229440 bytes for Chunk::new
# Possible reasons:
#   The system is out of physical RAM or swap space
#   The process is running with CompressedOops enabled, and the Java Heap may be blocking the growth of the native heap
# Possible solutions:
#   Reduce memory load on the system
#   Increase physical memory or swap space
#   Check if swap backing store is full
#   Decrease Java heap size (-Xmx/-Xms)
#   Decrease number of Java threads
#   Decrease Java thread stack sizes (-Xss)
#   Set larger code cache with -XX:ReservedCodeCacheSize=
#   JVM is running with Zero Based Compressed Oops mode in which the Java heap is
#     placed in the first 32GB address space. The Java Heap base address is the
#     maximum limit for the native heap growth. Please use -XX:HeapBaseMinAddress
#     to set the Java Heap base and to place the Java Heap above 32GB virtual address.
# This output file may be truncated or incomplete.
#
#  Out of Memory Error (allocation.cpp:389), pid=14920, tid=0x0000000000004cd4
#
# JRE version: OpenJDK Runtime Environment (8.0_362-b08) (build 1.8.0_362-b08)
# Java VM: OpenJDK 64-Bit Server VM (25.362-b08 mixed mode windows-amd64 compressed oops)
# Failed to write core dump. Minidumps are not enabled by default on client versions of Windows
#

---------------  T H R E A D  ---------------

Current thread (0x0000016da6ae9800):  JavaThread "C2 CompilerThread2" daemon [_thread_in_native, id=19668, stack(0x0000002e3ca00000,0x0000002e3cb00000)]

Stack: [0x0000002e3ca00000,0x0000002e3cb00000]
[error occurred during error reporting (printing stack bounds), id 0xc0000005]

Native frames: (J=compiled Java code, j=interpreted, Vv=VM code, C=native code)


Current CompileTask:
C2:   3039 4286       4       java.net.URLClassLoader$1::run (5 bytes)


---------------  P R O C E S S  ---------------

Java Threads: ( => current thread )
  0x0000016daaaf0800 JavaThread "Build operations Thread 12" [_thread_blocked, id=2960, stack(0x0000002e3f400000,0x0000002e3f500000)]
  0x0000016daaae9000 JavaThread "Build operations Thread 11" [_thread_blocked, id=16536, stack(0x0000002e3f300000,0x0000002e3f400000)]
  0x0000016daaaf0000 JavaThread "Build operations Thread 10" [_thread_blocked, id=7752, stack(0x0000002e3f200000,0x0000002e3f300000)]
  0x0000016daaaed000 JavaThread "Build operations Thread 9" [_thread_blocked, id=7032, stack(0x0000002e3f100000,0x0000002e3f200000)]
  0x0000016daaaef000 JavaThread "Build operations Thread 8" [_thread_blocked, id=13608, stack(0x0000002e3f000000,0x0000002e3f100000)]
  0x0000016daaaee800 JavaThread "Build operations Thread 7" [_thread_blocked, id=18552, stack(0x0000002e3ef00000,0x0000002e3f000000)]
  0x0000016daaae8000 JavaThread "Build operations Thread 6" [_thread_blocked, id=320, stack(0x0000002e3ee00000,0x0000002e3ef00000)]
  0x0000016daaaed800 JavaThread "Build operations Thread 5" [_thread_blocked, id=19076, stack(0x0000002e3ed00000,0x0000002e3ee00000)]
  0x0000016db003b000 JavaThread "Build operations Thread 4" [_thread_blocked, id=17928, stack(0x0000002e3ec00000,0x0000002e3ed00000)]
  0x0000016db003a000 JavaThread "Build operations Thread 3" [_thread_blocked, id=1696, stack(0x0000002e3eb00000,0x0000002e3ec00000)]
  0x0000016db0039800 JavaThread "Task worker for ':' Thread 11" [_thread_blocked, id=18464, stack(0x0000002e3ea00000,0x0000002e3eb00000)]
  0x0000016db003d800 JavaThread "Task worker for ':' Thread 10" [_thread_blocked, id=20168, stack(0x0000002e3e900000,0x0000002e3ea00000)]
  0x0000016db003c800 JavaThread "Task worker for ':' Thread 9" [_thread_blocked, id=14956, stack(0x0000002e3e800000,0x0000002e3e900000)]
  0x0000016db003f000 JavaThread "Task worker for ':' Thread 8" [_thread_in_vm, id=20500, stack(0x0000002e3e700000,0x0000002e3e800000)]
  0x0000016db003e000 JavaThread "Task worker for ':' Thread 7" [_thread_blocked, id=15920, stack(0x0000002e3e600000,0x0000002e3e700000)]
  0x0000016db003b800 JavaThread "Task worker for ':' Thread 6" [_thread_blocked, id=3200, stack(0x0000002e3e500000,0x0000002e3e600000)]
  0x0000016db0038800 JavaThread "Task worker for ':' Thread 5" [_thread_blocked, id=10324, stack(0x0000002e3e400000,0x0000002e3e500000)]
  0x0000016db0030800 JavaThread "Task worker for ':' Thread 4" [_thread_blocked, id=14196, stack(0x0000002e3e300000,0x0000002e3e400000)]
  0x0000016db0038000 JavaThread "Task worker for ':' Thread 3" [_thread_blocked, id=3536, stack(0x0000002e3e200000,0x0000002e3e300000)]
  0x0000016db0030000 JavaThread "Task worker for ':' Thread 2" [_thread_blocked, id=17872, stack(0x0000002e3e100000,0x0000002e3e200000)]
  0x0000016db0037000 JavaThread "Task worker for ':'" [_thread_blocked, id=21744, stack(0x0000002e3e000000,0x0000002e3e100000)]
  0x0000016db0033000 JavaThread "Cache worker for Build Output Cleanup Cache (D:\GoodtMe\testit\Selenium\.gradle\buildOutputCleanup)" [_thread_blocked, id=9924, stack(0x0000002e3df00000,0x0000002e3e000000)]
  0x0000016db0036000 JavaThread "Cache worker for task history cache (D:\GoodtMe\testit\Selenium\.gradle\4.8.1\taskHistory)" [_thread_blocked, id=21464, stack(0x0000002e3de00000,0x0000002e3df00000)]
  0x0000016db0031800 JavaThread "Cache worker for file content cache (D:\GoodtMe\testit\Selenium\.gradle\4.8.1\fileContent)" [_thread_blocked, id=7836, stack(0x0000002e3dd00000,0x0000002e3de00000)]
  0x0000016db0032800 JavaThread "Memory manager" [_thread_blocked, id=19424, stack(0x0000002e3dc00000,0x0000002e3dd00000)]
  0x0000016db0034800 JavaThread "Build operations Thread 2" [_thread_blocked, id=11156, stack(0x0000002e3db00000,0x0000002e3dc00000)]
  0x0000016db0034000 JavaThread "Build operations" [_thread_blocked, id=17536, stack(0x0000002e3da00000,0x0000002e3db00000)]
  0x0000016daa9d8800 JavaThread "Cache worker for Artifact transforms cache (C:\Users\sereg\.gradle\caches\transforms-1)" [_thread_blocked, id=18116, stack(0x0000002e3d900000,0x0000002e3da00000)]
  0x0000016daa9d8000 JavaThread "Cache worker for file hash cache (D:\GoodtMe\testit\Selenium\.gradle\4.8.1\fileHashes)" [_thread_blocked, id=19256, stack(0x0000002e3d800000,0x0000002e3d900000)]
  0x0000016daaae7800 JavaThread "File lock request listener" [_thread_in_native, id=15148, stack(0x0000002e3d700000,0x0000002e3d800000)]
  0x0000016daab5d000 JavaThread "Cache worker for file hash cache (C:\Users\sereg\.gradle\caches\4.8.1\fileHashes)" [_thread_blocked, id=19672, stack(0x0000002e3d600000,0x0000002e3d700000)]
  0x0000016daa6ca000 JavaThread "Stdin handler" [_thread_blocked, id=14528, stack(0x0000002e3d500000,0x0000002e3d600000)]
  0x0000016daa6b8800 JavaThread "Asynchronous log dispatcher for DefaultDaemonConnection: socket connection from /127.0.0.1:52867 to /127.0.0.1:52868" [_thread_blocked, id=7360, stack(0x0000002e3d400000,0x0000002e3d500000)]
  0x0000016daa79f800 JavaThread "Daemon worker" [_thread_blocked, id=5956, stack(0x0000002e3d300000,0x0000002e3d400000)]
  0x0000016daa5c0000 JavaThread "Cancel handler" [_thread_blocked, id=9264, stack(0x0000002e3d200000,0x0000002e3d300000)]
  0x0000016daa5af000 JavaThread "Handler for socket connection from /127.0.0.1:52867 to /127.0.0.1:52868" [_thread_in_native, id=7284, stack(0x0000002e3d100000,0x0000002e3d200000)]
  0x0000016daa5ae800 JavaThread "Daemon" [_thread_blocked, id=23136, stack(0x0000002e3d000000,0x0000002e3d100000)]
  0x0000016daa3fa000 JavaThread "Daemon periodic checks" [_thread_blocked, id=8900, stack(0x0000002e3cf00000,0x0000002e3d000000)]
  0x0000016daa4d9000 JavaThread "Incoming local TCP Connector on port 52867" [_thread_in_native, id=22296, stack(0x0000002e3ce00000,0x0000002e3cf00000)]
  0x0000016da8f98800 JavaThread "Service Thread" daemon [_thread_blocked, id=18544, stack(0x0000002e3cc00000,0x0000002e3cd00000)]
  0x0000016da6aea800 JavaThread "C1 CompilerThread3" daemon [_thread_blocked, id=20172, stack(0x0000002e3cb00000,0x0000002e3cc00000)]
=>0x0000016da6ae9800 JavaThread "C2 CompilerThread2" daemon [_thread_in_native, id=19668, stack(0x0000002e3ca00000,0x0000002e3cb00000)]
  0x0000016da6ae9000 JavaThread "C2 CompilerThread1" daemon [_thread_in_native, id=23504, stack(0x0000002e3c900000,0x0000002e3ca00000)]
  0x0000016da6ae7800 JavaThread "C2 CompilerThread0" daemon [_thread_in_native, id=18344, stack(0x0000002e3c800000,0x0000002e3c900000)]
  0x0000016da6ae5800 JavaThread "Attach Listener" daemon [_thread_blocked, id=6860, stack(0x0000002e3c700000,0x0000002e3c800000)]
  0x0000016da6ae2800 JavaThread "Signal Dispatcher" daemon [_thread_blocked, id=2168, stack(0x0000002e3c600000,0x0000002e3c700000)]
  0x0000016da6aaf800 JavaThread "Finalizer" daemon [_thread_blocked, id=21800, stack(0x0000002e3c500000,0x0000002e3c600000)]
  0x0000016da6aa3800 JavaThread "Reference Handler" daemon [_thread_blocked, id=21592, stack(0x0000002e3c400000,0x0000002e3c500000)]
  0x0000016d8bd67000 JavaThread "main" [_thread_blocked, id=3404, stack(0x0000002e3b800000,0x0000002e3b900000)]

Other Threads:
  0x0000016da6a7b000 VMThread [stack: 0x0000002e3c300000,0x0000002e3c400000] [id=22976]
  0x0000016da8fb6800 WatcherThread [stack: 0x0000002e3cd00000,0x0000002e3ce00000] [id=8116]

VM state:not at safepoint (normal execution)

VM Mutex/Monitor currently owned by a thread: None

heap address: 0x00000006c3600000, size: 4042 MB, Compressed Oops mode: Zero based, Oop shift amount: 3
Narrow klass base: 0x0000000000000000, Narrow klass shift: 3
Compressed class space size: 1073741824 Address: 0x00000007c0000000

Heap:
 PSYoungGen      total 140288K, used 77660K [0x000000076bd00000, 0x0000000776500000, 0x00000007c0000000)
  eden space 126976K, 61% used [0x000000076bd00000,0x00000007708d70b8,0x0000000773900000)
  from space 13312K, 0% used [0x0000000775800000,0x0000000775800000,0x0000000776500000)
  to   space 10752K, 0% used [0x0000000773900000,0x0000000773900000,0x0000000774380000)
 ParOldGen       total 107008K, used 22418K [0x00000006c3600000, 0x00000006c9e80000, 0x000000076bd00000)
  object space 107008K, 20% used [0x00000006c3600000,0x00000006c4be48d8,0x00000006c9e80000)
 Metaspace       used 39589K, capacity 40448K, committed 40704K, reserved 1083392K
  class space    used 5722K, capacity 6029K, committed 6144K, reserved 1048576K

Card table byte_map: [0x0000016d9cc90000,0x0000016d9d480000] byte_map_base: 0x0000016d99675000

Marking Bits: (ParMarkBitMap*) 0x0000000068d86830
 Begin Bits: [0x0000016d9d9d0000, 0x0000016da18f8000)
 End Bits:   [0x0000016da18f8000, 0x0000016da5820000)

Polling page: 0x0000016d8c040000

CodeCache: size=245760Kb used=16084Kb max_used=16095Kb free=229675Kb
 bounds [0x0000016d8d8d0000, 0x0000016d8e8a0000, 0x0000016d9c8d0000]
 total_blobs=5199 nmethods=4472 adapters=638
 compilation: enabled

Compilation events (10 events):
Event: 3.033 Thread 0x0000016da6aea800 4511       3       org.apache.tools.ant.util.FileUtils::dissect (296 bytes)
Event: 3.034 Thread 0x0000016da6aea800 nmethod 4511 0x0000016d8e886110 code [0x0000016d8e886560, 0x0000016d8e889530]
Event: 3.034 Thread 0x0000016da6aea800 4512       3       org.apache.tools.ant.util.FileUtils::normalize (181 bytes)
Event: 3.034 Thread 0x0000016da6ae9000 nmethod 4504 0x0000016d8e88ccd0 code [0x0000016d8e88ce60, 0x0000016d8e88d3f8]
Event: 3.034 Thread 0x0000016da6ae9000 4509       4       java.util.StringTokenizer::scanToken (179 bytes)
Event: 3.035 Thread 0x0000016da6aea800 nmethod 4512 0x0000016d8e88de10 code [0x0000016d8e88e200, 0x0000016d8e891000]
Event: 3.035 Thread 0x0000016da6aea800 4513       3       org.apache.tools.ant.util.FileUtils::isAbsolutePath (168 bytes)
Event: 3.035 Thread 0x0000016da6aea800 nmethod 4513 0x0000016d8e892710 code [0x0000016d8e8929a0, 0x0000016d8e893c70]
Event: 3.038 Thread 0x0000016da6ae9000 nmethod 4509 0x0000016d8e894490 code [0x0000016d8e894620, 0x0000016d8e894b48]
Event: 3.038 Thread 0x0000016da6ae9000 4502       4       org.apache.tools.ant.PropertyHelper$2::parsePropertyName (125 bytes)

GC Heap History (10 events):
Event: 1.307 GC heap before
{Heap before GC invocations=4 (full 1):
 PSYoungGen      total 75776K, used 9574K [0x000000076bd00000, 0x0000000775100000, 0x00000007c0000000)
  eden space 65024K, 0% used [0x000000076bd00000,0x000000076bd00000,0x000000076fc80000)
  from space 10752K, 89% used [0x000000076fc80000,0x00000007705d98e0,0x0000000770700000)
  to   space 10752K, 0% used [0x0000000774680000,0x0000000774680000,0x0000000775100000)
 ParOldGen       total 173568K, used 32K [0x00000006c3600000, 0x00000006cdf80000, 0x000000076bd00000)
  object space 173568K, 0% used [0x00000006c3600000,0x00000006c3608000,0x00000006cdf80000)
 Metaspace       used 20781K, capacity 21080K, committed 21296K, reserved 1067008K
  class space    used 2962K, capacity 3073K, committed 3200K, reserved 1048576K
Event: 1.325 GC heap after
Heap after GC invocations=4 (full 1):
 PSYoungGen      total 75776K, used 0K [0x000000076bd00000, 0x0000000775100000, 0x00000007c0000000)
  eden space 65024K, 0% used [0x000000076bd00000,0x000000076bd00000,0x000000076fc80000)
  from space 10752K, 0% used [0x000000076fc80000,0x000000076fc80000,0x0000000770700000)
  to   space 10752K, 0% used [0x0000000774680000,0x0000000774680000,0x0000000775100000)
 ParOldGen       total 107008K, used 9252K [0x00000006c3600000, 0x00000006c9e80000, 0x000000076bd00000)
  object space 107008K, 8% used [0x00000006c3600000,0x00000006c3f09028,0x00000006c9e80000)
 Metaspace       used 20781K, capacity 21080K, committed 21296K, reserved 1067008K
  class space    used 2962K, capacity 3073K, committed 3200K, reserved 1048576K
}
Event: 1.708 GC heap before
{Heap before GC invocations=5 (full 1):
 PSYoungGen      total 75776K, used 65024K [0x000000076bd00000, 0x0000000775100000, 0x00000007c0000000)
  eden space 65024K, 100% used [0x000000076bd00000,0x000000076fc80000,0x000000076fc80000)
  from space 10752K, 0% used [0x000000076fc80000,0x000000076fc80000,0x0000000770700000)
  to   space 10752K, 0% used [0x0000000774680000,0x0000000774680000,0x0000000775100000)
 ParOldGen       total 107008K, used 9252K [0x00000006c3600000, 0x00000006c9e80000, 0x000000076bd00000)
  object space 107008K, 8% used [0x00000006c3600000,0x00000006c3f09028,0x00000006c9e80000)
 Metaspace       used 26499K, capacity 26894K, committed 27136K, reserved 1073152K
  class space    used 3691K, capacity 3810K, committed 3840K, reserved 1048576K
Event: 1.711 GC heap after
Heap after GC invocations=5 (full 1):
 PSYoungGen      total 104448K, used 7266K [0x000000076bd00000, 0x0000000774e00000, 0x00000007c0000000)
  eden space 96768K, 0% used [0x000000076bd00000,0x000000076bd00000,0x0000000771b80000)
  from space 7680K, 94% used [0x0000000774680000,0x0000000774d98b38,0x0000000774e00000)
  to   space 10752K, 0% used [0x0000000773900000,0x0000000773900000,0x0000000774380000)
 ParOldGen       total 107008K, used 9260K [0x00000006c3600000, 0x00000006c9e80000, 0x000000076bd00000)
  object space 107008K, 8% used [0x00000006c3600000,0x00000006c3f0b028,0x00000006c9e80000)
 Metaspace       used 26499K, capacity 26894K, committed 27136K, reserved 1073152K
  class space    used 3691K, capacity 3810K, committed 3840K, reserved 1048576K
}
Event: 2.090 GC heap before
{Heap before GC invocations=6 (full 1):
 PSYoungGen      total 104448K, used 104034K [0x000000076bd00000, 0x0000000774e00000, 0x00000007c0000000)
  eden space 96768K, 100% used [0x000000076bd00000,0x0000000771b80000,0x0000000771b80000)
  from space 7680K, 94% used [0x0000000774680000,0x0000000774d98b38,0x0000000774e00000)
  to   space 10752K, 0% used [0x0000000773900000,0x0000000773900000,0x0000000774380000)
 ParOldGen       total 107008K, used 9260K [0x00000006c3600000, 0x00000006c9e80000, 0x000000076bd00000)
  object space 107008K, 8% used [0x00000006c3600000,0x00000006c3f0b028,0x00000006c9e80000)
 Metaspace       used 31523K, capacity 32174K, committed 32512K, reserved 1077248K
  class space    used 4598K, capacity 4796K, committed 4864K, reserved 1048576K
Event: 2.096 GC heap after
Heap after GC invocations=6 (full 1):
 PSYoungGen      total 137728K, used 10724K [0x000000076bd00000, 0x0000000776500000, 0x00000007c0000000)
  eden space 126976K, 0% used [0x000000076bd00000,0x000000076bd00000,0x0000000773900000)
  from space 10752K, 99% used [0x0000000773900000,0x0000000774379320,0x0000000774380000)
  to   space 13312K, 0% used [0x0000000775800000,0x0000000775800000,0x0000000776500000)
 ParOldGen       total 107008K, used 10312K [0x00000006c3600000, 0x00000006c9e80000, 0x000000076bd00000)
  object space 107008K, 9% used [0x00000006c3600000,0x00000006c4012128,0x00000006c9e80000)
 Metaspace       used 31523K, capacity 32174K, committed 32512K, reserved 1077248K
  class space    used 4598K, capacity 4796K, committed 4864K, reserved 1048576K
}
Event: 2.526 GC heap before
{Heap before GC invocations=7 (full 1):
 PSYoungGen      total 137728K, used 91015K [0x000000076bd00000, 0x0000000776500000, 0x00000007c0000000)
  eden space 126976K, 63% used [0x000000076bd00000,0x0000000770b68b30,0x0000000773900000)
  from space 10752K, 99% used [0x0000000773900000,0x0000000774379320,0x0000000774380000)
  to   space 13312K, 0% used [0x0000000775800000,0x0000000775800000,0x0000000776500000)
 ParOldGen       total 107008K, used 10312K [0x00000006c3600000, 0x00000006c9e80000, 0x000000076bd00000)
  object space 107008K, 9% used [0x00000006c3600000,0x00000006c4012128,0x00000006c9e80000)
 Metaspace       used 34699K, capacity 35406K, committed 35496K, reserved 1079296K
  class space    used 5120K, capacity 5341K, committed 5376K, reserved 1048576K
Event: 2.534 GC heap after
Heap after GC invocations=7 (full 1):
 PSYoungGen      total 140288K, used 13306K [0x000000076bd00000, 0x0000000776500000, 0x00000007c0000000)
  eden space 126976K, 0% used [0x000000076bd00000,0x000000076bd00000,0x0000000773900000)
  from space 13312K, 99% used [0x0000000775800000,0x00000007764fe830,0x0000000776500000)
  to   space 10752K, 0% used [0x0000000773900000,0x0000000773900000,0x0000000774380000)
 ParOldGen       total 107008K, used 12837K [0x00000006c3600000, 0x00000006c9e80000, 0x000000076bd00000)
  object space 107008K, 11% used [0x00000006c3600000,0x00000006c4289528,0x00000006c9e80000)
 Metaspace       used 34699K, capacity 35406K, committed 35496K, reserved 1079296K
  class space    used 5120K, capacity 5341K, committed 5376K, reserved 1048576K
}
Event: 2.534 GC heap before
{Heap before GC invocations=8 (full 2):
 PSYoungGen      total 140288K, used 13306K [0x000000076bd00000, 0x0000000776500000, 0x00000007c0000000)
  eden space 126976K, 0% used [0x000000076bd00000,0x000000076bd00000,0x0000000773900000)
  from space 13312K, 99% used [0x0000000775800000,0x00000007764fe830,0x0000000776500000)
  to   space 10752K, 0% used [0x0000000773900000,0x0000000773900000,0x0000000774380000)
 ParOldGen       total 107008K, used 12837K [0x00000006c3600000, 0x00000006c9e80000, 0x000000076bd00000)
  object space 107008K, 11% used [0x00000006c3600000,0x00000006c4289528,0x00000006c9e80000)
 Metaspace       used 34699K, capacity 35406K, committed 35496K, reserved 1079296K
  class space    used 5120K, capacity 5341K, committed 5376K, reserved 1048576K
Event: 2.569 GC heap after
Heap after GC invocations=8 (full 2):
 PSYoungGen      total 140288K, used 0K [0x000000076bd00000, 0x0000000776500000, 0x00000007c0000000)
  eden space 126976K, 0% used [0x000000076bd00000,0x000000076bd00000,0x0000000773900000)
  from space 13312K, 0% used [0x0000000775800000,0x0000000775800000,0x0000000776500000)
  to   space 10752K, 0% used [0x0000000773900000,0x0000000773900000,0x0000000774380000)
 ParOldGen       total 107008K, used 22418K [0x00000006c3600000, 0x00000006c9e80000, 0x000000076bd00000)
  object space 107008K, 20% used [0x00000006c3600000,0x00000006c4be48d8,0x00000006c9e80000)
 Metaspace       used 34699K, capacity 35406K, committed 35496K, reserved 1079296K
  class space    used 5120K, capacity 5341K, committed 5376K, reserved 1048576K
}

Deoptimization events (10 events):
Event: 2.782 Thread 0x0000016db003f000 Uncommon trap: reason=unstable_if action=reinterpret pc=0x0000016d8e301830 method=org.codehaus.groovy.reflection.CachedMethod.compareToMethod(Ljava/lang/reflect/Method;)I @ 71
Event: 2.849 Thread 0x0000016db003f000 Uncommon trap: reason=unstable_if action=reinterpret pc=0x0000016d8e712864 method=com.esotericsoftware.kryo.io.Output.writeString(Ljava/lang/CharSequence;)V @ 50
Event: 2.905 Thread 0x0000016db003f000 Uncommon trap: reason=unstable_if action=reinterpret pc=0x0000016d8da7d0c8 method=java.lang.String.replace(CC)Ljava/lang/String; @ 2
Event: 2.906 Thread 0x0000016db003f000 Uncommon trap: reason=bimorphic action=maybe_recompile pc=0x0000016d8e41cab0 method=org.codehaus.groovy.runtime.metaclass.MetaMethodIndex.addMethodToList(Ljava/lang/Object;Lgroovy/lang/MetaMethod;)Ljava/lang/Object; @ 96
Event: 2.906 Thread 0x0000016db003f000 Uncommon trap: reason=unstable_if action=reinterpret pc=0x0000016d8e4f7754 method=groovy.lang.MetaClassImpl$1MOPIter.methodNameAction(Ljava/lang/Class;Lorg/codehaus/groovy/runtime/metaclass/MetaMethodIndex$Entry;)V @ 259
Event: 2.922 Thread 0x0000016db003f000 Uncommon trap: reason=unstable_if action=reinterpret pc=0x0000016d8e15f090 method=sun.net.www.protocol.jar.Handler.parseURL(Ljava/net/URL;Ljava/lang/String;II)V @ 68
Event: 2.938 Thread 0x0000016db003f000 Uncommon trap: reason=unstable_if action=reinterpret pc=0x0000016d8dc831c8 method=java.lang.String.regionMatches(ZILjava/lang/String;II)Z @ 123
Event: 2.980 Thread 0x0000016db003f000 Uncommon trap: reason=class_check action=maybe_recompile pc=0x0000016d8ddc7728 method=java.util.zip.InflaterInputStream.read([BII)I @ 100
Event: 2.981 Thread 0x0000016db003f000 Uncommon trap: reason=class_check action=maybe_recompile pc=0x0000016d8ddc7728 method=java.util.zip.InflaterInputStream.read([BII)I @ 100
Event: 2.983 Thread 0x0000016db003f000 Uncommon trap: reason=class_check action=maybe_recompile pc=0x0000016d8ddc7728 method=java.util.zip.InflaterInputStream.read([BII)I @ 100

Classes redefined (0 events):
No events

Internal exceptions (10 events):
Event: 2.908 Thread 0x0000016db003f000 Exception <a 'java/lang/ClassNotFoundException': groovy/util/AntBuilderCustomizer> (0x000000076fd8a4b8) thrown at [C:\wsjdk\Corretto8Src\installers\windows\zip\corretto-build\buildRoot\hotspot\src\share\vm\classfile\systemDictionary.cpp, line 217]
Event: 2.908 Thread 0x0000016db003f000 Exception <a 'java/lang/ClassNotFoundException': org/gradle/api/AntBuilderCustomizer> (0x000000076fdafc78) thrown at [C:\wsjdk\Corretto8Src\installers\windows\zip\corretto-build\buildRoot\hotspot\src\share\vm\classfile\systemDictionary.cpp, line 217]
Event: 2.908 Thread 0x0000016db003f000 Exception <a 'java/lang/ClassNotFoundException': org/gradle/api/internal/project/ant/BasicAntBuilderCustomizer> (0x000000076fde7a90) thrown at [C:\wsjdk\Corretto8Src\installers\windows\zip\corretto-build\buildRoot\hotspot\src\share\vm\classfile\systemDict
Event: 2.909 Thread 0x0000016db003f000 Exception <a 'java/lang/ClassNotFoundException': org/gradle/api/internal/project/DefaultAntBuilderCustomizer> (0x000000076fe26ef0) thrown at [C:\wsjdk\Corretto8Src\installers\windows\zip\corretto-build\buildRoot\hotspot\src\share\vm\classfile\systemDictio
Event: 3.011 Thread 0x0000016db003f000 Exception <a 'java/lang/ClassNotFoundException': java/util/LinkedHashSetBeanInfo> (0x00000007704289d8) thrown at [C:\wsjdk\Corretto8Src\installers\windows\zip\corretto-build\buildRoot\hotspot\src\share\vm\classfile\systemDictionary.cpp, line 217]
Event: 3.011 Thread 0x0000016db003f000 Exception <a 'java/lang/ClassNotFoundException': java/util/HashSetBeanInfo> (0x000000077042c860) thrown at [C:\wsjdk\Corretto8Src\installers\windows\zip\corretto-build\buildRoot\hotspot\src\share\vm\classfile\systemDictionary.cpp, line 217]
Event: 3.011 Thread 0x0000016db003f000 Exception <a 'java/lang/ClassNotFoundException': java/util/AbstractSetBeanInfo> (0x00000007704302e8) thrown at [C:\wsjdk\Corretto8Src\installers\windows\zip\corretto-build\buildRoot\hotspot\src\share\vm\classfile\systemDictionary.cpp, line 217]
Event: 3.011 Thread 0x0000016db003f000 Exception <a 'java/lang/ClassNotFoundException': java/util/AbstractSetCustomizer> (0x00000007704339b0) thrown at [C:\wsjdk\Corretto8Src\installers\windows\zip\corretto-build\buildRoot\hotspot\src\share\vm\classfile\systemDictionary.cpp, line 217]
Event: 3.011 Thread 0x0000016db003f000 Exception <a 'java/lang/ClassNotFoundException': java/util/HashSetCustomizer> (0x000000077043bf00) thrown at [C:\wsjdk\Corretto8Src\installers\windows\zip\corretto-build\buildRoot\hotspot\src\share\vm\classfile\systemDictionary.cpp, line 217]
Event: 3.011 Thread 0x0000016db003f000 Exception <a 'java/lang/ClassNotFoundException': java/util/LinkedHashSetCustomizer> (0x00000007704496c0) thrown at [C:\wsjdk\Corretto8Src\installers\windows\zip\corretto-build\buildRoot\hotspot\src\share\vm\classfile\systemDictionary.cpp, line 217]

Events (10 events):
Event: 3.036 loading class org/apache/tools/ant/IntrospectionHelper$Creator
Event: 3.036 loading class org/apache/tools/ant/IntrospectionHelper$Creator done
Event: 3.036 loading class org/apache/tools/ant/types/DirSet
Event: 3.036 loading class org/apache/tools/ant/types/DirSet done
Event: 3.036 loading class org/apache/tools/ant/types/FileList
Event: 3.036 loading class org/apache/tools/ant/types/FileList done
Event: 3.037 loading class org/apache/tools/ant/util/TaskLogger
Event: 3.037 loading class org/apache/tools/ant/util/TaskLogger done
Event: 3.038 loading class org/aspectj/util/LangUtil
Event: 3.038 loading class org/aspectj/util/LangUtil done


Dynamic libraries:
0x00007ff776610000 - 0x00007ff77664a000 	C:\Users\sereg\.jdks\corretto-1.8.0_362\bin\java.exe
0x00007fffb4eb0000 - 0x00007fffb50c4000 	C:\WINDOWS\SYSTEM32\ntdll.dll
0x00007fffb3740000 - 0x00007fffb3802000 	C:\WINDOWS\System32\KERNEL32.DLL
0x00007fffb2810000 - 0x00007fffb2bb3000 	C:\WINDOWS\System32\KERNELBASE.dll
0x00007fffb39c0000 - 0x00007fffb3a6e000 	C:\WINDOWS\System32\ADVAPI32.dll
0x00007fffb3d50000 - 0x00007fffb3df7000 	C:\WINDOWS\System32\msvcrt.dll
0x00007fffb4310000 - 0x00007fffb43b4000 	C:\WINDOWS\System32\sechost.dll
0x00007fffb41f0000 - 0x00007fffb4307000 	C:\WINDOWS\System32\RPCRT4.dll
0x00007fffb4040000 - 0x00007fffb41eb000 	C:\WINDOWS\System32\USER32.dll
0x00007fffb2bc0000 - 0x00007fffb2be6000 	C:\WINDOWS\System32\win32u.dll
0x00007fffb3710000 - 0x00007fffb3739000 	C:\WINDOWS\System32\GDI32.dll
0x00007fffb23d0000 - 0x00007fffb24e9000 	C:\WINDOWS\System32\gdi32full.dll
0x00007fffb2bf0000 - 0x00007fffb2c8a000 	C:\WINDOWS\System32\msvcp_win.dll
0x00007fffb22b0000 - 0x00007fffb23c1000 	C:\WINDOWS\System32\ucrtbase.dll
0x00007fffb1600000 - 0x00007fffb188e000 	C:\WINDOWS\WinSxS\amd64_microsoft.windows.common-controls_6595b64144ccf1df_6.0.22621.1635_none_270f70857386168e\COMCTL32.dll
0x00007fffb3e00000 - 0x00007fffb3e31000 	C:\WINDOWS\System32\IMM32.DLL
0x00007fff66aa0000 - 0x00007fff66b8f000 	C:\Users\sereg\.jdks\corretto-1.8.0_362\jre\bin\msvcr120.dll
0x00007fff6bb00000 - 0x00007fff6bba6000 	C:\Users\sereg\.jdks\corretto-1.8.0_362\jre\bin\msvcp120.dll
0x0000000068590000 - 0x0000000068e05000 	C:\Users\sereg\.jdks\corretto-1.8.0_362\jre\bin\server\jvm.dll
0x00007fffb3570000 - 0x00007fffb3578000 	C:\WINDOWS\System32\PSAPI.DLL
0x00007fff8b2d0000 - 0x00007fff8b2d9000 	C:\WINDOWS\SYSTEM32\WSOCK32.dll
0x00007fffa94e0000 - 0x00007fffa9514000 	C:\WINDOWS\SYSTEM32\WINMM.dll
0x00007fffb0bc0000 - 0x00007fffb0bca000 	C:\WINDOWS\SYSTEM32\VERSION.dll
0x00007fffb3890000 - 0x00007fffb3901000 	C:\WINDOWS\System32\WS2_32.dll
0x00007fffabd70000 - 0x00007fffabd7f000 	C:\Users\sereg\.jdks\corretto-1.8.0_362\jre\bin\verify.dll
0x00007fffaaef0000 - 0x00007fffaaf19000 	C:\Users\sereg\.jdks\corretto-1.8.0_362\jre\bin\java.dll
0x00007fffa3fb0000 - 0x00007fffa3fc6000 	C:\Users\sereg\.jdks\corretto-1.8.0_362\jre\bin\zip.dll
0x00007fffb2ce0000 - 0x00007fffb34da000 	C:\WINDOWS\System32\SHELL32.dll
0x00007fffaf360000 - 0x00007fffafc2e000 	C:\WINDOWS\SYSTEM32\windows.storage.dll
0x00007fffb4580000 - 0x00007fffb4909000 	C:\WINDOWS\System32\combase.dll
0x00007fffaf220000 - 0x00007fffaf35e000 	C:\WINDOWS\SYSTEM32\wintypes.dll
0x00007fffb3610000 - 0x00007fffb3701000 	C:\WINDOWS\System32\SHCORE.dll
0x00007fffb3e40000 - 0x00007fffb3e9e000 	C:\WINDOWS\System32\shlwapi.dll
0x00007fffb21e0000 - 0x00007fffb2201000 	C:\WINDOWS\SYSTEM32\profapi.dll
0x00007fffa2b10000 - 0x00007fffa2b2a000 	C:\Users\sereg\.jdks\corretto-1.8.0_362\jre\bin\net.dll
0x00007fffb0800000 - 0x00007fffb0869000 	C:\WINDOWS\system32\mswsock.dll
0x00007fffab440000 - 0x00007fffab452000 	C:\Users\sereg\.jdks\corretto-1.8.0_362\jre\bin\nio.dll
0x00007fffb0e70000 - 0x00007fffb0e8e000 	C:\Users\sereg\.gradle\native\25\windows-amd64\native-platform.dll
0x00007fffb0e90000 - 0x00007fffb0e9d000 	C:\Users\sereg\.jdks\corretto-1.8.0_362\jre\bin\management.dll
0x00007fffb1f50000 - 0x00007fffb1f6b000 	C:\WINDOWS\SYSTEM32\CRYPTSP.dll
0x00007fffb03a0000 - 0x00007fffb03d5000 	C:\WINDOWS\system32\rsaenh.dll
0x00007fffb08a0000 - 0x00007fffb08c8000 	C:\WINDOWS\SYSTEM32\USERENV.dll
0x00007fffb1ae0000 - 0x00007fffb1b08000 	C:\WINDOWS\SYSTEM32\bcrypt.dll
0x00007fffb2620000 - 0x00007fffb269b000 	C:\WINDOWS\System32\bcryptprimitives.dll
0x00007fffb0b00000 - 0x00007fffb0b0c000 	C:\WINDOWS\SYSTEM32\CRYPTBASE.dll
0x00007fffaff00000 - 0x00007fffaff2d000 	C:\WINDOWS\SYSTEM32\IPHLPAPI.DLL
0x00007fffb4030000 - 0x00007fffb4039000 	C:\WINDOWS\System32\NSI.dll
0x00007fffa9490000 - 0x00007fffa94a9000 	C:\WINDOWS\SYSTEM32\dhcpcsvc6.DLL
0x00007fffa9420000 - 0x00007fffa943f000 	C:\WINDOWS\SYSTEM32\dhcpcsvc.DLL
0x00007fffaff70000 - 0x00007fffb0063000 	C:\WINDOWS\SYSTEM32\DNSAPI.dll

VM Arguments:
jvm_args: -Dfile.encoding=UTF-8 -Duser.country=RU -Duser.language=ru -Duser.variant 
java_command: org.gradle.launcher.daemon.bootstrap.GradleDaemon 4.8.1
java_class_path (initial): C:\Users\sereg\.gradle\wrapper\dists\gradle-4.8.1-bin\e8p42vx1m7a3mz9ydmjagn6wn\gradle-4.8.1\lib\gradle-launcher-4.8.1.jar
Launcher Type: SUN_STANDARD

Environment Variables:
JAVA_HOME=C:\Program Files\Java\jdk-11.0.17
PATH=C:\Program Files (x86)\NVIDIA Corporation\PhysX\Common;C:\Program Files\Common Files\Oracle\Java\javapath;C:\Users\sereg\AppData\Local\Programs\Python\Python311\Scripts\;C:\Users\sereg\AppData\Local\Programs\Python\Python311\;C:\WINDOWS\system32\config\systemprofile\AppData\Local\Microsoft\WindowsApps;C:\Program Files\Gradle\gradle-4.8.1\bin;C:\Program Files\Java\jdk-11.0.17\bin;D:\Jmeter\apache-jmeter-5.5\bin;C:\Windows\System32;C:\Program Files\Docker\Docker\resources\bin;C:\Program Files\MySQL\MySQL Utilities 1.6\;C:\ProgramData\chocolatey\bin;C:\Program Files\OpenSSL\bin;;C:\Program Files\NVIDIA Corporation\NVIDIA NvDLISR;C:\Program Files\MySQL\MySQL Shell 8.0\bin\;C:\Users\sereg\AppData\Local\Programs\Python\Python311\Scripts\;C:\Users\sereg\AppData\Local\Programs\Python\Python311\;C:\Users\sereg\AppData\Local\Microsoft\WindowsApps;C:\Program Files\Gradle\gradle-4.8.1\bin;C:\Program Files\Java\jdk-11.0.17\bin;D:\Jmeter\apache-jmeter-5.5\bin;C:\Windows\System32;C:\Program Files\Docker\Docker\resources\bin;C:\Program Files\OpenSSL\bin;
USERNAME=sereg
OS=Windows_NT
PROCESSOR_IDENTIFIER=Intel64 Family 6 Model 141 Stepping 1, GenuineIntel



---------------  S Y S T E M  ---------------

OS: Windows 11 , 64 bit Build 22621 (10.0.22621.1778)

CPU:total 12 (initial active 12) (6 cores per cpu, 2 threads per core) family 6 model 141 stepping 1, cmov, cx8, fxsr, mmx, sse, sse2, sse3, ssse3, sse4.1, sse4.2, popcnt, avx, avx2, aes, clmul, erms, 3dnowpref, lzcnt, ht, tsc, tscinvbit, bmi1, bmi2, adx

Memory: 4k page, physical 16551224k(916564k free), swap 40567988k(5412k free)

vm_info: OpenJDK 64-Bit Server VM (25.362-b08) for windows-amd64 JRE (1.8.0_362-b08), built on Jan 13 2023 13:30:12 by "Administrator" with MS VC++ 12.0 (VS2013)

time: Mon Jun 19 16:06:54 2023
timezone: RTZ 2 (зима)
elapsed time: 3.041519 seconds (0d 0h 0m 3s)

