#
# There is insufficient memory for the Java Runtime Environment to continue.
# Native memory allocation (malloc) failed to allocate 2024752 bytes for Chunk::new
# Possible reasons:
#   The system is out of physical RAM or swap space
#   The process is running with CompressedOops enabled, and the Java Heap may be blocking the growth of the native heap
# Possible solutions:
#   Reduce memory load on the system
#   Increase physical memory or swap space
#   Check if swap backing store is full
#   Decrease Java heap size (-Xmx/-Xms)
#   Decrease number of Java threads
#   Decrease Java thread stack sizes (-Xss)
#   Set larger code cache with -XX:ReservedCodeCacheSize=
#   JVM is running with Zero Based Compressed Oops mode in which the Java heap is
#     placed in the first 32GB address space. The Java Heap base address is the
#     maximum limit for the native heap growth. Please use -XX:HeapBaseMinAddress
#     to set the Java Heap base and to place the Java Heap above 32GB virtual address.
# This output file may be truncated or incomplete.
#
#  Out of Memory Error (allocation.cpp:389), pid=18856, tid=0x0000000000004c58
#
# JRE version: OpenJDK Runtime Environment (8.0_362-b08) (build 1.8.0_362-b08)
# Java VM: OpenJDK 64-Bit Server VM (25.362-b08 mixed mode windows-amd64 compressed oops)
# Failed to write core dump. Minidumps are not enabled by default on client versions of Windows
#

---------------  T H R E A D  ---------------

Current thread (0x000002b76f550800):  JavaThread "C2 CompilerThread1" daemon [_thread_in_native, id=19544, stack(0x000000ff4a200000,0x000000ff4a300000)]

Stack: [0x000000ff4a200000,0x000000ff4a300000]
[error occurred during error reporting (printing stack bounds), id 0xc0000005]

Native frames: (J=compiled Java code, j=interpreted, Vv=VM code, C=native code)


Current CompileTask:
C2:   6249 6915   !   4       org.aspectj.org.eclipse.jdt.internal.compiler.ast.ASTNode::resolveAnnotations (1307 bytes)


---------------  P R O C E S S  ---------------

Java Threads: ( => current thread )
  0x000002b77770a000 JavaThread "Build operations Thread 12" [_thread_blocked, id=15508, stack(0x000000ff4cd00000,0x000000ff4ce00000)]
  0x000002b777709000 JavaThread "Build operations Thread 11" [_thread_blocked, id=17212, stack(0x000000ff4cc00000,0x000000ff4cd00000)]
  0x000002b77106d000 JavaThread "Build operations Thread 10" [_thread_blocked, id=19832, stack(0x000000ff4cb00000,0x000000ff4cc00000)]
  0x000002b77106c000 JavaThread "Build operations Thread 9" [_thread_blocked, id=7040, stack(0x000000ff4ca00000,0x000000ff4cb00000)]
  0x000002b77106b800 JavaThread "Build operations Thread 8" [_thread_blocked, id=15672, stack(0x000000ff4c900000,0x000000ff4ca00000)]
  0x000002b77106a800 JavaThread "Build operations Thread 7" [_thread_blocked, id=10704, stack(0x000000ff4c800000,0x000000ff4c900000)]
  0x000002b771062800 JavaThread "Build operations Thread 6" [_thread_blocked, id=20440, stack(0x000000ff4c700000,0x000000ff4c800000)]
  0x000002b77106a000 JavaThread "Build operations Thread 5" [_thread_blocked, id=19448, stack(0x000000ff4c600000,0x000000ff4c700000)]
  0x000002b771069000 JavaThread "Build operations Thread 4" [_thread_blocked, id=15944, stack(0x000000ff4c500000,0x000000ff4c600000)]
  0x000002b771068000 JavaThread "Build operations Thread 3" [_thread_blocked, id=7092, stack(0x000000ff4c400000,0x000000ff4c500000)]
  0x000002b771063800 JavaThread "Task worker for ':' Thread 11" [_thread_blocked, id=15252, stack(0x000000ff4c300000,0x000000ff4c400000)]
  0x000002b771060800 JavaThread "Task worker for ':' Thread 10" [_thread_blocked, id=8240, stack(0x000000ff4c200000,0x000000ff4c300000)]
  0x000002b771064800 JavaThread "Task worker for ':' Thread 9" [_thread_blocked, id=19752, stack(0x000000ff4c100000,0x000000ff4c200000)]
  0x000002b771066800 JavaThread "Task worker for ':' Thread 8" [_thread_blocked, id=7240, stack(0x000000ff4c000000,0x000000ff4c100000)]
  0x000002b771067800 JavaThread "Task worker for ':' Thread 7" [_thread_blocked, id=13876, stack(0x000000ff4bf00000,0x000000ff4c000000)]
  0x000002b771066000 JavaThread "Task worker for ':' Thread 6" [_thread_blocked, id=15408, stack(0x000000ff4be00000,0x000000ff4bf00000)]
  0x000002b771062000 JavaThread "Task worker for ':' Thread 5" [_thread_blocked, id=1224, stack(0x000000ff4bd00000,0x000000ff4be00000)]
  0x000002b77105f800 JavaThread "Task worker for ':' Thread 4" [_thread_blocked, id=19136, stack(0x000000ff4bc00000,0x000000ff4bd00000)]
  0x000002b77105e000 JavaThread "Task worker for ':' Thread 3" [_thread_blocked, id=5980, stack(0x000000ff4bb00000,0x000000ff4bc00000)]
  0x000002b771065000 JavaThread "Task worker for ':' Thread 2" [_thread_blocked, id=19380, stack(0x000000ff4ba00000,0x000000ff4bb00000)]
  0x000002b771061000 JavaThread "Task worker for ':'" [_thread_blocked, id=11968, stack(0x000000ff4b900000,0x000000ff4ba00000)]
  0x000002b77105f000 JavaThread "Cache worker for Build Output Cleanup Cache (D:\GoodtMe\testit\Selenium\.gradle\buildOutputCleanup)" [_thread_blocked, id=1748, stack(0x000000ff4b800000,0x000000ff4b900000)]
  0x000002b7727fb000 JavaThread "Cache worker for task history cache (D:\GoodtMe\testit\Selenium\.gradle\4.8.1\taskHistory)" [_thread_blocked, id=16664, stack(0x000000ff4b700000,0x000000ff4b800000)]
  0x000002b7727f9800 JavaThread "Cache worker for file content cache (D:\GoodtMe\testit\Selenium\.gradle\4.8.1\fileContent)" [_thread_blocked, id=18836, stack(0x000000ff4b600000,0x000000ff4b700000)]
  0x000002b7727f8800 JavaThread "Memory manager" [_thread_blocked, id=19404, stack(0x000000ff4b500000,0x000000ff4b600000)]
  0x000002b7727f8000 JavaThread "Build operations Thread 2" [_thread_blocked, id=18244, stack(0x000000ff4b400000,0x000000ff4b500000)]
  0x000002b7727ff000 JavaThread "Build operations" [_thread_blocked, id=15200, stack(0x000000ff4b300000,0x000000ff4b400000)]
  0x000002b7727fd800 JavaThread "Cache worker for Artifact transforms cache (C:\Users\sereg\.gradle\caches\transforms-1)" [_thread_blocked, id=12252, stack(0x000000ff4b200000,0x000000ff4b300000)]
  0x000002b7727fa800 JavaThread "Cache worker for file hash cache (D:\GoodtMe\testit\Selenium\.gradle\4.8.1\fileHashes)" [_thread_blocked, id=10372, stack(0x000000ff4b100000,0x000000ff4b200000)]
  0x000002b772880000 JavaThread "File lock request listener" [_thread_in_native, id=17720, stack(0x000000ff4b000000,0x000000ff4b100000)]
  0x000002b772228000 JavaThread "Cache worker for file hash cache (C:\Users\sereg\.gradle\caches\4.8.1\fileHashes)" [_thread_blocked, id=2692, stack(0x000000ff4af00000,0x000000ff4b000000)]
  0x000002b77242b000 JavaThread "Stdin handler" [_thread_blocked, id=20300, stack(0x000000ff4ae00000,0x000000ff4af00000)]
  0x000002b77242a000 JavaThread "Asynchronous log dispatcher for DefaultDaemonConnection: socket connection from /127.0.0.1:51293 to /127.0.0.1:51294" [_thread_blocked, id=19548, stack(0x000000ff4ad00000,0x000000ff4ae00000)]
  0x000002b772440800 JavaThread "Daemon worker" [_thread_blocked, id=20140, stack(0x000000ff4ac00000,0x000000ff4ad00000)]
  0x000002b77243f800 JavaThread "Cancel handler" [_thread_blocked, id=15188, stack(0x000000ff4ab00000,0x000000ff4ac00000)]
  0x000002b772769800 JavaThread "Handler for socket connection from /127.0.0.1:51293 to /127.0.0.1:51294" [_thread_in_native, id=12832, stack(0x000000ff4aa00000,0x000000ff4ab00000)]
  0x000002b77267c000 JavaThread "Daemon" [_thread_blocked, id=19200, stack(0x000000ff4a900000,0x000000ff4aa00000)]
  0x000002b7725bf800 JavaThread "Daemon periodic checks" [_thread_blocked, id=19280, stack(0x000000ff4a800000,0x000000ff4a900000)]
  0x000002b77276b800 JavaThread "Incoming local TCP Connector on port 51293" [_thread_in_native, id=18720, stack(0x000000ff4a700000,0x000000ff4a800000)]
  0x000002b770d6a000 JavaThread "Service Thread" daemon [_thread_blocked, id=6640, stack(0x000000ff4a500000,0x000000ff4a600000)]
  0x000002b76f55d000 JavaThread "C1 CompilerThread3" daemon [_thread_blocked, id=13104, stack(0x000000ff4a400000,0x000000ff4a500000)]
  0x000002b76f558000 JavaThread "C2 CompilerThread2" daemon [_thread_in_native, id=4280, stack(0x000000ff4a300000,0x000000ff4a400000)]
=>0x000002b76f550800 JavaThread "C2 CompilerThread1" daemon [_thread_in_native, id=19544, stack(0x000000ff4a200000,0x000000ff4a300000)]
  0x000002b76f54f000 JavaThread "C2 CompilerThread0" daemon [_thread_in_native, id=12908, stack(0x000000ff4a100000,0x000000ff4a200000)]
  0x000002b76f54c000 JavaThread "Attach Listener" daemon [_thread_blocked, id=16312, stack(0x000000ff4a000000,0x000000ff4a100000)]
  0x000002b76f54b000 JavaThread "Signal Dispatcher" daemon [_thread_blocked, id=9532, stack(0x000000ff49f00000,0x000000ff4a000000)]
  0x000002b76f516800 JavaThread "Finalizer" daemon [_thread_blocked, id=18232, stack(0x000000ff49e00000,0x000000ff49f00000)]
  0x000002b76f50b800 JavaThread "Reference Handler" daemon [_thread_blocked, id=20104, stack(0x000000ff49d00000,0x000000ff49e00000)]
  0x000002b753b26000 JavaThread "main" [_thread_blocked, id=19464, stack(0x000000ff49100000,0x000000ff49200000)]

Other Threads:
  0x000002b76f4e3000 VMThread [stack: 0x000000ff49c00000,0x000000ff49d00000] [id=16948]
  0x000002b770d7e000 WatcherThread [stack: 0x000000ff4a600000,0x000000ff4a700000] [id=9800]

VM state:at safepoint (normal execution)

VM Mutex/Monitor currently owned by a thread:  ([mutex/lock_event])
[0x000002b753b22cc0] Threads_lock - owner thread: 0x000002b76f4e3000
[0x000002b753b22dc0] Heap_lock - owner thread: 0x000002b77105e000

heap address: 0x00000006c3600000, size: 4042 MB, Compressed Oops mode: Zero based, Oop shift amount: 3
Narrow klass base: 0x0000000000000000, Narrow klass shift: 3
Compressed class space size: 1073741824 Address: 0x00000007c0000000

Heap:
 PSYoungGen      total 218624K, used 218619K [0x000000076bd00000, 0x000000077f500000, 0x00000007c0000000)
  eden space 193024K, 100% used [0x000000076bd00000,0x0000000777980000,0x0000000777980000)
  from space 25600K, 99% used [0x0000000777980000,0x000000077927ee30,0x0000000779280000)
  to   space 37888K, 0% used [0x000000077d000000,0x000000077d058000,0x000000077f500000)
 ParOldGen       total 174592K, used 57187K [0x00000006c3600000, 0x00000006ce080000, 0x000000076bd00000)
  object space 174592K, 32% used [0x00000006c3600000,0x00000006c6ddcd28,0x00000006ce080000)
 Metaspace       used 51032K, capacity 51936K, committed 52224K, reserved 1095680K
  class space    used 6495K, capacity 6839K, committed 6912K, reserved 1048576K

Card table byte_map: [0x000002b7649e0000,0x000002b7651d0000] byte_map_base: 0x000002b7613c5000

Marking Bits: (ParMarkBitMap*) 0x0000000069176830
 Begin Bits: [0x000002b765720000, 0x000002b769648000)
 End Bits:   [0x000002b769648000, 0x000002b76d570000)

Polling page: 0x000002b7555f0000

CodeCache: size=245760Kb used=24241Kb max_used=24241Kb free=221518Kb
 bounds [0x000002b755620000, 0x000002b756e20000, 0x000002b764620000]
 total_blobs=7292 nmethods=6520 adapters=682
 compilation: enabled

Compilation events (10 events):
Event: 6.233 Thread 0x000002b76f55d000 7511       2       org.aspectj.org.eclipse.jdt.internal.compiler.lookup.SourceTypeBinding::addDefaultAbstractMethods (496 bytes)
Event: 6.234 Thread 0x000002b76f55d000 nmethod 7511 0x000002b7565c9310 code [0x000002b7565c9600, 0x000002b7565cac40]
Event: 6.234 Thread 0x000002b76f55d000 7512 %     3       org.aspectj.org.eclipse.jdt.internal.compiler.lookup.Scope::getTypeOrPackage @ 1161 (1653 bytes)
Event: 6.241 Thread 0x000002b76f55d000 nmethod 7512% 0x000002b756dfa8d0 code [0x000002b756dfb340, 0x000002b756e05500]
Event: 6.241 Thread 0x000002b76f55d000 7513 %     3       org.aspectj.org.eclipse.jdt.internal.compiler.lookup.Scope::findDefaultAbstractMethod @ 44 (409 bytes)
Event: 6.244 Thread 0x000002b76f55d000 nmethod 7513% 0x000002b756e0b010 code [0x000002b756e0b440, 0x000002b756e0e600]
Event: 6.244 Thread 0x000002b76f55d000 7514       2       org.aspectj.org.eclipse.jdt.internal.compiler.lookup.BoundSet::typeArgumentEqualityConstraints (192 bytes)
Event: 6.245 Thread 0x000002b76f55d000 nmethod 7514 0x000002b756902910 code [0x000002b756902b20, 0x000002b756903360]
Event: 6.245 Thread 0x000002b76f55d000 7516 %     3       org.aspectj.org.eclipse.jdt.internal.compiler.lookup.InferenceContext18::getSmallestVariableSet @ 30 (208 bytes)
Event: 6.246 Thread 0x000002b76f55d000 nmethod 7516% 0x000002b756b8ef50 code [0x000002b756b8f2a0, 0x000002b756b90f20]

GC Heap History (10 events):
Event: 2.485 GC heap before
{Heap before GC invocations=7 (full 1):
 PSYoungGen      total 137728K, used 81363K [0x000000076bd00000, 0x0000000776700000, 0x00000007c0000000)
  eden space 126976K, 55% used [0x000000076bd00000,0x00000007701f6c48,0x0000000773900000)
  from space 10752K, 99% used [0x0000000773900000,0x000000077437e098,0x0000000774380000)
  to   space 13312K, 0% used [0x0000000775a00000,0x0000000775a00000,0x0000000776700000)
 ParOldGen       total 105472K, used 10450K [0x00000006c3600000, 0x00000006c9d00000, 0x000000076bd00000)
  object space 105472K, 9% used [0x00000006c3600000,0x00000006c40349d0,0x00000006c9d00000)
 Metaspace       used 34737K, capacity 35412K, committed 35496K, reserved 1079296K
  class space    used 5117K, capacity 5340K, committed 5376K, reserved 1048576K
Event: 2.493 GC heap after
Heap after GC invocations=7 (full 1):
 PSYoungGen      total 158208K, used 13280K [0x000000076bd00000, 0x0000000779b00000, 0x00000007c0000000)
  eden space 144896K, 0% used [0x000000076bd00000,0x000000076bd00000,0x0000000774a80000)
  from space 13312K, 99% used [0x0000000775a00000,0x00000007766f8060,0x0000000776700000)
  to   space 15872K, 0% used [0x0000000774a80000,0x0000000774a80000,0x0000000775a00000)
 ParOldGen       total 105472K, used 11984K [0x00000006c3600000, 0x00000006c9d00000, 0x000000076bd00000)
  object space 105472K, 11% used [0x00000006c3600000,0x00000006c41b4230,0x00000006c9d00000)
 Metaspace       used 34737K, capacity 35412K, committed 35496K, reserved 1079296K
  class space    used 5117K, capacity 5340K, committed 5376K, reserved 1048576K
}
Event: 2.493 GC heap before
{Heap before GC invocations=8 (full 2):
 PSYoungGen      total 158208K, used 13280K [0x000000076bd00000, 0x0000000779b00000, 0x00000007c0000000)
  eden space 144896K, 0% used [0x000000076bd00000,0x000000076bd00000,0x0000000774a80000)
  from space 13312K, 99% used [0x0000000775a00000,0x00000007766f8060,0x0000000776700000)
  to   space 15872K, 0% used [0x0000000774a80000,0x0000000774a80000,0x0000000775a00000)
 ParOldGen       total 105472K, used 11984K [0x00000006c3600000, 0x00000006c9d00000, 0x000000076bd00000)
  object space 105472K, 11% used [0x00000006c3600000,0x00000006c41b4230,0x00000006c9d00000)
 Metaspace       used 34737K, capacity 35412K, committed 35496K, reserved 1079296K
  class space    used 5117K, capacity 5340K, committed 5376K, reserved 1048576K
Event: 2.528 GC heap after
Heap after GC invocations=8 (full 2):
 PSYoungGen      total 158208K, used 0K [0x000000076bd00000, 0x0000000779b00000, 0x00000007c0000000)
  eden space 144896K, 0% used [0x000000076bd00000,0x000000076bd00000,0x0000000774a80000)
  from space 13312K, 0% used [0x0000000775a00000,0x0000000775a00000,0x0000000776700000)
  to   space 15872K, 0% used [0x0000000774a80000,0x0000000774a80000,0x0000000775a00000)
 ParOldGen       total 174592K, used 21415K [0x00000006c3600000, 0x00000006ce080000, 0x000000076bd00000)
  object space 174592K, 12% used [0x00000006c3600000,0x00000006c4ae9f18,0x00000006ce080000)
 Metaspace       used 34737K, capacity 35412K, committed 35496K, reserved 1079296K
  class space    used 5117K, capacity 5340K, committed 5376K, reserved 1048576K
}
Event: 4.109 GC heap before
{Heap before GC invocations=9 (full 2):
 PSYoungGen      total 158208K, used 144896K [0x000000076bd00000, 0x0000000779b00000, 0x00000007c0000000)
  eden space 144896K, 100% used [0x000000076bd00000,0x0000000774a80000,0x0000000774a80000)
  from space 13312K, 0% used [0x0000000775a00000,0x0000000775a00000,0x0000000776700000)
  to   space 15872K, 0% used [0x0000000774a80000,0x0000000774a80000,0x0000000775a00000)
 ParOldGen       total 174592K, used 21415K [0x00000006c3600000, 0x00000006ce080000, 0x000000076bd00000)
  object space 174592K, 12% used [0x00000006c3600000,0x00000006c4ae9f18,0x00000006ce080000)
 Metaspace       used 43196K, capacity 44074K, committed 44288K, reserved 1087488K
  class space    used 5969K, capacity 6290K, committed 6400K, reserved 1048576K
Event: 4.118 GC heap after
Heap after GC invocations=9 (full 2):
 PSYoungGen      total 160768K, used 15852K [0x000000076bd00000, 0x000000077a500000, 0x00000007c0000000)
  eden space 144896K, 0% used [0x000000076bd00000,0x000000076bd00000,0x0000000774a80000)
  from space 15872K, 99% used [0x0000000774a80000,0x00000007759fb2f8,0x0000000775a00000)
  to   space 18944K, 0% used [0x0000000779280000,0x0000000779280000,0x000000077a500000)
 ParOldGen       total 174592K, used 23341K [0x00000006c3600000, 0x00000006ce080000, 0x000000076bd00000)
  object space 174592K, 13% used [0x00000006c3600000,0x00000006c4ccb680,0x00000006ce080000)
 Metaspace       used 43196K, capacity 44074K, committed 44288K, reserved 1087488K
  class space    used 5969K, capacity 6290K, committed 6400K, reserved 1048576K
}
Event: 4.784 GC heap before
{Heap before GC invocations=10 (full 2):
 PSYoungGen      total 160768K, used 160748K [0x000000076bd00000, 0x000000077a500000, 0x00000007c0000000)
  eden space 144896K, 100% used [0x000000076bd00000,0x0000000774a80000,0x0000000774a80000)
  from space 15872K, 99% used [0x0000000774a80000,0x00000007759fb2f8,0x0000000775a00000)
  to   space 18944K, 0% used [0x0000000779280000,0x0000000779280000,0x000000077a500000)
 ParOldGen       total 174592K, used 23341K [0x00000006c3600000, 0x00000006ce080000, 0x000000076bd00000)
  object space 174592K, 13% used [0x00000006c3600000,0x00000006c4ccb680,0x00000006ce080000)
 Metaspace       used 48239K, capacity 49098K, committed 49280K, reserved 1091584K
  class space    used 6385K, capacity 6706K, committed 6784K, reserved 1048576K
Event: 4.795 GC heap after
Heap after GC invocations=10 (full 2):
 PSYoungGen      total 211968K, used 18933K [0x000000076bd00000, 0x000000077b400000, 0x00000007c0000000)
  eden space 193024K, 0% used [0x000000076bd00000,0x000000076bd00000,0x0000000777980000)
  from space 18944K, 99% used [0x0000000779280000,0x000000077a4fd5d0,0x000000077a500000)
  to   space 25600K, 0% used [0x0000000777980000,0x0000000777980000,0x0000000779280000)
 ParOldGen       total 174592K, used 33070K [0x00000006c3600000, 0x00000006ce080000, 0x000000076bd00000)
  object space 174592K, 18% used [0x00000006c3600000,0x00000006c564ba08,0x00000006ce080000)
 Metaspace       used 48239K, capacity 49098K, committed 49280K, reserved 1091584K
  class space    used 6385K, capacity 6706K, committed 6784K, reserved 1048576K
}
Event: 5.753 GC heap before
{Heap before GC invocations=11 (full 2):
 PSYoungGen      total 211968K, used 211957K [0x000000076bd00000, 0x000000077b400000, 0x00000007c0000000)
  eden space 193024K, 100% used [0x000000076bd00000,0x0000000777980000,0x0000000777980000)
  from space 18944K, 99% used [0x0000000779280000,0x000000077a4fd5d0,0x000000077a500000)
  to   space 25600K, 0% used [0x0000000777980000,0x0000000777980000,0x0000000779280000)
 ParOldGen       total 174592K, used 33070K [0x00000006c3600000, 0x00000006ce080000, 0x000000076bd00000)
  object space 174592K, 18% used [0x00000006c3600000,0x00000006c564ba08,0x00000006ce080000)
 Metaspace       used 50775K, capacity 51648K, committed 51968K, reserved 1093632K
  class space    used 6493K, capacity 6807K, committed 6912K, reserved 1048576K
Event: 5.779 GC heap after
Heap after GC invocations=11 (full 2):
 PSYoungGen      total 218624K, used 25595K [0x000000076bd00000, 0x000000077f500000, 0x00000007c0000000)
  eden space 193024K, 0% used [0x000000076bd00000,0x000000076bd00000,0x0000000777980000)
  from space 25600K, 99% used [0x0000000777980000,0x000000077927ee30,0x0000000779280000)
  to   space 37888K, 0% used [0x000000077d000000,0x000000077d000000,0x000000077f500000)
 ParOldGen       total 174592K, used 54971K [0x00000006c3600000, 0x00000006ce080000, 0x000000076bd00000)
  object space 174592K, 31% used [0x00000006c3600000,0x00000006c6baecc8,0x00000006ce080000)
 Metaspace       used 50775K, capacity 51648K, committed 51968K, reserved 1093632K
  class space    used 6493K, capacity 6807K, committed 6912K, reserved 1048576K
}

Deoptimization events (10 events):
Event: 5.584 Thread 0x000002b77105e000 Uncommon trap: reason=unstable_if action=reinterpret pc=0x000002b756707cd0 method=org.aspectj.org.eclipse.jdt.internal.compiler.parser.TheOriginalJDTScannerClass.scanIdentifierOrKeyword()I @ 27
Event: 5.667 Thread 0x000002b77105e000 Uncommon trap: reason=unstable_if action=reinterpret pc=0x000002b755f5f2c0 method=java.util.HashMap.putVal(ILjava/lang/Object;Ljava/lang/Object;ZZ)Ljava/lang/Object; @ 162
Event: 5.668 Thread 0x000002b77105e000 Uncommon trap: reason=unstable_if action=reinterpret pc=0x000002b755e4b4ec method=java.util.HashMap.getNode(ILjava/lang/Object;)Ljava/util/HashMap$Node; @ 84
Event: 5.668 Thread 0x000002b77105e000 Uncommon trap: reason=unstable_if action=reinterpret pc=0x000002b755e9e2c8 method=java.util.HashMap.getNode(ILjava/lang/Object;)Ljava/util/HashMap$Node; @ 84
Event: 5.670 Thread 0x000002b77105e000 Uncommon trap: reason=unstable_if action=reinterpret pc=0x000002b7558e59c0 method=java.util.HashMap.resize()[Ljava/util/HashMap$Node; @ 206
Event: 5.671 Thread 0x000002b77105e000 Uncommon trap: reason=unstable_if action=reinterpret pc=0x000002b755e629a4 method=java.util.HashMap.putVal(ILjava/lang/Object;Ljava/lang/Object;ZZ)Ljava/lang/Object; @ 109
Event: 5.686 Thread 0x000002b77105e000 Uncommon trap: reason=unstable_if action=reinterpret pc=0x000002b756b0f000 method=org.aspectj.org.eclipse.jdt.internal.compiler.lookup.CompilationUnitScope.recordQualifiedReference([[C)V @ 93
Event: 5.878 Thread 0x000002b77105e000 Uncommon trap: reason=class_check action=maybe_recompile pc=0x000002b7558ee054 method=org.aspectj.org.eclipse.jdt.internal.compiler.lookup.Scope.findMemberType([CLorg/aspectj/org/eclipse/jdt/internal/compiler/lookup/ReferenceBinding;)Lorg/aspectj/org/ecli
Event: 5.879 Thread 0x000002b77105e000 Uncommon trap: reason=class_check action=maybe_recompile pc=0x000002b7558ee054 method=org.aspectj.org.eclipse.jdt.internal.compiler.lookup.Scope.findMemberType([CLorg/aspectj/org/eclipse/jdt/internal/compiler/lookup/ReferenceBinding;)Lorg/aspectj/org/ecli
Event: 6.035 Thread 0x000002b77105e000 Uncommon trap: reason=unstable_if action=reinterpret pc=0x000002b756bda3e8 method=org.aspectj.org.eclipse.jdt.internal.compiler.lookup.Scope.getTypeOrPackage([CIZ)Lorg/aspectj/org/eclipse/jdt/internal/compiler/lookup/Binding; @ 911

Classes redefined (0 events):
No events

Internal exceptions (10 events):
Event: 4.951 Thread 0x000002b77105e000 Exception <a 'java/security/PrivilegedActionException'> (0x000000076d6cfb90) thrown at [C:\wsjdk\Corretto8Src\installers\windows\zip\corretto-build\buildRoot\hotspot\src\share\vm\prims\jvm.cpp, line 1514]
Event: 4.951 Thread 0x000002b77105e000 Exception <a 'java/security/PrivilegedActionException'> (0x000000076d6d0358) thrown at [C:\wsjdk\Corretto8Src\installers\windows\zip\corretto-build\buildRoot\hotspot\src\share\vm\prims\jvm.cpp, line 1514]
Event: 4.951 Thread 0x000002b77105e000 Exception <a 'java/security/PrivilegedActionException'> (0x000000076d6d27c8) thrown at [C:\wsjdk\Corretto8Src\installers\windows\zip\corretto-build\buildRoot\hotspot\src\share\vm\prims\jvm.cpp, line 1514]
Event: 4.951 Thread 0x000002b77105e000 Exception <a 'java/security/PrivilegedActionException'> (0x000000076d6d2f90) thrown at [C:\wsjdk\Corretto8Src\installers\windows\zip\corretto-build\buildRoot\hotspot\src\share\vm\prims\jvm.cpp, line 1514]
Event: 4.952 Thread 0x000002b77105e000 Exception <a 'java/security/PrivilegedActionException'> (0x000000076d6eec70) thrown at [C:\wsjdk\Corretto8Src\installers\windows\zip\corretto-build\buildRoot\hotspot\src\share\vm\prims\jvm.cpp, line 1514]
Event: 4.952 Thread 0x000002b77105e000 Exception <a 'java/security/PrivilegedActionException'> (0x000000076d6ef438) thrown at [C:\wsjdk\Corretto8Src\installers\windows\zip\corretto-build\buildRoot\hotspot\src\share\vm\prims\jvm.cpp, line 1514]
Event: 4.952 Thread 0x000002b77105e000 Exception <a 'java/security/PrivilegedActionException'> (0x000000076d6f1888) thrown at [C:\wsjdk\Corretto8Src\installers\windows\zip\corretto-build\buildRoot\hotspot\src\share\vm\prims\jvm.cpp, line 1514]
Event: 4.952 Thread 0x000002b77105e000 Exception <a 'java/security/PrivilegedActionException'> (0x000000076d6f2050) thrown at [C:\wsjdk\Corretto8Src\installers\windows\zip\corretto-build\buildRoot\hotspot\src\share\vm\prims\jvm.cpp, line 1514]
Event: 4.952 Thread 0x000002b77105e000 Exception <a 'java/security/PrivilegedActionException'> (0x000000076d70b400) thrown at [C:\wsjdk\Corretto8Src\installers\windows\zip\corretto-build\buildRoot\hotspot\src\share\vm\prims\jvm.cpp, line 1514]
Event: 4.952 Thread 0x000002b77105e000 Exception <a 'java/security/PrivilegedActionException'> (0x000000076d70bbc8) thrown at [C:\wsjdk\Corretto8Src\installers\windows\zip\corretto-build\buildRoot\hotspot\src\share\vm\prims\jvm.cpp, line 1514]

Events (10 events):
Event: 6.228 Thread 0x000002b77105e000 DEOPT PACKING pc=0x000002b7567595f0 sp=0x000000ff4bbfb7e0
Event: 6.228 Thread 0x000002b77105e000 DEOPT UNPACKING pc=0x000002b7556675d8 sp=0x000000ff4bbfb588 mode 0
Event: 6.230 Thread 0x000002b77105e000 DEOPT PACKING pc=0x000002b756759694 sp=0x000000ff4bbfb7e0
Event: 6.230 Thread 0x000002b77105e000 DEOPT UNPACKING pc=0x000002b7556675d8 sp=0x000000ff4bbfb590 mode 0
Event: 6.232 Thread 0x000002b77105e000 DEOPT PACKING pc=0x000002b756759694 sp=0x000000ff4bbfb7e0
Event: 6.232 Thread 0x000002b77105e000 DEOPT UNPACKING pc=0x000002b7556675d8 sp=0x000000ff4bbfb590 mode 0
Event: 6.232 Thread 0x000002b77105e000 DEOPT PACKING pc=0x000002b756759694 sp=0x000000ff4bbfb7e0
Event: 6.232 Thread 0x000002b77105e000 DEOPT UNPACKING pc=0x000002b7556675d8 sp=0x000000ff4bbfb590 mode 0
Event: 6.236 Thread 0x000002b77105e000 DEOPT PACKING pc=0x000002b756bfe792 sp=0x000000ff4bbfb260
Event: 6.236 Thread 0x000002b77105e000 DEOPT UNPACKING pc=0x000002b7556675d8 sp=0x000000ff4bbfb0f0 mode 0


Dynamic libraries:
0x00007ff6e3580000 - 0x00007ff6e35ba000 	C:\Users\sereg\.jdks\corretto-1.8.0_362\bin\java.exe
0x00007fffb7b10000 - 0x00007fffb7d24000 	C:\WINDOWS\SYSTEM32\ntdll.dll
0x00007fffb64c0000 - 0x00007fffb6582000 	C:\WINDOWS\System32\KERNEL32.DLL
0x00007fffb5400000 - 0x00007fffb57a3000 	C:\WINDOWS\System32\KERNELBASE.dll
0x00007fffb7460000 - 0x00007fffb750e000 	C:\WINDOWS\System32\ADVAPI32.dll
0x00007fffb6610000 - 0x00007fffb66b7000 	C:\WINDOWS\System32\msvcrt.dll
0x00007fffb7540000 - 0x00007fffb75e4000 	C:\WINDOWS\System32\sechost.dll
0x00007fffb7750000 - 0x00007fffb7867000 	C:\WINDOWS\System32\RPCRT4.dll
0x00007fffb7870000 - 0x00007fffb7a1b000 	C:\WINDOWS\System32\USER32.dll
0x00007fffb57b0000 - 0x00007fffb57d6000 	C:\WINDOWS\System32\win32u.dll
0x00007fffb7510000 - 0x00007fffb7539000 	C:\WINDOWS\System32\GDI32.dll
0x00007fffb5220000 - 0x00007fffb5339000 	C:\WINDOWS\System32\gdi32full.dll
0x00007fffb5850000 - 0x00007fffb58ea000 	C:\WINDOWS\System32\msvcp_win.dll
0x00007fffb4f90000 - 0x00007fffb50a1000 	C:\WINDOWS\System32\ucrtbase.dll
0x00007fff9e450000 - 0x00007fff9e6de000 	C:\WINDOWS\WinSxS\amd64_microsoft.windows.common-controls_6595b64144ccf1df_6.0.22621.1635_none_270f70857386168e\COMCTL32.dll
0x00007fffb7a90000 - 0x00007fffb7ac1000 	C:\WINDOWS\System32\IMM32.DLL
0x00007fff81c60000 - 0x00007fff81d4f000 	C:\Users\sereg\.jdks\corretto-1.8.0_362\jre\bin\msvcr120.dll
0x00007fff811d0000 - 0x00007fff81276000 	C:\Users\sereg\.jdks\corretto-1.8.0_362\jre\bin\msvcp120.dll
0x0000000068980000 - 0x00000000691f5000 	C:\Users\sereg\.jdks\corretto-1.8.0_362\jre\bin\server\jvm.dll
0x00007fffb6f70000 - 0x00007fffb6f78000 	C:\WINDOWS\System32\PSAPI.DLL
0x00007fff8a640000 - 0x00007fff8a649000 	C:\WINDOWS\SYSTEM32\WSOCK32.dll
0x00007fffacce0000 - 0x00007fffacd14000 	C:\WINDOWS\SYSTEM32\WINMM.dll
0x00007fffacbe0000 - 0x00007fffacbea000 	C:\WINDOWS\SYSTEM32\VERSION.dll
0x00007fffb6590000 - 0x00007fffb6601000 	C:\WINDOWS\System32\WS2_32.dll
0x00007fffaeac0000 - 0x00007fffaeacf000 	C:\Users\sereg\.jdks\corretto-1.8.0_362\jre\bin\verify.dll
0x00007fffa4930000 - 0x00007fffa4959000 	C:\Users\sereg\.jdks\corretto-1.8.0_362\jre\bin\java.dll
0x00007fffaa980000 - 0x00007fffaa996000 	C:\Users\sereg\.jdks\corretto-1.8.0_362\jre\bin\zip.dll
0x00007fffb5b20000 - 0x00007fffb631a000 	C:\WINDOWS\System32\SHELL32.dll
0x00007fffb2ed0000 - 0x00007fffb379e000 	C:\WINDOWS\SYSTEM32\windows.storage.dll
0x00007fffb6b20000 - 0x00007fffb6ea9000 	C:\WINDOWS\System32\combase.dll
0x00007fffb2d90000 - 0x00007fffb2ece000 	C:\WINDOWS\SYSTEM32\wintypes.dll
0x00007fffb5a20000 - 0x00007fffb5b11000 	C:\WINDOWS\System32\SHCORE.dll
0x00007fffb7660000 - 0x00007fffb76be000 	C:\WINDOWS\System32\shlwapi.dll
0x00007fffb4e40000 - 0x00007fffb4e61000 	C:\WINDOWS\SYSTEM32\profapi.dll
0x00007fffa6170000 - 0x00007fffa618a000 	C:\Users\sereg\.jdks\corretto-1.8.0_362\jre\bin\net.dll
0x00007fffb4470000 - 0x00007fffb44d9000 	C:\WINDOWS\system32\mswsock.dll
0x00007fffa6100000 - 0x00007fffa6112000 	C:\Users\sereg\.jdks\corretto-1.8.0_362\jre\bin\nio.dll
0x00007fffa4c10000 - 0x00007fffa4c2e000 	C:\Users\sereg\.gradle\native\25\windows-amd64\native-platform.dll
0x00007fffaeab0000 - 0x00007fffaeabd000 	C:\Users\sereg\.jdks\corretto-1.8.0_362\jre\bin\management.dll
0x00007fffb4790000 - 0x00007fffb47ab000 	C:\WINDOWS\SYSTEM32\CRYPTSP.dll
0x00007fffb3f80000 - 0x00007fffb3fb5000 	C:\WINDOWS\system32\rsaenh.dll
0x00007fffb4510000 - 0x00007fffb4538000 	C:\WINDOWS\SYSTEM32\USERENV.dll
0x00007fffb48c0000 - 0x00007fffb48e8000 	C:\WINDOWS\SYSTEM32\bcrypt.dll
0x00007fffb4f10000 - 0x00007fffb4f8b000 	C:\WINDOWS\System32\bcryptprimitives.dll
0x00007fffb4770000 - 0x00007fffb477c000 	C:\WINDOWS\SYSTEM32\CRYPTBASE.dll
0x00007fffb3a70000 - 0x00007fffb3a9d000 	C:\WINDOWS\SYSTEM32\IPHLPAPI.DLL
0x00007fffb6f60000 - 0x00007fffb6f69000 	C:\WINDOWS\System32\NSI.dll
0x00007fffac930000 - 0x00007fffac949000 	C:\WINDOWS\SYSTEM32\dhcpcsvc6.DLL
0x00007fffac910000 - 0x00007fffac92f000 	C:\WINDOWS\SYSTEM32\dhcpcsvc.DLL
0x00007fffb3aa0000 - 0x00007fffb3b93000 	C:\WINDOWS\SYSTEM32\DNSAPI.dll

VM Arguments:
jvm_args: -Dfile.encoding=UTF-8 -Duser.country=RU -Duser.language=ru -Duser.variant 
java_command: org.gradle.launcher.daemon.bootstrap.GradleDaemon 4.8.1
java_class_path (initial): C:\Users\sereg\.gradle\wrapper\dists\gradle-4.8.1-bin\e8p42vx1m7a3mz9ydmjagn6wn\gradle-4.8.1\lib\gradle-launcher-4.8.1.jar
Launcher Type: SUN_STANDARD

Environment Variables:
JAVA_HOME=C:\Program Files\Java\jdk-11.0.17
PATH=C:\Program Files (x86)\NVIDIA Corporation\PhysX\Common;C:\Program Files\Common Files\Oracle\Java\javapath;C:\Users\sereg\AppData\Local\Programs\Python\Python311\Scripts\;C:\Users\sereg\AppData\Local\Programs\Python\Python311\;C:\WINDOWS\system32\config\systemprofile\AppData\Local\Microsoft\WindowsApps;C:\Program Files\Gradle\gradle-4.8.1\bin;C:\Program Files\Java\jdk-11.0.17\bin;D:\Jmeter\apache-jmeter-5.5\bin;C:\Windows\System32;C:\Program Files\Docker\Docker\resources\bin;C:\Program Files\MySQL\MySQL Utilities 1.6\;C:\ProgramData\chocolatey\bin;C:\Program Files\OpenSSL\bin;;C:\Program Files\NVIDIA Corporation\NVIDIA NvDLISR;C:\Program Files\MySQL\MySQL Shell 8.0\bin\;C:\Users\sereg\AppData\Local\Programs\Python\Python311\Scripts\;C:\Users\sereg\AppData\Local\Programs\Python\Python311\;C:\Users\sereg\AppData\Local\Microsoft\WindowsApps;C:\Program Files\Gradle\gradle-4.8.1\bin;C:\Program Files\Java\jdk-11.0.17\bin;D:\Jmeter\apache-jmeter-5.5\bin;C:\Windows\System32;C:\Program Files\Docker\Docker\resources\bin;C:\Program Files\OpenSSL\bin;
USERNAME=sereg
OS=Windows_NT
PROCESSOR_IDENTIFIER=Intel64 Family 6 Model 141 Stepping 1, GenuineIntel



---------------  S Y S T E M  ---------------

OS: Windows 11 , 64 bit Build 22621 (10.0.22621.1778)

CPU:total 12 (initial active 12) (6 cores per cpu, 2 threads per core) family 6 model 141 stepping 1, cmov, cx8, fxsr, mmx, sse, sse2, sse3, ssse3, sse4.1, sse4.2, popcnt, avx, avx2, aes, clmul, erms, 3dnowpref, lzcnt, ht, tsc, tscinvbit, bmi1, bmi2, adx

Memory: 4k page, physical 16551224k(1754456k free), swap 40567988k(7212k free)

vm_info: OpenJDK 64-Bit Server VM (25.362-b08) for windows-amd64 JRE (1.8.0_362-b08), built on Jan 13 2023 13:30:12 by "Administrator" with MS VC++ 12.0 (VS2013)

time: Wed Jun 21 14:01:23 2023
timezone: RTZ 2 (зима)
elapsed time: 6.255248 seconds (0d 0h 0m 6s)

