#
# There is insufficient memory for the Java Runtime Environment to continue.
# Native memory allocation (malloc) failed to allocate 1097616 bytes for Chunk::new
# Possible reasons:
#   The system is out of physical RAM or swap space
#   The process is running with CompressedOops enabled, and the Java Heap may be blocking the growth of the native heap
# Possible solutions:
#   Reduce memory load on the system
#   Increase physical memory or swap space
#   Check if swap backing store is full
#   Decrease Java heap size (-Xmx/-Xms)
#   Decrease number of Java threads
#   Decrease Java thread stack sizes (-Xss)
#   Set larger code cache with -XX:ReservedCodeCacheSize=
#   JVM is running with Zero Based Compressed Oops mode in which the Java heap is
#     placed in the first 32GB address space. The Java Heap base address is the
#     maximum limit for the native heap growth. Please use -XX:HeapBaseMinAddress
#     to set the Java Heap base and to place the Java Heap above 32GB virtual address.
# This output file may be truncated or incomplete.
#
#  Out of Memory Error (allocation.cpp:389), pid=15620, tid=0x0000000000003164
#
# JRE version: OpenJDK Runtime Environment (8.0_362-b08) (build 1.8.0_362-b08)
# Java VM: OpenJDK 64-Bit Server VM (25.362-b08 mixed mode windows-amd64 compressed oops)
# Failed to write core dump. Minidumps are not enabled by default on client versions of Windows
#

---------------  T H R E A D  ---------------

Current thread (0x000001f3adf2a800):  JavaThread "C2 CompilerThread2" daemon [_thread_in_native, id=12644, stack(0x0000003287900000,0x0000003287a00000)]

Stack: [0x0000003287900000,0x0000003287a00000]
[error occurred during error reporting (printing stack bounds), id 0xc0000005]

Native frames: (J=compiled Java code, j=interpreted, Vv=VM code, C=native code)


Current CompileTask:
C2:  10440 7671       4       org.aspectj.org.eclipse.jdt.internal.compiler.lookup.Scope::getTypeOrPackage (1653 bytes)


---------------  P R O C E S S  ---------------

Java Threads: ( => current thread )
  0x000001f3b1048000 JavaThread "Build operations Thread 12" [_thread_blocked, id=18836, stack(0x000000328a300000,0x000000328a400000)]
  0x000001f3b104a800 JavaThread "Build operations Thread 11" [_thread_blocked, id=16664, stack(0x000000328a200000,0x000000328a300000)]
  0x000001f3b1049800 JavaThread "Build operations Thread 10" [_thread_blocked, id=1748, stack(0x000000328a100000,0x000000328a200000)]
  0x000001f3b1046800 JavaThread "Build operations Thread 9" [_thread_blocked, id=19548, stack(0x000000328a000000,0x000000328a100000)]
  0x000001f3b2650000 JavaThread "Build operations Thread 8" [_thread_blocked, id=13488, stack(0x0000003289f00000,0x000000328a000000)]
  0x000001f3b264b800 JavaThread "Build operations Thread 7" [_thread_blocked, id=13408, stack(0x0000003289e00000,0x0000003289f00000)]
  0x000001f3b264f000 JavaThread "Build operations Thread 6" [_thread_blocked, id=4404, stack(0x0000003289d00000,0x0000003289e00000)]
  0x000001f3b2647800 JavaThread "Build operations Thread 5" [_thread_blocked, id=10948, stack(0x0000003289c00000,0x0000003289d00000)]
  0x000001f3b264c000 JavaThread "Build operations Thread 4" [_thread_blocked, id=17020, stack(0x0000003289b00000,0x0000003289c00000)]
  0x000001f3b264e800 JavaThread "Build operations Thread 3" [_thread_blocked, id=16880, stack(0x0000003289a00000,0x0000003289b00000)]
  0x000001f3b2649800 JavaThread "Task worker for ':' Thread 11" [_thread_blocked, id=12196, stack(0x0000003289900000,0x0000003289a00000)]
  0x000001f3b2646800 JavaThread "Task worker for ':' Thread 10" [_thread_blocked, id=14988, stack(0x0000003289800000,0x0000003289900000)]
  0x000001f3b264d000 JavaThread "Task worker for ':' Thread 9" [_thread_blocked, id=20120, stack(0x0000003289700000,0x0000003289800000)]
  0x000001f3b264a800 JavaThread "Task worker for ':' Thread 8" [_thread_blocked, id=8024, stack(0x0000003289600000,0x0000003289700000)]
  0x000001f3b264d800 JavaThread "Task worker for ':' Thread 7" [_thread_blocked, id=6436, stack(0x0000003289500000,0x0000003289600000)]
  0x000001f3b2642800 JavaThread "Task worker for ':' Thread 6" [_thread_blocked, id=8360, stack(0x0000003289400000,0x0000003289500000)]
  0x000001f3b2642000 JavaThread "Task worker for ':' Thread 5" [_thread_blocked, id=2500, stack(0x0000003289300000,0x0000003289400000)]
  0x000001f3b2645000 JavaThread "Task worker for ':' Thread 4" [_thread_blocked, id=8548, stack(0x0000003289200000,0x0000003289300000)]
  0x000001f3b2643800 JavaThread "Task worker for ':' Thread 3" [_thread_blocked, id=15896, stack(0x0000003289100000,0x0000003289200000)]
  0x000001f3b2644000 JavaThread "Task worker for ':' Thread 2" [_thread_blocked, id=14744, stack(0x0000003289000000,0x0000003289100000)]
  0x000001f3b2649000 JavaThread "Task worker for ':'" [_thread_in_Java, id=19600, stack(0x0000003288f00000,0x0000003289000000)]
  0x000001f3b2641000 JavaThread "Cache worker for Build Output Cleanup Cache (D:\GoodtMe\testit\Selenium\.gradle\buildOutputCleanup)" [_thread_blocked, id=18928, stack(0x0000003288e00000,0x0000003288f00000)]
  0x000001f3b2646000 JavaThread "Cache worker for task history cache (D:\GoodtMe\testit\Selenium\.gradle\4.8.1\taskHistory)" [_thread_blocked, id=8868, stack(0x0000003288d00000,0x0000003288e00000)]
  0x000001f3b2648000 JavaThread "Cache worker for file content cache (D:\GoodtMe\testit\Selenium\.gradle\4.8.1\fileContent)" [_thread_blocked, id=11176, stack(0x0000003288c00000,0x0000003288d00000)]
  0x000001f3b0aa4000 JavaThread "Memory manager" [_thread_blocked, id=19976, stack(0x0000003288b00000,0x0000003288c00000)]
  0x000001f3b0aa2800 JavaThread "Build operations Thread 2" [_thread_blocked, id=1984, stack(0x0000003288a00000,0x0000003288b00000)]
  0x000001f3b0aa4800 JavaThread "Build operations" [_thread_blocked, id=18988, stack(0x0000003288900000,0x0000003288a00000)]
  0x000001f3b0aa1800 JavaThread "Cache worker for Artifact transforms cache (C:\Users\sereg\.gradle\caches\transforms-1)" [_thread_blocked, id=11568, stack(0x0000003288800000,0x0000003288900000)]
  0x000001f3b0aa1000 JavaThread "Cache worker for file hash cache (D:\GoodtMe\testit\Selenium\.gradle\4.8.1\fileHashes)" [_thread_blocked, id=11748, stack(0x0000003288700000,0x0000003288800000)]
  0x000001f3b0aa6800 JavaThread "Stdin handler" [_thread_blocked, id=3144, stack(0x0000003288400000,0x0000003288500000)]
  0x000001f3b0aa3000 JavaThread "Asynchronous log dispatcher for DefaultDaemonConnection: socket connection from /127.0.0.1:51348 to /127.0.0.1:51355" [_thread_blocked, id=16876, stack(0x0000003288300000,0x0000003288400000)]
  0x000001f3b0aa0000 JavaThread "Cancel handler" [_thread_blocked, id=4884, stack(0x0000003288100000,0x0000003288200000)]
  0x000001f3b0aa7000 JavaThread "Handler for socket connection from /127.0.0.1:51348 to /127.0.0.1:51355" [_thread_in_native, id=10960, stack(0x0000003288000000,0x0000003288100000)]
  0x000001f3b1f51800 JavaThread "File lock request listener" [_thread_in_native, id=11628, stack(0x0000003288600000,0x0000003288700000)]
  0x000001f3b2130000 JavaThread "Cache worker for file hash cache (C:\Users\sereg\.gradle\caches\4.8.1\fileHashes)" [_thread_blocked, id=17528, stack(0x0000003288500000,0x0000003288600000)]
  0x000001f3b1ded800 JavaThread "Daemon worker" [_thread_blocked, id=16312, stack(0x0000003288200000,0x0000003288300000)]
  0x000001f3b1d7a000 JavaThread "Daemon" [_thread_blocked, id=19376, stack(0x0000003287f00000,0x0000003288000000)]
  0x000001f3b1d81000 JavaThread "Daemon periodic checks" [_thread_blocked, id=19812, stack(0x0000003287e00000,0x0000003287f00000)]
  0x000001f3b1c2d000 JavaThread "Incoming local TCP Connector on port 51348" [_thread_in_native, id=19768, stack(0x0000003287d00000,0x0000003287e00000)]
  0x000001f3adf4e800 JavaThread "Service Thread" daemon [_thread_blocked, id=19340, stack(0x0000003287b00000,0x0000003287c00000)]
  0x000001f3adf2d800 JavaThread "C1 CompilerThread3" daemon [_thread_blocked, id=20380, stack(0x0000003287a00000,0x0000003287b00000)]
=>0x000001f3adf2a800 JavaThread "C2 CompilerThread2" daemon [_thread_in_native, id=12644, stack(0x0000003287900000,0x0000003287a00000)]
  0x000001f3adf2a000 JavaThread "C2 CompilerThread1" daemon [_thread_in_native, id=19024, stack(0x0000003287800000,0x0000003287900000)]
  0x000001f3adf30800 JavaThread "C2 CompilerThread0" daemon [_thread_in_native, id=2700, stack(0x0000003287700000,0x0000003287800000)]
  0x000001f3adf23800 JavaThread "Attach Listener" daemon [_thread_blocked, id=18464, stack(0x0000003287600000,0x0000003287700000)]
  0x000001f3adf22800 JavaThread "Signal Dispatcher" daemon [_thread_blocked, id=5564, stack(0x0000003287500000,0x0000003287600000)]
  0x000001f3adeeb000 JavaThread "Finalizer" daemon [_thread_blocked, id=9864, stack(0x0000003287400000,0x0000003287500000)]
  0x000001f3adedd800 JavaThread "Reference Handler" daemon [_thread_blocked, id=17516, stack(0x0000003287300000,0x0000003287400000)]
  0x000001f393266000 JavaThread "main" [_thread_blocked, id=15548, stack(0x0000003286700000,0x0000003286800000)]

Other Threads:
  0x000001f3adeb6000 VMThread [stack: 0x0000003287200000,0x0000003287300000] [id=10876]
  0x000001f3b0414000 WatcherThread [stack: 0x0000003287c00000,0x0000003287d00000] [id=18352]

VM state:not at safepoint (normal execution)

VM Mutex/Monitor currently owned by a thread: None

heap address: 0x00000006c3600000, size: 4042 MB, Compressed Oops mode: Zero based, Oop shift amount: 3
Narrow klass base: 0x0000000000000000, Narrow klass shift: 3
Compressed class space size: 1073741824 Address: 0x00000007c0000000

Heap:
 PSYoungGen      total 212992K, used 132292K [0x000000076bd00000, 0x000000077de80000, 0x00000007c0000000)
  eden space 193536K, 68% used [0x000000076bd00000,0x0000000773e31350,0x0000000777a00000)
  from space 19456K, 0% used [0x0000000777a00000,0x0000000777a00000,0x0000000778d00000)
  to   space 28672K, 0% used [0x000000077c280000,0x000000077c280000,0x000000077de80000)
 ParOldGen       total 267264K, used 53407K [0x00000006c3600000, 0x00000006d3b00000, 0x000000076bd00000)
  object space 267264K, 19% used [0x00000006c3600000,0x00000006c6a27fe0,0x00000006d3b00000)
 Metaspace       used 59351K, capacity 60836K, committed 61184K, reserved 1101824K
  class space    used 7662K, capacity 8129K, committed 8192K, reserved 1048576K

Card table byte_map: [0x000001f3a40d0000,0x000001f3a48c0000] byte_map_base: 0x000001f3a0ab5000

Marking Bits: (ParMarkBitMap*) 0x0000000069176830
 Begin Bits: [0x000001f3a4e10000, 0x000001f3a8d38000)
 End Bits:   [0x000001f3a8d38000, 0x000001f3acc60000)

Polling page: 0x000001f3934e0000

CodeCache: size=245760Kb used=25153Kb max_used=25153Kb free=220606Kb
 bounds [0x000001f394d10000, 0x000001f3965c0000, 0x000001f3a3d10000]
 total_blobs=7746 nmethods=6959 adapters=698
 compilation: enabled

Compilation events (10 events):
Event: 10.431 Thread 0x000001f3adf2d800 7928       2       org.aspectj.org.eclipse.jdt.internal.compiler.lookup.BlockScope::findLocalType (109 bytes)
Event: 10.432 Thread 0x000001f3adf2d800 nmethod 7928 0x000001f3965b52d0 code [0x000001f3965b5480, 0x000001f3965b5880]
Event: 10.432 Thread 0x000001f3adf2d800 7929       2       org.aspectj.org.eclipse.jdt.internal.compiler.lookup.ParameterizedTypeBinding::superclass (79 bytes)
Event: 10.432 Thread 0x000001f3adf2d800 nmethod 7929 0x000001f3965b5c10 code [0x000001f3965b5da0, 0x000001f3965b6070]
Event: 10.433 Thread 0x000001f3adf2d800 7930       2       org.aspectj.weaver.bcel.BcelGenericSignatureToTypeXConverter::classTypeSignature2TypeX (263 bytes)
Event: 10.434 Thread 0x000001f3adf2d800 nmethod 7930 0x000001f3965b6210 code [0x000001f3965b64e0, 0x000001f3965b7640]
Event: 10.434 Thread 0x000001f3adf2d800 7931       2       org.aspectj.weaver.ResolvedType::isParameterizedWithTypeVariable (287 bytes)
Event: 10.434 Thread 0x000001f3adf2d800 nmethod 7931 0x000001f3965b82d0 code [0x000001f3965b8520, 0x000001f3965b8cb0]
Event: 10.438 Thread 0x000001f3adf2d800 7933 %     3       org.aspectj.org.eclipse.jdt.internal.compiler.lookup.Scope::getCurrentPackage @ 5 (24 bytes)
Event: 10.438 Thread 0x000001f3adf2d800 nmethod 7933% 0x000001f3965b9110 code [0x000001f3965b9280, 0x000001f3965b95b8]

GC Heap History (10 events):
Event: 2.729 GC heap before
{Heap before GC invocations=8 (full 2):
 PSYoungGen      total 156160K, used 14314K [0x000000076bd00000, 0x000000077a080000, 0x00000007c0000000)
  eden space 141824K, 0% used [0x000000076bd00000,0x000000076bd00000,0x0000000774780000)
  from space 14336K, 99% used [0x0000000775800000,0x00000007765fa940,0x0000000776600000)
  to   space 16896K, 0% used [0x0000000774780000,0x0000000774780000,0x0000000775800000)
 ParOldGen       total 107520K, used 12109K [0x00000006c3600000, 0x00000006c9f00000, 0x000000076bd00000)
  object space 107520K, 11% used [0x00000006c3600000,0x00000006c41d3530,0x00000006c9f00000)
 Metaspace       used 34666K, capacity 35452K, committed 35496K, reserved 1079296K
  class space    used 5074K, capacity 5363K, committed 5376K, reserved 1048576K
Event: 2.763 GC heap after
Heap after GC invocations=8 (full 2):
 PSYoungGen      total 156160K, used 0K [0x000000076bd00000, 0x000000077a080000, 0x00000007c0000000)
  eden space 141824K, 0% used [0x000000076bd00000,0x000000076bd00000,0x0000000774780000)
  from space 14336K, 0% used [0x0000000775800000,0x0000000775800000,0x0000000776600000)
  to   space 16896K, 0% used [0x0000000774780000,0x0000000774780000,0x0000000775800000)
 ParOldGen       total 174592K, used 21842K [0x00000006c3600000, 0x00000006ce080000, 0x000000076bd00000)
  object space 174592K, 12% used [0x00000006c3600000,0x00000006c4b54880,0x00000006ce080000)
 Metaspace       used 34666K, capacity 35452K, committed 35496K, reserved 1079296K
  class space    used 5074K, capacity 5363K, committed 5376K, reserved 1048576K
}
Event: 3.491 GC heap before
{Heap before GC invocations=9 (full 2):
 PSYoungGen      total 156160K, used 141824K [0x000000076bd00000, 0x000000077a080000, 0x00000007c0000000)
  eden space 141824K, 100% used [0x000000076bd00000,0x0000000774780000,0x0000000774780000)
  from space 14336K, 0% used [0x0000000775800000,0x0000000775800000,0x0000000776600000)
  to   space 16896K, 0% used [0x0000000774780000,0x0000000774780000,0x0000000775800000)
 ParOldGen       total 174592K, used 21842K [0x00000006c3600000, 0x00000006ce080000, 0x000000076bd00000)
  object space 174592K, 12% used [0x00000006c3600000,0x00000006c4b54880,0x00000006ce080000)
 Metaspace       used 42754K, capacity 43806K, committed 44032K, reserved 1087488K
  class space    used 6013K, capacity 6352K, committed 6400K, reserved 1048576K
Event: 3.495 GC heap after
Heap after GC invocations=9 (full 2):
 PSYoungGen      total 158720K, used 9006K [0x000000076bd00000, 0x000000077a000000, 0x00000007c0000000)
  eden space 141824K, 0% used [0x000000076bd00000,0x000000076bd00000,0x0000000774780000)
  from space 16896K, 53% used [0x0000000774780000,0x000000077504baa0,0x0000000775800000)
  to   space 15872K, 0% used [0x0000000779080000,0x0000000779080000,0x000000077a000000)
 ParOldGen       total 174592K, used 21850K [0x00000006c3600000, 0x00000006ce080000, 0x000000076bd00000)
  object space 174592K, 12% used [0x00000006c3600000,0x00000006c4b56880,0x00000006ce080000)
 Metaspace       used 42754K, capacity 43806K, committed 44032K, reserved 1087488K
  class space    used 6013K, capacity 6352K, committed 6400K, reserved 1048576K
}
Event: 8.963 GC heap before
{Heap before GC invocations=10 (full 2):
 PSYoungGen      total 158720K, used 150830K [0x000000076bd00000, 0x000000077a000000, 0x00000007c0000000)
  eden space 141824K, 100% used [0x000000076bd00000,0x0000000774780000,0x0000000774780000)
  from space 16896K, 53% used [0x0000000774780000,0x000000077504baa0,0x0000000775800000)
  to   space 15872K, 0% used [0x0000000779080000,0x0000000779080000,0x000000077a000000)
 ParOldGen       total 174592K, used 21850K [0x00000006c3600000, 0x00000006ce080000, 0x000000076bd00000)
  object space 174592K, 12% used [0x00000006c3600000,0x00000006c4b56880,0x00000006ce080000)
 Metaspace       used 47616K, capacity 48960K, committed 49152K, reserved 1091584K
  class space    used 6654K, capacity 7098K, committed 7168K, reserved 1048576K
Event: 8.972 GC heap after
Heap after GC invocations=10 (full 2):
 PSYoungGen      total 208384K, used 15869K [0x000000076bd00000, 0x000000077a000000, 0x00000007c0000000)
  eden space 192512K, 0% used [0x000000076bd00000,0x000000076bd00000,0x0000000777900000)
  from space 15872K, 99% used [0x0000000779080000,0x0000000779fff7e0,0x000000077a000000)
  to   space 19456K, 0% used [0x0000000777a00000,0x0000000777a00000,0x0000000778d00000)
 ParOldGen       total 174592K, used 25054K [0x00000006c3600000, 0x00000006ce080000, 0x000000076bd00000)
  object space 174592K, 14% used [0x00000006c3600000,0x00000006c4e779b0,0x00000006ce080000)
 Metaspace       used 47616K, capacity 48960K, committed 49152K, reserved 1091584K
  class space    used 6654K, capacity 7098K, committed 7168K, reserved 1048576K
}
Event: 9.721 GC heap before
{Heap before GC invocations=11 (full 2):
 PSYoungGen      total 208384K, used 133907K [0x000000076bd00000, 0x000000077a000000, 0x00000007c0000000)
  eden space 192512K, 61% used [0x000000076bd00000,0x00000007730455f8,0x0000000777900000)
  from space 15872K, 99% used [0x0000000779080000,0x0000000779fff7e0,0x000000077a000000)
  to   space 19456K, 0% used [0x0000000777a00000,0x0000000777a00000,0x0000000778d00000)
 ParOldGen       total 174592K, used 25054K [0x00000006c3600000, 0x00000006ce080000, 0x000000076bd00000)
  object space 174592K, 14% used [0x00000006c3600000,0x00000006c4e779b0,0x00000006ce080000)
 Metaspace       used 57584K, capacity 58980K, committed 59160K, reserved 1099776K
  class space    used 7560K, capacity 8001K, committed 8064K, reserved 1048576K
Event: 9.737 GC heap after
Heap after GC invocations=11 (full 2):
 PSYoungGen      total 212992K, used 19425K [0x000000076bd00000, 0x000000077de80000, 0x00000007c0000000)
  eden space 193536K, 0% used [0x000000076bd00000,0x000000076bd00000,0x0000000777a00000)
  from space 19456K, 99% used [0x0000000777a00000,0x0000000778cf86b8,0x0000000778d00000)
  to   space 28672K, 0% used [0x000000077c280000,0x000000077c280000,0x000000077de80000)
 ParOldGen       total 174592K, used 42283K [0x00000006c3600000, 0x00000006ce080000, 0x000000076bd00000)
  object space 174592K, 24% used [0x00000006c3600000,0x00000006c5f4acf8,0x00000006ce080000)
 Metaspace       used 57584K, capacity 58980K, committed 59160K, reserved 1099776K
  class space    used 7560K, capacity 8001K, committed 8064K, reserved 1048576K
}
Event: 9.737 GC heap before
{Heap before GC invocations=12 (full 3):
 PSYoungGen      total 212992K, used 19425K [0x000000076bd00000, 0x000000077de80000, 0x00000007c0000000)
  eden space 193536K, 0% used [0x000000076bd00000,0x000000076bd00000,0x0000000777a00000)
  from space 19456K, 99% used [0x0000000777a00000,0x0000000778cf86b8,0x0000000778d00000)
  to   space 28672K, 0% used [0x000000077c280000,0x000000077c280000,0x000000077de80000)
 ParOldGen       total 174592K, used 42283K [0x00000006c3600000, 0x00000006ce080000, 0x000000076bd00000)
  object space 174592K, 24% used [0x00000006c3600000,0x00000006c5f4acf8,0x00000006ce080000)
 Metaspace       used 57584K, capacity 58980K, committed 59160K, reserved 1099776K
  class space    used 7560K, capacity 8001K, committed 8064K, reserved 1048576K
Event: 9.857 GC heap after
Heap after GC invocations=12 (full 3):
 PSYoungGen      total 212992K, used 0K [0x000000076bd00000, 0x000000077de80000, 0x00000007c0000000)
  eden space 193536K, 0% used [0x000000076bd00000,0x000000076bd00000,0x0000000777a00000)
  from space 19456K, 0% used [0x0000000777a00000,0x0000000777a00000,0x0000000778d00000)
  to   space 28672K, 0% used [0x000000077c280000,0x000000077c280000,0x000000077de80000)
 ParOldGen       total 267264K, used 53407K [0x00000006c3600000, 0x00000006d3b00000, 0x000000076bd00000)
  object space 267264K, 19% used [0x00000006c3600000,0x00000006c6a27fe0,0x00000006d3b00000)
 Metaspace       used 57584K, capacity 58980K, committed 59160K, reserved 1099776K
  class space    used 7560K, capacity 8001K, committed 8064K, reserved 1048576K
}

Deoptimization events (10 events):
Event: 10.090 Thread 0x000001f3b2649000 Uncommon trap: reason=unstable_if action=reinterpret pc=0x000001f395253804 method=java.io.BufferedInputStream.read([BII)I @ 31
Event: 10.114 Thread 0x000001f3b2649000 Uncommon trap: reason=unstable_if action=reinterpret pc=0x000001f3961f96f4 method=org.aspectj.org.eclipse.jdt.internal.compiler.classfmt.ClassFileStruct.utf8At(II)[C @ 46
Event: 10.128 Thread 0x000001f3b2649000 Uncommon trap: reason=unstable_if action=reinterpret pc=0x000001f396255df0 method=org.aspectj.org.eclipse.jdt.internal.compiler.batch.ClasspathJar.findClass([CLjava/lang/String;Ljava/lang/String;Z)Lorg/aspectj/org/eclipse/jdt/internal/compiler/env/NameEnv
Event: 10.146 Thread 0x000001f3b2649000 Uncommon trap: reason=unstable_if action=reinterpret pc=0x000001f396241588 method=org.aspectj.org.eclipse.jdt.core.compiler.CharOperation.equals([[C[[C)Z @ 2
Event: 10.150 Thread 0x000001f3b2649000 Uncommon trap: reason=unstable_if action=reinterpret pc=0x000001f3952f2c04 method=java.lang.StringBuffer.toString()Ljava/lang/String; @ 4
Event: 10.174 Thread 0x000001f3b2649000 Uncommon trap: reason=unloaded action=reinterpret pc=0x000001f395883928 method=org.aspectj.apache.bcel.classfile.Attribute.readAttribute(Ljava/io/DataInputStream;Lorg/aspectj/apache/bcel/classfile/ConstantPool;)Lorg/aspectj/apache/bcel/classfile/Attribute
Event: 10.223 Thread 0x000001f3b2649000 Uncommon trap: reason=unloaded action=reinterpret pc=0x000001f395f9b3e0 method=org.aspectj.apache.bcel.classfile.Constant.readConstant(Ljava/io/DataInputStream;)Lorg/aspectj/apache/bcel/classfile/Constant; @ 164
Event: 10.370 Thread 0x000001f3b2649000 Uncommon trap: reason=unloaded action=reinterpret pc=0x000001f39637e69c method=org.aspectj.apache.bcel.classfile.Attribute.readAttribute(Ljava/io/DataInputStream;Lorg/aspectj/apache/bcel/classfile/ConstantPool;)Lorg/aspectj/apache/bcel/classfile/Attribute
Event: 10.414 Thread 0x000001f3b2649000 Uncommon trap: reason=unstable_if action=reinterpret pc=0x000001f396516d04 method=org.aspectj.org.eclipse.jdt.internal.compiler.lookup.LookupEnvironment.convertUnresolvedBinaryToRawType(Lorg/aspectj/org/eclipse/jdt/internal/compiler/lookup/TypeBinding;)Lo
Event: 10.427 Thread 0x000001f3b2649000 Uncommon trap: reason=class_check action=maybe_recompile pc=0x000001f39658a920 method=org.aspectj.org.eclipse.jdt.internal.compiler.lookup.CompilationUnitScope.typeToRecord(Lorg/aspectj/org/eclipse/jdt/internal/compiler/lookup/TypeBinding;)Lorg/aspectj/or

Classes redefined (0 events):
No events

Internal exceptions (10 events):
Event: 10.078 Thread 0x000001f3b2649000 Exception <a 'java/lang/ArrayIndexOutOfBoundsException'> (0x0000000770a749f8) thrown at [C:\wsjdk\Corretto8Src\installers\windows\zip\corretto-build\buildRoot\hotspot\src\share\vm\runtime\sharedRuntime.cpp, line 610]
Event: 10.078 Thread 0x000001f3b2649000 Exception <a 'java/lang/ArrayIndexOutOfBoundsException'> (0x0000000770a8ba88) thrown at [C:\wsjdk\Corretto8Src\installers\windows\zip\corretto-build\buildRoot\hotspot\src\share\vm\runtime\sharedRuntime.cpp, line 610]
Event: 10.079 Thread 0x000001f3b2649000 Exception <a 'java/lang/ArrayIndexOutOfBoundsException'> (0x0000000770a950c0) thrown at [C:\wsjdk\Corretto8Src\installers\windows\zip\corretto-build\buildRoot\hotspot\src\share\vm\runtime\sharedRuntime.cpp, line 610]
Event: 10.079 Thread 0x000001f3b2649000 Exception <a 'java/lang/ArrayIndexOutOfBoundsException'> (0x0000000770aaa5f0) thrown at [C:\wsjdk\Corretto8Src\installers\windows\zip\corretto-build\buildRoot\hotspot\src\share\vm\runtime\sharedRuntime.cpp, line 610]
Event: 10.080 Thread 0x000001f3b2649000 Exception <a 'java/lang/ArrayIndexOutOfBoundsException'> (0x0000000770ab7720) thrown at [C:\wsjdk\Corretto8Src\installers\windows\zip\corretto-build\buildRoot\hotspot\src\share\vm\runtime\sharedRuntime.cpp, line 610]
Event: 10.080 Thread 0x000001f3b2649000 Exception <a 'java/lang/ArrayIndexOutOfBoundsException'> (0x0000000770ac74b8) thrown at [C:\wsjdk\Corretto8Src\installers\windows\zip\corretto-build\buildRoot\hotspot\src\share\vm\runtime\sharedRuntime.cpp, line 610]
Event: 10.081 Thread 0x000001f3b2649000 Exception <a 'java/lang/ArrayIndexOutOfBoundsException'> (0x0000000770ad9858) thrown at [C:\wsjdk\Corretto8Src\installers\windows\zip\corretto-build\buildRoot\hotspot\src\share\vm\runtime\sharedRuntime.cpp, line 610]
Event: 10.081 Thread 0x000001f3b2649000 Exception <a 'java/lang/ArrayIndexOutOfBoundsException'> (0x0000000770af0db0) thrown at [C:\wsjdk\Corretto8Src\installers\windows\zip\corretto-build\buildRoot\hotspot\src\share\vm\runtime\sharedRuntime.cpp, line 610]
Event: 10.083 Thread 0x000001f3b2649000 Exception <a 'java/lang/ArrayIndexOutOfBoundsException'> (0x0000000770b1a818) thrown at [C:\wsjdk\Corretto8Src\installers\windows\zip\corretto-build\buildRoot\hotspot\src\share\vm\runtime\sharedRuntime.cpp, line 610]
Event: 10.083 Thread 0x000001f3b2649000 Exception <a 'java/lang/ArrayIndexOutOfBoundsException'> (0x0000000770b2d9b8) thrown at [C:\wsjdk\Corretto8Src\installers\windows\zip\corretto-build\buildRoot\hotspot\src\share\vm\runtime\sharedRuntime.cpp, line 610]

Events (10 events):
Event: 10.438 Thread 0x000001f3b2649000 DEOPT PACKING pc=0x000001f39610d014 sp=0x0000003288ffae40
Event: 10.438 Thread 0x000001f3b2649000 DEOPT UNPACKING pc=0x000001f394d575d8 sp=0x0000003288ffab20 mode 0
Event: 10.439 Thread 0x000001f3b2649000 DEOPT PACKING pc=0x000001f39610d014 sp=0x0000003288ffae40
Event: 10.439 Thread 0x000001f3b2649000 DEOPT UNPACKING pc=0x000001f394d575d8 sp=0x0000003288ffab20 mode 0
Event: 10.439 Thread 0x000001f3b2649000 DEOPT PACKING pc=0x000001f39610d014 sp=0x0000003288ffac90
Event: 10.439 Thread 0x000001f3b2649000 DEOPT UNPACKING pc=0x000001f394d575d8 sp=0x0000003288ffa970 mode 0
Event: 10.439 Thread 0x000001f3b2649000 DEOPT PACKING pc=0x000001f39610d014 sp=0x0000003288ffa960
Event: 10.439 Thread 0x000001f3b2649000 DEOPT UNPACKING pc=0x000001f394d575d8 sp=0x0000003288ffa640 mode 0
Event: 10.439 Thread 0x000001f3b2649000 DEOPT PACKING pc=0x000001f39610d014 sp=0x0000003288ffae40
Event: 10.439 Thread 0x000001f3b2649000 DEOPT UNPACKING pc=0x000001f394d575d8 sp=0x0000003288ffab20 mode 0


Dynamic libraries:
0x00007ff6e3580000 - 0x00007ff6e35ba000 	C:\Users\sereg\.jdks\corretto-1.8.0_362\bin\java.exe
0x00007fffb7b10000 - 0x00007fffb7d24000 	C:\WINDOWS\SYSTEM32\ntdll.dll
0x00007fffb64c0000 - 0x00007fffb6582000 	C:\WINDOWS\System32\KERNEL32.DLL
0x00007fffb5400000 - 0x00007fffb57a3000 	C:\WINDOWS\System32\KERNELBASE.dll
0x00007fffb7460000 - 0x00007fffb750e000 	C:\WINDOWS\System32\ADVAPI32.dll
0x00007fffb6610000 - 0x00007fffb66b7000 	C:\WINDOWS\System32\msvcrt.dll
0x00007fffb7540000 - 0x00007fffb75e4000 	C:\WINDOWS\System32\sechost.dll
0x00007fffb7750000 - 0x00007fffb7867000 	C:\WINDOWS\System32\RPCRT4.dll
0x00007fffb7870000 - 0x00007fffb7a1b000 	C:\WINDOWS\System32\USER32.dll
0x00007fffb57b0000 - 0x00007fffb57d6000 	C:\WINDOWS\System32\win32u.dll
0x00007fffb7510000 - 0x00007fffb7539000 	C:\WINDOWS\System32\GDI32.dll
0x00007fffb5220000 - 0x00007fffb5339000 	C:\WINDOWS\System32\gdi32full.dll
0x00007fffb5850000 - 0x00007fffb58ea000 	C:\WINDOWS\System32\msvcp_win.dll
0x00007fffb4f90000 - 0x00007fffb50a1000 	C:\WINDOWS\System32\ucrtbase.dll
0x00007fff9e450000 - 0x00007fff9e6de000 	C:\WINDOWS\WinSxS\amd64_microsoft.windows.common-controls_6595b64144ccf1df_6.0.22621.1635_none_270f70857386168e\COMCTL32.dll
0x00007fffb7a90000 - 0x00007fffb7ac1000 	C:\WINDOWS\System32\IMM32.DLL
0x00007fff81c60000 - 0x00007fff81d4f000 	C:\Users\sereg\.jdks\corretto-1.8.0_362\jre\bin\msvcr120.dll
0x00007fff811d0000 - 0x00007fff81276000 	C:\Users\sereg\.jdks\corretto-1.8.0_362\jre\bin\msvcp120.dll
0x0000000068980000 - 0x00000000691f5000 	C:\Users\sereg\.jdks\corretto-1.8.0_362\jre\bin\server\jvm.dll
0x00007fffb6f70000 - 0x00007fffb6f78000 	C:\WINDOWS\System32\PSAPI.DLL
0x00007fff8a640000 - 0x00007fff8a649000 	C:\WINDOWS\SYSTEM32\WSOCK32.dll
0x00007fffacce0000 - 0x00007fffacd14000 	C:\WINDOWS\SYSTEM32\WINMM.dll
0x00007fffacbe0000 - 0x00007fffacbea000 	C:\WINDOWS\SYSTEM32\VERSION.dll
0x00007fffb6590000 - 0x00007fffb6601000 	C:\WINDOWS\System32\WS2_32.dll
0x00007fffaeac0000 - 0x00007fffaeacf000 	C:\Users\sereg\.jdks\corretto-1.8.0_362\jre\bin\verify.dll
0x00007fffa4930000 - 0x00007fffa4959000 	C:\Users\sereg\.jdks\corretto-1.8.0_362\jre\bin\java.dll
0x00007fffaa980000 - 0x00007fffaa996000 	C:\Users\sereg\.jdks\corretto-1.8.0_362\jre\bin\zip.dll
0x00007fffb5b20000 - 0x00007fffb631a000 	C:\WINDOWS\System32\SHELL32.dll
0x00007fffb2ed0000 - 0x00007fffb379e000 	C:\WINDOWS\SYSTEM32\windows.storage.dll
0x00007fffb6b20000 - 0x00007fffb6ea9000 	C:\WINDOWS\System32\combase.dll
0x00007fffb2d90000 - 0x00007fffb2ece000 	C:\WINDOWS\SYSTEM32\wintypes.dll
0x00007fffb5a20000 - 0x00007fffb5b11000 	C:\WINDOWS\System32\SHCORE.dll
0x00007fffb7660000 - 0x00007fffb76be000 	C:\WINDOWS\System32\shlwapi.dll
0x00007fffb4e40000 - 0x00007fffb4e61000 	C:\WINDOWS\SYSTEM32\profapi.dll
0x00007fffa6170000 - 0x00007fffa618a000 	C:\Users\sereg\.jdks\corretto-1.8.0_362\jre\bin\net.dll
0x00007fffb4470000 - 0x00007fffb44d9000 	C:\WINDOWS\system32\mswsock.dll
0x00007fffa6100000 - 0x00007fffa6112000 	C:\Users\sereg\.jdks\corretto-1.8.0_362\jre\bin\nio.dll
0x00007fffa4c10000 - 0x00007fffa4c2e000 	C:\Users\sereg\.gradle\native\25\windows-amd64\native-platform.dll
0x00007fffaeab0000 - 0x00007fffaeabd000 	C:\Users\sereg\.jdks\corretto-1.8.0_362\jre\bin\management.dll
0x00007fffb4790000 - 0x00007fffb47ab000 	C:\WINDOWS\SYSTEM32\CRYPTSP.dll
0x00007fffb3f80000 - 0x00007fffb3fb5000 	C:\WINDOWS\system32\rsaenh.dll
0x00007fffb4510000 - 0x00007fffb4538000 	C:\WINDOWS\SYSTEM32\USERENV.dll
0x00007fffb48c0000 - 0x00007fffb48e8000 	C:\WINDOWS\SYSTEM32\bcrypt.dll
0x00007fffb4f10000 - 0x00007fffb4f8b000 	C:\WINDOWS\System32\bcryptprimitives.dll
0x00007fffb4770000 - 0x00007fffb477c000 	C:\WINDOWS\SYSTEM32\CRYPTBASE.dll
0x00007fffb3a70000 - 0x00007fffb3a9d000 	C:\WINDOWS\SYSTEM32\IPHLPAPI.DLL
0x00007fffb6f60000 - 0x00007fffb6f69000 	C:\WINDOWS\System32\NSI.dll
0x00007fffac930000 - 0x00007fffac949000 	C:\WINDOWS\SYSTEM32\dhcpcsvc6.DLL
0x00007fffac910000 - 0x00007fffac92f000 	C:\WINDOWS\SYSTEM32\dhcpcsvc.DLL
0x00007fffb3aa0000 - 0x00007fffb3b93000 	C:\WINDOWS\SYSTEM32\DNSAPI.dll

VM Arguments:
jvm_args: -Dfile.encoding=UTF-8 -Duser.country=RU -Duser.language=ru -Duser.variant 
java_command: org.gradle.launcher.daemon.bootstrap.GradleDaemon 4.8.1
java_class_path (initial): C:\Users\sereg\.gradle\wrapper\dists\gradle-4.8.1-bin\e8p42vx1m7a3mz9ydmjagn6wn\gradle-4.8.1\lib\gradle-launcher-4.8.1.jar
Launcher Type: SUN_STANDARD

Environment Variables:
JAVA_HOME=C:\Program Files\Java\jdk-11.0.17
PATH=C:\Program Files (x86)\NVIDIA Corporation\PhysX\Common;C:\Program Files\Common Files\Oracle\Java\javapath;C:\Users\sereg\AppData\Local\Programs\Python\Python311\Scripts\;C:\Users\sereg\AppData\Local\Programs\Python\Python311\;C:\WINDOWS\system32\config\systemprofile\AppData\Local\Microsoft\WindowsApps;C:\Program Files\Gradle\gradle-4.8.1\bin;C:\Program Files\Java\jdk-11.0.17\bin;D:\Jmeter\apache-jmeter-5.5\bin;C:\Windows\System32;C:\Program Files\Docker\Docker\resources\bin;C:\Program Files\MySQL\MySQL Utilities 1.6\;C:\ProgramData\chocolatey\bin;C:\Program Files\OpenSSL\bin;;C:\Program Files\NVIDIA Corporation\NVIDIA NvDLISR;C:\Program Files\MySQL\MySQL Shell 8.0\bin\;C:\Users\sereg\AppData\Local\Programs\Python\Python311\Scripts\;C:\Users\sereg\AppData\Local\Programs\Python\Python311\;C:\Users\sereg\AppData\Local\Microsoft\WindowsApps;C:\Program Files\Gradle\gradle-4.8.1\bin;C:\Program Files\Java\jdk-11.0.17\bin;D:\Jmeter\apache-jmeter-5.5\bin;C:\Windows\System32;C:\Program Files\Docker\Docker\resources\bin;C:\Program Files\OpenSSL\bin;
USERNAME=sereg
OS=Windows_NT
PROCESSOR_IDENTIFIER=Intel64 Family 6 Model 141 Stepping 1, GenuineIntel



---------------  S Y S T E M  ---------------

OS: Windows 11 , 64 bit Build 22621 (10.0.22621.1778)

CPU:total 12 (initial active 12) (6 cores per cpu, 2 threads per core) family 6 model 141 stepping 1, cmov, cx8, fxsr, mmx, sse, sse2, sse3, ssse3, sse4.1, sse4.2, popcnt, avx, avx2, aes, clmul, erms, 3dnowpref, lzcnt, ht, tsc, tscinvbit, bmi1, bmi2, adx

Memory: 4k page, physical 16551224k(1796704k free), swap 40567988k(6460k free)

vm_info: OpenJDK 64-Bit Server VM (25.362-b08) for windows-amd64 JRE (1.8.0_362-b08), built on Jan 13 2023 13:30:12 by "Administrator" with MS VC++ 12.0 (VS2013)

time: Wed Jun 21 14:02:13 2023
timezone: RTZ 2 (зима)
elapsed time: 10.442913 seconds (0d 0h 0m 10s)

