#
# There is insufficient memory for the Java Runtime Environment to continue.
# Native memory allocation (malloc) failed to allocate 1155056 bytes for Chunk::new
# Possible reasons:
#   The system is out of physical RAM or swap space
#   The process is running with CompressedOops enabled, and the Java Heap may be blocking the growth of the native heap
# Possible solutions:
#   Reduce memory load on the system
#   Increase physical memory or swap space
#   Check if swap backing store is full
#   Decrease Java heap size (-Xmx/-Xms)
#   Decrease number of Java threads
#   Decrease Java thread stack sizes (-Xss)
#   Set larger code cache with -XX:ReservedCodeCacheSize=
#   JVM is running with Zero Based Compressed Oops mode in which the Java heap is
#     placed in the first 32GB address space. The Java Heap base address is the
#     maximum limit for the native heap growth. Please use -XX:HeapBaseMinAddress
#     to set the Java Heap base and to place the Java Heap above 32GB virtual address.
# This output file may be truncated or incomplete.
#
#  Out of Memory Error (allocation.cpp:389), pid=22864, tid=0x0000000000005018
#
# JRE version: OpenJDK Runtime Environment (8.0_362-b08) (build 1.8.0_362-b08)
# Java VM: OpenJDK 64-Bit Server VM (25.362-b08 mixed mode windows-amd64 compressed oops)
# Failed to write core dump. Minidumps are not enabled by default on client versions of Windows
#

---------------  T H R E A D  ---------------

Current thread (0x000001e0f864e800):  JavaThread "C2 CompilerThread1" daemon [_thread_in_native, id=20504, stack(0x0000006cdc900000,0x0000006cdca00000)]

Stack: [0x0000006cdc900000,0x0000006cdca00000]
[error occurred during error reporting (printing stack bounds), id 0xc0000005]

Native frames: (J=compiled Java code, j=interpreted, Vv=VM code, C=native code)


Current CompileTask:
C2:  38204 5269 % !   4       org.aspectj.org.eclipse.jdt.internal.compiler.parser.TheOriginalJDTScannerClass::jumpOverMethodBody @ 12 (1860 bytes)


---------------  P R O C E S S  ---------------

Java Threads: ( => current thread )
  0x000001e0fb07a800 JavaThread "Build operations Thread 12" [_thread_blocked, id=21304, stack(0x0000006cdf600000,0x0000006cdf700000)]
  0x000001e0fb075000 JavaThread "Build operations Thread 11" [_thread_blocked, id=10952, stack(0x0000006cdf500000,0x0000006cdf600000)]
  0x000001e0fb079000 JavaThread "Build operations Thread 10" [_thread_blocked, id=16676, stack(0x0000006cdf400000,0x0000006cdf500000)]
  0x000001e0fb07a000 JavaThread "Build operations Thread 9" [_thread_blocked, id=17816, stack(0x0000006cdf300000,0x0000006cdf400000)]
  0x000001e0fb071000 JavaThread "Build operations Thread 8" [_thread_blocked, id=22688, stack(0x0000006cdf200000,0x0000006cdf300000)]
  0x000001e0fb078000 JavaThread "Build operations Thread 7" [_thread_blocked, id=15224, stack(0x0000006cdf100000,0x0000006cdf200000)]
  0x000001e0fb073000 JavaThread "Build operations Thread 6" [_thread_blocked, id=21724, stack(0x0000006cdf000000,0x0000006cdf100000)]
  0x000001e0fb072000 JavaThread "Build operations Thread 5" [_thread_blocked, id=11432, stack(0x0000006cdef00000,0x0000006cdf000000)]
  0x000001e0fb077800 JavaThread "Build operations Thread 4" [_thread_blocked, id=16828, stack(0x0000006cdee00000,0x0000006cdef00000)]
  0x000001e0fb076800 JavaThread "Build operations Thread 3" [_thread_blocked, id=4628, stack(0x0000006cded00000,0x0000006cdee00000)]
  0x000001e0fd564000 JavaThread "Task worker for ':' Thread 11" [_thread_blocked, id=8436, stack(0x0000006cdec00000,0x0000006cded00000)]
  0x000001e0fd563000 JavaThread "Task worker for ':' Thread 10" [_thread_blocked, id=20748, stack(0x0000006cdeb00000,0x0000006cdec00000)]
  0x000001e0fd562800 JavaThread "Task worker for ':' Thread 9" [_thread_blocked, id=22464, stack(0x0000006cdea00000,0x0000006cdeb00000)]
  0x000001e0fd55a800 JavaThread "Task worker for ':' Thread 8" [_thread_blocked, id=19856, stack(0x0000006cde900000,0x0000006cdea00000)]
  0x000001e0fd561800 JavaThread "Task worker for ':' Thread 7" [_thread_blocked, id=22008, stack(0x0000006cde800000,0x0000006cde900000)]
  0x000001e0fd561000 JavaThread "Task worker for ':' Thread 6" [_thread_blocked, id=18320, stack(0x0000006cde700000,0x0000006cde800000)]
  0x000001e0fd559000 JavaThread "Task worker for ':' Thread 5" [_thread_blocked, id=13184, stack(0x0000006cde600000,0x0000006cde700000)]
  0x000001e0fd55e800 JavaThread "Task worker for ':' Thread 4" [_thread_blocked, id=15848, stack(0x0000006cde500000,0x0000006cde600000)]
  0x000001e0fd560000 JavaThread "Task worker for ':' Thread 3" [_thread_blocked, id=7252, stack(0x0000006cde400000,0x0000006cde500000)]
  0x000001e0fd558000 JavaThread "Task worker for ':' Thread 2" [_thread_blocked, id=23244, stack(0x0000006cde300000,0x0000006cde400000)]
  0x000001e0fd55f000 JavaThread "Task worker for ':'" [_thread_in_vm, id=15460, stack(0x0000006cde200000,0x0000006cde300000)]
  0x000001e0fd556800 JavaThread "Cache worker for Build Output Cleanup Cache (D:\GoodtMe\testit\Selenium\.gradle\buildOutputCleanup)" [_thread_blocked, id=22956, stack(0x0000006cde100000,0x0000006cde200000)]
  0x000001e0fd557800 JavaThread "Cache worker for task history cache (D:\GoodtMe\testit\Selenium\.gradle\4.8.1\taskHistory)" [_thread_blocked, id=5372, stack(0x0000006cde000000,0x0000006cde100000)]
  0x000001e0fd55d800 JavaThread "Cache worker for file content cache (D:\GoodtMe\testit\Selenium\.gradle\4.8.1\fileContent)" [_thread_blocked, id=17992, stack(0x0000006cddf00000,0x0000006cde000000)]
  0x000001e0fd559800 JavaThread "Memory manager" [_thread_blocked, id=16844, stack(0x0000006cdde00000,0x0000006cddf00000)]
  0x000001e0fd55d000 JavaThread "Build operations Thread 2" [_thread_blocked, id=7828, stack(0x0000006cddd00000,0x0000006cdde00000)]
  0x000001e0fd555000 JavaThread "Build operations" [_thread_blocked, id=17308, stack(0x0000006cddc00000,0x0000006cddd00000)]
  0x000001e0fd55c000 JavaThread "Cache worker for Artifact transforms cache (C:\Users\sereg\.gradle\caches\transforms-1)" [_thread_blocked, id=14872, stack(0x0000006cddb00000,0x0000006cddc00000)]
  0x000001e0fd556000 JavaThread "Cache worker for file hash cache (D:\GoodtMe\testit\Selenium\.gradle\4.8.1\fileHashes)" [_thread_blocked, id=7188, stack(0x0000006cdda00000,0x0000006cddb00000)]
  0x000001e0fd55b800 JavaThread "Stdin handler" [_thread_blocked, id=13668, stack(0x0000006cdd900000,0x0000006cdda00000)]
  0x000001e0fc648800 JavaThread "Asynchronous log dispatcher for DefaultDaemonConnection: socket connection from /127.0.0.1:52800 to /127.0.0.1:52826" [_thread_blocked, id=3036, stack(0x0000006cdd800000,0x0000006cdd900000)]
  0x000001e0fc646000 JavaThread "Cancel handler" [_thread_blocked, id=13848, stack(0x0000006cdd500000,0x0000006cdd600000)]
  0x000001e0fc647000 JavaThread "Handler for socket connection from /127.0.0.1:52800 to /127.0.0.1:52826" [_thread_in_native, id=20000, stack(0x0000006cdd400000,0x0000006cdd500000)]
  0x000001e0fc488800 JavaThread "File lock request listener" [_thread_in_native, id=13072, stack(0x0000006cdd700000,0x0000006cdd800000)]
  0x000001e0fc736800 JavaThread "Cache worker for file hash cache (C:\Users\sereg\.gradle\caches\4.8.1\fileHashes)" [_thread_blocked, id=13516, stack(0x0000006cdd600000,0x0000006cdd700000)]
  0x000001e0fc431800 JavaThread "Daemon worker" [_thread_blocked, id=11956, stack(0x0000006cdd300000,0x0000006cdd400000)]
  0x000001e0fc1b1000 JavaThread "Daemon" [_thread_blocked, id=6800, stack(0x0000006cdd000000,0x0000006cdd100000)]
  0x000001e0fbfa3000 JavaThread "Daemon periodic checks" [_thread_blocked, id=19756, stack(0x0000006cdcf00000,0x0000006cdd000000)]
  0x000001e0fbfa9000 JavaThread "Incoming local TCP Connector on port 52800" [_thread_in_native, id=16448, stack(0x0000006cdce00000,0x0000006cdcf00000)]
  0x000001e0fab20000 JavaThread "Service Thread" daemon [_thread_blocked, id=21932, stack(0x0000006cdcc00000,0x0000006cdcd00000)]
  0x000001e0f8652000 JavaThread "C1 CompilerThread3" daemon [_thread_blocked, id=19036, stack(0x0000006cdcb00000,0x0000006cdcc00000)]
  0x000001e0f864f800 JavaThread "C2 CompilerThread2" daemon [_thread_in_native, id=10516, stack(0x0000006cdca00000,0x0000006cdcb00000)]
=>0x000001e0f864e800 JavaThread "C2 CompilerThread1" daemon [_thread_in_native, id=20504, stack(0x0000006cdc900000,0x0000006cdca00000)]
  0x000001e0f8655800 JavaThread "C2 CompilerThread0" daemon [_thread_in_native, id=1464, stack(0x0000006cdc800000,0x0000006cdc900000)]
  0x000001e0f8633000 JavaThread "Attach Listener" daemon [_thread_blocked, id=21368, stack(0x0000006cdc700000,0x0000006cdc800000)]
  0x000001e0f8632800 JavaThread "Signal Dispatcher" daemon [_thread_blocked, id=14136, stack(0x0000006cdc600000,0x0000006cdc700000)]
  0x000001e0f860b000 JavaThread "Finalizer" daemon [_thread_blocked, id=9696, stack(0x0000006cdc500000,0x0000006cdc600000)]
  0x000001e0f8604000 JavaThread "Reference Handler" daemon [_thread_blocked, id=6368, stack(0x0000006cdc400000,0x0000006cdc500000)]
  0x000001e0ddaa6800 JavaThread "main" [_thread_blocked, id=17184, stack(0x0000006cdb800000,0x0000006cdb900000)]

Other Threads:
  0x000001e0f85dc800 VMThread [stack: 0x0000006cdc300000,0x0000006cdc400000] [id=20760]
  0x000001e0fab33000 WatcherThread [stack: 0x0000006cdcd00000,0x0000006cdce00000] [id=20040]

VM state:not at safepoint (normal execution)

VM Mutex/Monitor currently owned by a thread: None

heap address: 0x00000006c3600000, size: 4042 MB, Compressed Oops mode: Zero based, Oop shift amount: 3
Narrow klass base: 0x0000000000000000, Narrow klass shift: 3
Compressed class space size: 1073741824 Address: 0x00000007c0000000

Heap:
 PSYoungGen      total 140288K, used 123971K [0x000000076bd00000, 0x0000000777580000, 0x00000007c0000000)
  eden space 126976K, 87% used [0x000000076bd00000,0x0000000772912e80,0x0000000773900000)
  from space 13312K, 99% used [0x0000000776880000,0x000000077757ddd0,0x0000000777580000)
  to   space 10752K, 0% used [0x0000000773900000,0x0000000773900000,0x0000000774380000)
 ParOldGen       total 105472K, used 24177K [0x00000006c3600000, 0x00000006c9d00000, 0x000000076bd00000)
  object space 105472K, 22% used [0x00000006c3600000,0x00000006c4d9c6a8,0x00000006c9d00000)
 Metaspace       used 48079K, capacity 48998K, committed 49280K, reserved 1091584K
  class space    used 6471K, capacity 6772K, committed 6784K, reserved 1048576K

Card table byte_map: [0x000001e0ee7a0000,0x000001e0eef90000] byte_map_base: 0x000001e0eb185000

Marking Bits: (ParMarkBitMap*) 0x0000000068d86830
 Begin Bits: [0x000001e0ef4e0000, 0x000001e0f3408000)
 End Bits:   [0x000001e0f3408000, 0x000001e0f7330000)

Polling page: 0x000001e0dda60000

CodeCache: size=245760Kb used=16728Kb max_used=16728Kb free=229031Kb
 bounds [0x000001e0df3e0000, 0x000001e0e0450000, 0x000001e0ee3e0000]
 total_blobs=5696 nmethods=4939 adapters=668
 compilation: enabled

Compilation events (10 events):
Event: 38.197 Thread 0x000001e0f8652000 5423       3       java.io.DataInputStream::readUTF (501 bytes)
Event: 38.198 Thread 0x000001e0f8652000 nmethod 5423 0x000001e0e043f210 code [0x000001e0e043f5e0, 0x000001e0e0441890]
Event: 38.198 Thread 0x000001e0f8652000 5424  s    3       java.io.BufferedInputStream::read (113 bytes)
Event: 38.198 Thread 0x000001e0f8652000 nmethod 5424 0x000001e0e0442dd0 code [0x000001e0e0442fa0, 0x000001e0e0443920]
Event: 38.198 Thread 0x000001e0f8652000 5425       3       java.io.DataInputStream::readFully (9 bytes)
Event: 38.199 Thread 0x000001e0f8652000 nmethod 5425 0x000001e0e0443c90 code [0x000001e0e0443e00, 0x000001e0e0444030]
Event: 38.199 Thread 0x000001e0f8652000 5426       1       org.aspectj.apache.bcel.classfile.ConstantUtf8::getValue (5 bytes)
Event: 38.199 Thread 0x000001e0f8652000 nmethod 5426 0x000001e0e0444110 code [0x000001e0e0444260, 0x000001e0e0444378]
Event: 38.202 Thread 0x000001e0f8652000 5427       3       org.aspectj.org.eclipse.jdt.internal.compiler.classfmt.ClassFileStruct::utf8At (171 bytes)
Event: 38.202 Thread 0x000001e0f8652000 nmethod 5427 0x000001e0e04443d0 code [0x000001e0e0444560, 0x000001e0e0444a90]

GC Heap History (10 events):
Event: 2.791 GC heap before
{Heap before GC invocations=7 (full 1):
 PSYoungGen      total 137728K, used 95370K [0x000000076bd00000, 0x0000000777580000, 0x00000007c0000000)
  eden space 126976K, 66% used [0x000000076bd00000,0x0000000770fa9b38,0x0000000773900000)
  from space 10752K, 99% used [0x0000000773900000,0x0000000774378db8,0x0000000774380000)
  to   space 13312K, 0% used [0x0000000776880000,0x0000000776880000,0x0000000777580000)
 ParOldGen       total 105472K, used 10741K [0x00000006c3600000, 0x00000006c9d00000, 0x000000076bd00000)
  object space 105472K, 10% used [0x00000006c3600000,0x00000006c407d5c8,0x00000006c9d00000)
 Metaspace       used 34834K, capacity 35410K, committed 35496K, reserved 1079296K
  class space    used 5147K, capacity 5342K, committed 5376K, reserved 1048576K
Event: 2.798 GC heap after
Heap after GC invocations=7 (full 1):
 PSYoungGen      total 140288K, used 13301K [0x000000076bd00000, 0x0000000777580000, 0x00000007c0000000)
  eden space 126976K, 0% used [0x000000076bd00000,0x000000076bd00000,0x0000000773900000)
  from space 13312K, 99% used [0x0000000776880000,0x000000077757d600,0x0000000777580000)
  to   space 10752K, 0% used [0x0000000773900000,0x0000000773900000,0x0000000774380000)
 ParOldGen       total 105472K, used 13989K [0x00000006c3600000, 0x00000006c9d00000, 0x000000076bd00000)
  object space 105472K, 13% used [0x00000006c3600000,0x00000006c43a96d0,0x00000006c9d00000)
 Metaspace       used 34834K, capacity 35410K, committed 35496K, reserved 1079296K
  class space    used 5147K, capacity 5342K, committed 5376K, reserved 1048576K
}
Event: 2.798 GC heap before
{Heap before GC invocations=8 (full 2):
 PSYoungGen      total 140288K, used 13301K [0x000000076bd00000, 0x0000000777580000, 0x00000007c0000000)
  eden space 126976K, 0% used [0x000000076bd00000,0x000000076bd00000,0x0000000773900000)
  from space 13312K, 99% used [0x0000000776880000,0x000000077757d600,0x0000000777580000)
  to   space 10752K, 0% used [0x0000000773900000,0x0000000773900000,0x0000000774380000)
 ParOldGen       total 105472K, used 13989K [0x00000006c3600000, 0x00000006c9d00000, 0x000000076bd00000)
  object space 105472K, 13% used [0x00000006c3600000,0x00000006c43a96d0,0x00000006c9d00000)
 Metaspace       used 34834K, capacity 35410K, committed 35496K, reserved 1079296K
  class space    used 5147K, capacity 5342K, committed 5376K, reserved 1048576K
Event: 2.833 GC heap after
Heap after GC invocations=8 (full 2):
 PSYoungGen      total 140288K, used 0K [0x000000076bd00000, 0x0000000777580000, 0x00000007c0000000)
  eden space 126976K, 0% used [0x000000076bd00000,0x000000076bd00000,0x0000000773900000)
  from space 13312K, 0% used [0x0000000776880000,0x0000000776880000,0x0000000777580000)
  to   space 10752K, 0% used [0x0000000773900000,0x0000000773900000,0x0000000774380000)
 ParOldGen       total 105472K, used 23143K [0x00000006c3600000, 0x00000006c9d00000, 0x000000076bd00000)
  object space 105472K, 21% used [0x00000006c3600000,0x00000006c4c99ce0,0x00000006c9d00000)
 Metaspace       used 34834K, capacity 35410K, committed 35496K, reserved 1079296K
  class space    used 5147K, capacity 5342K, committed 5376K, reserved 1048576K
}
Event: 2.901 GC heap before
{Heap before GC invocations=9 (full 2):
 PSYoungGen      total 140288K, used 2164K [0x000000076bd00000, 0x0000000777580000, 0x00000007c0000000)
  eden space 126976K, 1% used [0x000000076bd00000,0x000000076bf1d060,0x0000000773900000)
  from space 13312K, 0% used [0x0000000776880000,0x0000000776880000,0x0000000777580000)
  to   space 10752K, 0% used [0x0000000773900000,0x0000000773900000,0x0000000774380000)
 ParOldGen       total 105472K, used 23143K [0x00000006c3600000, 0x00000006c9d00000, 0x000000076bd00000)
  object space 105472K, 21% used [0x00000006c3600000,0x00000006c4c99ce0,0x00000006c9d00000)
 Metaspace       used 34895K, capacity 35504K, committed 35752K, reserved 1079296K
  class space    used 5161K, capacity 5347K, committed 5376K, reserved 1048576K
Event: 2.903 GC heap after
Heap after GC invocations=9 (full 2):
 PSYoungGen      total 137728K, used 384K [0x000000076bd00000, 0x0000000777580000, 0x00000007c0000000)
  eden space 126976K, 0% used [0x000000076bd00000,0x000000076bd00000,0x0000000773900000)
  from space 10752K, 3% used [0x0000000773900000,0x0000000773960000,0x0000000774380000)
  to   space 13312K, 0% used [0x0000000776880000,0x0000000776880000,0x0000000777580000)
 ParOldGen       total 105472K, used 23143K [0x00000006c3600000, 0x00000006c9d00000, 0x000000076bd00000)
  object space 105472K, 21% used [0x00000006c3600000,0x00000006c4c99ce0,0x00000006c9d00000)
 Metaspace       used 34895K, capacity 35504K, committed 35752K, reserved 1079296K
  class space    used 5161K, capacity 5347K, committed 5376K, reserved 1048576K
}
Event: 2.903 GC heap before
{Heap before GC invocations=10 (full 3):
 PSYoungGen      total 137728K, used 384K [0x000000076bd00000, 0x0000000777580000, 0x00000007c0000000)
  eden space 126976K, 0% used [0x000000076bd00000,0x000000076bd00000,0x0000000773900000)
  from space 10752K, 3% used [0x0000000773900000,0x0000000773960000,0x0000000774380000)
  to   space 13312K, 0% used [0x0000000776880000,0x0000000776880000,0x0000000777580000)
 ParOldGen       total 105472K, used 23143K [0x00000006c3600000, 0x00000006c9d00000, 0x000000076bd00000)
  object space 105472K, 21% used [0x00000006c3600000,0x00000006c4c99ce0,0x00000006c9d00000)
 Metaspace       used 34895K, capacity 35504K, committed 35752K, reserved 1079296K
  class space    used 5161K, capacity 5347K, committed 5376K, reserved 1048576K
Event: 2.979 GC heap after
Heap after GC invocations=10 (full 3):
 PSYoungGen      total 137728K, used 0K [0x000000076bd00000, 0x0000000777580000, 0x00000007c0000000)
  eden space 126976K, 0% used [0x000000076bd00000,0x000000076bd00000,0x0000000773900000)
  from space 10752K, 0% used [0x0000000773900000,0x0000000773900000,0x0000000774380000)
  to   space 13312K, 0% used [0x0000000776880000,0x0000000776880000,0x0000000777580000)
 ParOldGen       total 105472K, used 21410K [0x00000006c3600000, 0x00000006c9d00000, 0x000000076bd00000)
  object space 105472K, 20% used [0x00000006c3600000,0x00000006c4ae89b0,0x00000006c9d00000)
 Metaspace       used 34895K, capacity 35504K, committed 35752K, reserved 1079296K
  class space    used 5161K, capacity 5347K, committed 5376K, reserved 1048576K
}
Event: 37.744 GC heap before
{Heap before GC invocations=11 (full 3):
 PSYoungGen      total 137728K, used 126976K [0x000000076bd00000, 0x0000000777580000, 0x00000007c0000000)
  eden space 126976K, 100% used [0x000000076bd00000,0x0000000773900000,0x0000000773900000)
  from space 10752K, 0% used [0x0000000773900000,0x0000000773900000,0x0000000774380000)
  to   space 13312K, 0% used [0x0000000776880000,0x0000000776880000,0x0000000777580000)
 ParOldGen       total 105472K, used 21410K [0x00000006c3600000, 0x00000006c9d00000, 0x000000076bd00000)
  object space 105472K, 20% used [0x00000006c3600000,0x00000006c4ae89b0,0x00000006c9d00000)
 Metaspace       used 43014K, capacity 43942K, committed 44160K, reserved 1087488K
  class space    used 5967K, capacity 6260K, committed 6272K, reserved 1048576K
Event: 37.750 GC heap after
Heap after GC invocations=11 (full 3):
 PSYoungGen      total 140288K, used 13303K [0x000000076bd00000, 0x0000000777580000, 0x00000007c0000000)
  eden space 126976K, 0% used [0x000000076bd00000,0x000000076bd00000,0x0000000773900000)
  from space 13312K, 99% used [0x0000000776880000,0x000000077757ddd0,0x0000000777580000)
  to   space 10752K, 0% used [0x0000000773900000,0x0000000773900000,0x0000000774380000)
 ParOldGen       total 105472K, used 24177K [0x00000006c3600000, 0x00000006c9d00000, 0x000000076bd00000)
  object space 105472K, 22% used [0x00000006c3600000,0x00000006c4d9c6a8,0x00000006c9d00000)
 Metaspace       used 43014K, capacity 43942K, committed 44160K, reserved 1087488K
  class space    used 5967K, capacity 6260K, committed 6272K, reserved 1048576K
}

Deoptimization events (10 events):
Event: 37.916 Thread 0x000001e0fd55f000 Uncommon trap: reason=class_check action=maybe_recompile pc=0x000001e0dfb107c0 method=java.io.BufferedInputStream.read1([BII)I @ 39
Event: 37.927 Thread 0x000001e0fd55f000 Uncommon trap: reason=class_check action=maybe_recompile pc=0x000001e0df9c6588 method=java.util.Properties$LineReader.readLine()I @ 410
Event: 37.931 Thread 0x000001e0fd55f000 Uncommon trap: reason=class_check action=maybe_recompile pc=0x000001e0df9c6588 method=java.util.Properties$LineReader.readLine()I @ 410
Event: 37.979 Thread 0x000001e0fd55f000 Uncommon trap: reason=class_check action=maybe_recompile pc=0x000001e0df9c6588 method=java.util.Properties$LineReader.readLine()I @ 410
Event: 38.061 Thread 0x000001e0fd55f000 Uncommon trap: reason=unstable_if action=reinterpret pc=0x000001e0e035a34c method=org.aspectj.org.eclipse.jdt.internal.compiler.batch.ClasspathJar.isPackage(Ljava/lang/String;)Z @ 4
Event: 38.122 Thread 0x000001e0fd55f000 Uncommon trap: reason=unstable_if action=reinterpret pc=0x000001e0e03ea870 method=org.aspectj.org.eclipse.jdt.internal.compiler.parser.TheOriginalJDTScannerClass.optimizedCurrentTokenSource4()[C @ 172
Event: 38.128 Thread 0x000001e0fd55f000 Uncommon trap: reason=unstable_if action=reinterpret pc=0x000001e0e03ff080 method=org.aspectj.org.eclipse.jdt.internal.compiler.parser.TheOriginalJDTScannerClass.optimizedCurrentTokenSource6()[C @ 142
Event: 38.187 Thread 0x000001e0fd55f000 Uncommon trap: reason=unstable_if action=reinterpret pc=0x000001e0e0333344 method=java.io.BufferedInputStream.read([BII)I @ 31
Event: 38.197 Thread 0x000001e0fd55f000 Uncommon trap: reason=unstable_if action=reinterpret pc=0x000001e0df94d578 method=java.io.DataInputStream.readUTF(Ljava/io/DataInput;)Ljava/lang/String; @ 31
Event: 38.201 Thread 0x000001e0fd55f000 Uncommon trap: reason=unstable_if action=reinterpret pc=0x000001e0df971384 method=java.lang.StringBuffer.toString()Ljava/lang/String; @ 4

Classes redefined (0 events):
No events

Internal exceptions (10 events):
Event: 38.174 Thread 0x000001e0fd55f000 Exception <a 'java/lang/ArrayIndexOutOfBoundsException'> (0x00000007725c49b0) thrown at [C:\wsjdk\Corretto8Src\installers\windows\zip\corretto-build\buildRoot\hotspot\src\share\vm\runtime\sharedRuntime.cpp, line 610]
Event: 38.174 Thread 0x000001e0fd55f000 Exception <a 'java/lang/ArrayIndexOutOfBoundsException'> (0x00000007725d10c0) thrown at [C:\wsjdk\Corretto8Src\installers\windows\zip\corretto-build\buildRoot\hotspot\src\share\vm\runtime\sharedRuntime.cpp, line 610]
Event: 38.174 Thread 0x000001e0fd55f000 Exception <a 'java/lang/ArrayIndexOutOfBoundsException'> (0x00000007725e00d0) thrown at [C:\wsjdk\Corretto8Src\installers\windows\zip\corretto-build\buildRoot\hotspot\src\share\vm\runtime\sharedRuntime.cpp, line 610]
Event: 38.174 Thread 0x000001e0fd55f000 Exception <a 'java/lang/ArrayIndexOutOfBoundsException'> (0x00000007725ea388) thrown at [C:\wsjdk\Corretto8Src\installers\windows\zip\corretto-build\buildRoot\hotspot\src\share\vm\runtime\sharedRuntime.cpp, line 610]
Event: 38.175 Thread 0x000001e0fd55f000 Exception <a 'java/lang/ArrayIndexOutOfBoundsException'> (0x00000007725f6238) thrown at [C:\wsjdk\Corretto8Src\installers\windows\zip\corretto-build\buildRoot\hotspot\src\share\vm\runtime\sharedRuntime.cpp, line 610]
Event: 38.175 Thread 0x000001e0fd55f000 Exception <a 'java/lang/ArrayIndexOutOfBoundsException'> (0x000000077260b360) thrown at [C:\wsjdk\Corretto8Src\installers\windows\zip\corretto-build\buildRoot\hotspot\src\share\vm\runtime\sharedRuntime.cpp, line 610]
Event: 38.175 Thread 0x000001e0fd55f000 Exception <a 'java/lang/ArrayIndexOutOfBoundsException'> (0x00000007726163f0) thrown at [C:\wsjdk\Corretto8Src\installers\windows\zip\corretto-build\buildRoot\hotspot\src\share\vm\runtime\sharedRuntime.cpp, line 610]
Event: 38.175 Thread 0x000001e0fd55f000 Exception <a 'java/lang/ArrayIndexOutOfBoundsException'> (0x0000000772620398) thrown at [C:\wsjdk\Corretto8Src\installers\windows\zip\corretto-build\buildRoot\hotspot\src\share\vm\runtime\sharedRuntime.cpp, line 610]
Event: 38.175 Thread 0x000001e0fd55f000 Exception <a 'java/lang/ArrayIndexOutOfBoundsException'> (0x0000000772629a30) thrown at [C:\wsjdk\Corretto8Src\installers\windows\zip\corretto-build\buildRoot\hotspot\src\share\vm\runtime\sharedRuntime.cpp, line 610]
Event: 38.176 Thread 0x000001e0fd55f000 Exception <a 'java/lang/ArrayIndexOutOfBoundsException'> (0x00000007726356a8) thrown at [C:\wsjdk\Corretto8Src\installers\windows\zip\corretto-build\buildRoot\hotspot\src\share\vm\runtime\sharedRuntime.cpp, line 610]

Events (10 events):
Event: 38.200 loading class org/aspectj/util/GenericSignature$SimpleClassTypeSignature done
Event: 38.200 loading class org/aspectj/util/GenericSignature$TypeArgument
Event: 38.200 loading class org/aspectj/util/GenericSignature$TypeArgument done
Event: 38.201 Thread 0x000001e0fd55f000 Uncommon trap: trap_request=0xffffff65 fr.pc=0x000001e0df971384
Event: 38.201 Executing VM operation: RevokeBias
Event: 38.201 Executing VM operation: RevokeBias done
Event: 38.201 Thread 0x000001e0fd55f000 DEOPT PACKING pc=0x000001e0df971384 sp=0x0000006cde2fb050
Event: 38.201 Thread 0x000001e0fd55f000 DEOPT UNPACKING pc=0x000001e0df425583 sp=0x0000006cde2fb028 mode 2
Event: 38.203 loading class org/aspectj/org/eclipse/jdt/internal/compiler/lookup/TypeConstants$BoundCheckStatus
Event: 38.203 loading class org/aspectj/org/eclipse/jdt/internal/compiler/lookup/TypeConstants$BoundCheckStatus done


Dynamic libraries:
0x00007ff776610000 - 0x00007ff77664a000 	C:\Users\sereg\.jdks\corretto-1.8.0_362\bin\java.exe
0x00007fffb4eb0000 - 0x00007fffb50c4000 	C:\WINDOWS\SYSTEM32\ntdll.dll
0x00007fffb3740000 - 0x00007fffb3802000 	C:\WINDOWS\System32\KERNEL32.DLL
0x00007fffb2810000 - 0x00007fffb2bb3000 	C:\WINDOWS\System32\KERNELBASE.dll
0x00007fffb39c0000 - 0x00007fffb3a6e000 	C:\WINDOWS\System32\ADVAPI32.dll
0x00007fffb3d50000 - 0x00007fffb3df7000 	C:\WINDOWS\System32\msvcrt.dll
0x00007fffb4310000 - 0x00007fffb43b4000 	C:\WINDOWS\System32\sechost.dll
0x00007fffb41f0000 - 0x00007fffb4307000 	C:\WINDOWS\System32\RPCRT4.dll
0x00007fffb4040000 - 0x00007fffb41eb000 	C:\WINDOWS\System32\USER32.dll
0x00007fffb2bc0000 - 0x00007fffb2be6000 	C:\WINDOWS\System32\win32u.dll
0x00007fffb3710000 - 0x00007fffb3739000 	C:\WINDOWS\System32\GDI32.dll
0x00007fffb23d0000 - 0x00007fffb24e9000 	C:\WINDOWS\System32\gdi32full.dll
0x00007fffb2bf0000 - 0x00007fffb2c8a000 	C:\WINDOWS\System32\msvcp_win.dll
0x00007fffb22b0000 - 0x00007fffb23c1000 	C:\WINDOWS\System32\ucrtbase.dll
0x00007fffb1600000 - 0x00007fffb188e000 	C:\WINDOWS\WinSxS\amd64_microsoft.windows.common-controls_6595b64144ccf1df_6.0.22621.1635_none_270f70857386168e\COMCTL32.dll
0x00007fffb3e00000 - 0x00007fffb3e31000 	C:\WINDOWS\System32\IMM32.DLL
0x00007fff66aa0000 - 0x00007fff66b8f000 	C:\Users\sereg\.jdks\corretto-1.8.0_362\jre\bin\msvcr120.dll
0x00007fff6bb00000 - 0x00007fff6bba6000 	C:\Users\sereg\.jdks\corretto-1.8.0_362\jre\bin\msvcp120.dll
0x0000000068590000 - 0x0000000068e05000 	C:\Users\sereg\.jdks\corretto-1.8.0_362\jre\bin\server\jvm.dll
0x00007fffb3570000 - 0x00007fffb3578000 	C:\WINDOWS\System32\PSAPI.DLL
0x00007fffb0bc0000 - 0x00007fffb0bca000 	C:\WINDOWS\SYSTEM32\VERSION.dll
0x00007fff8b2d0000 - 0x00007fff8b2d9000 	C:\WINDOWS\SYSTEM32\WSOCK32.dll
0x00007fffa94e0000 - 0x00007fffa9514000 	C:\WINDOWS\SYSTEM32\WINMM.dll
0x00007fffb3890000 - 0x00007fffb3901000 	C:\WINDOWS\System32\WS2_32.dll
0x00007fffabd70000 - 0x00007fffabd7f000 	C:\Users\sereg\.jdks\corretto-1.8.0_362\jre\bin\verify.dll
0x00007fffaaef0000 - 0x00007fffaaf19000 	C:\Users\sereg\.jdks\corretto-1.8.0_362\jre\bin\java.dll
0x00007fffa3fb0000 - 0x00007fffa3fc6000 	C:\Users\sereg\.jdks\corretto-1.8.0_362\jre\bin\zip.dll
0x00007fffb2ce0000 - 0x00007fffb34da000 	C:\WINDOWS\System32\SHELL32.dll
0x00007fffaf360000 - 0x00007fffafc2e000 	C:\WINDOWS\SYSTEM32\windows.storage.dll
0x00007fffb4580000 - 0x00007fffb4909000 	C:\WINDOWS\System32\combase.dll
0x00007fffaf220000 - 0x00007fffaf35e000 	C:\WINDOWS\SYSTEM32\wintypes.dll
0x00007fffb3610000 - 0x00007fffb3701000 	C:\WINDOWS\System32\SHCORE.dll
0x00007fffb3e40000 - 0x00007fffb3e9e000 	C:\WINDOWS\System32\shlwapi.dll
0x00007fffb21e0000 - 0x00007fffb2201000 	C:\WINDOWS\SYSTEM32\profapi.dll
0x00007fffa2b10000 - 0x00007fffa2b2a000 	C:\Users\sereg\.jdks\corretto-1.8.0_362\jre\bin\net.dll
0x00007fffb0800000 - 0x00007fffb0869000 	C:\WINDOWS\system32\mswsock.dll
0x00007fffab440000 - 0x00007fffab452000 	C:\Users\sereg\.jdks\corretto-1.8.0_362\jre\bin\nio.dll
0x00007fffb0e70000 - 0x00007fffb0e8e000 	C:\Users\sereg\.gradle\native\25\windows-amd64\native-platform.dll
0x00007fffb0e90000 - 0x00007fffb0e9d000 	C:\Users\sereg\.jdks\corretto-1.8.0_362\jre\bin\management.dll
0x00007fffb1f50000 - 0x00007fffb1f6b000 	C:\WINDOWS\SYSTEM32\CRYPTSP.dll
0x00007fffb03a0000 - 0x00007fffb03d5000 	C:\WINDOWS\system32\rsaenh.dll
0x00007fffb08a0000 - 0x00007fffb08c8000 	C:\WINDOWS\SYSTEM32\USERENV.dll
0x00007fffb1ae0000 - 0x00007fffb1b08000 	C:\WINDOWS\SYSTEM32\bcrypt.dll
0x00007fffb2620000 - 0x00007fffb269b000 	C:\WINDOWS\System32\bcryptprimitives.dll
0x00007fffb0b00000 - 0x00007fffb0b0c000 	C:\WINDOWS\SYSTEM32\CRYPTBASE.dll
0x00007fffaff00000 - 0x00007fffaff2d000 	C:\WINDOWS\SYSTEM32\IPHLPAPI.DLL
0x00007fffb4030000 - 0x00007fffb4039000 	C:\WINDOWS\System32\NSI.dll
0x00007fffa9490000 - 0x00007fffa94a9000 	C:\WINDOWS\SYSTEM32\dhcpcsvc6.DLL
0x00007fffa9420000 - 0x00007fffa943f000 	C:\WINDOWS\SYSTEM32\dhcpcsvc.DLL
0x00007fffaff70000 - 0x00007fffb0063000 	C:\WINDOWS\SYSTEM32\DNSAPI.dll

VM Arguments:
jvm_args: -Dfile.encoding=UTF-8 -Duser.country=RU -Duser.language=ru -Duser.variant 
java_command: org.gradle.launcher.daemon.bootstrap.GradleDaemon 4.8.1
java_class_path (initial): C:\Users\sereg\.gradle\wrapper\dists\gradle-4.8.1-bin\e8p42vx1m7a3mz9ydmjagn6wn\gradle-4.8.1\lib\gradle-launcher-4.8.1.jar
Launcher Type: SUN_STANDARD

Environment Variables:
JAVA_HOME=C:\Program Files\Java\jdk-11.0.17
PATH=C:\Program Files (x86)\NVIDIA Corporation\PhysX\Common;C:\Program Files\Common Files\Oracle\Java\javapath;C:\Users\sereg\AppData\Local\Programs\Python\Python311\Scripts\;C:\Users\sereg\AppData\Local\Programs\Python\Python311\;C:\WINDOWS\system32\config\systemprofile\AppData\Local\Microsoft\WindowsApps;C:\Program Files\Gradle\gradle-4.8.1\bin;C:\Program Files\Java\jdk-11.0.17\bin;D:\Jmeter\apache-jmeter-5.5\bin;C:\Windows\System32;C:\Program Files\Docker\Docker\resources\bin;C:\Program Files\MySQL\MySQL Utilities 1.6\;C:\ProgramData\chocolatey\bin;C:\Program Files\OpenSSL\bin;;C:\Program Files\NVIDIA Corporation\NVIDIA NvDLISR;C:\Program Files\MySQL\MySQL Shell 8.0\bin\;C:\Users\sereg\AppData\Local\Programs\Python\Python311\Scripts\;C:\Users\sereg\AppData\Local\Programs\Python\Python311\;C:\Users\sereg\AppData\Local\Microsoft\WindowsApps;C:\Program Files\Gradle\gradle-4.8.1\bin;C:\Program Files\Java\jdk-11.0.17\bin;D:\Jmeter\apache-jmeter-5.5\bin;C:\Windows\System32;C:\Program Files\Docker\Docker\resources\bin;C:\Program Files\OpenSSL\bin;
USERNAME=sereg
OS=Windows_NT
PROCESSOR_IDENTIFIER=Intel64 Family 6 Model 141 Stepping 1, GenuineIntel



---------------  S Y S T E M  ---------------

OS: Windows 11 , 64 bit Build 22621 (10.0.22621.1778)

CPU:total 12 (initial active 12) (6 cores per cpu, 2 threads per core) family 6 model 141 stepping 1, cmov, cx8, fxsr, mmx, sse, sse2, sse3, ssse3, sse4.1, sse4.2, popcnt, avx, avx2, aes, clmul, erms, 3dnowpref, lzcnt, ht, tsc, tscinvbit, bmi1, bmi2, adx

Memory: 4k page, physical 16551224k(620580k free), swap 40567988k(5124k free)

vm_info: OpenJDK 64-Bit Server VM (25.362-b08) for windows-amd64 JRE (1.8.0_362-b08), built on Jan 13 2023 13:30:12 by "Administrator" with MS VC++ 12.0 (VS2013)

time: Mon Jun 19 16:06:00 2023
timezone: RTZ 2 (зима)
elapsed time: 38.206865 seconds (0d 0h 0m 38s)

