#
# There is insufficient memory for the Java Runtime Environment to continue.
# Native memory allocation (malloc) failed to allocate 374768 bytes for Chunk::new
# Possible reasons:
#   The system is out of physical RAM or swap space
#   The process is running with CompressedOops enabled, and the Java Heap may be blocking the growth of the native heap
# Possible solutions:
#   Reduce memory load on the system
#   Increase physical memory or swap space
#   Check if swap backing store is full
#   Decrease Java heap size (-Xmx/-Xms)
#   Decrease number of Java threads
#   Decrease Java thread stack sizes (-Xss)
#   Set larger code cache with -XX:ReservedCodeCacheSize=
#   JVM is running with Zero Based Compressed Oops mode in which the Java heap is
#     placed in the first 32GB address space. The Java Heap base address is the
#     maximum limit for the native heap growth. Please use -XX:HeapBaseMinAddress
#     to set the Java Heap base and to place the Java Heap above 32GB virtual address.
# This output file may be truncated or incomplete.
#
#  Out of Memory Error (allocation.cpp:389), pid=16372, tid=0x00000000000039d0
#
# JRE version: Java(TM) SE Runtime Environment (8.0_361) (build 1.8.0_361-b09)
# Java VM: Java HotSpot(TM) 64-Bit Server VM (25.361-b09 mixed mode windows-amd64 compressed oops)
# Failed to write core dump. Minidumps are not enabled by default on client versions of Windows
#

---------------  T H R E A D  ---------------

Current thread (0x00000267f3e8c000):  JavaThread "C2 CompilerThread0" daemon [_thread_in_native, id=14800, stack(0x000000e5a3700000,0x000000e5a3800000)]

Stack: [0x000000e5a3700000,0x000000e5a3800000]
Native frames: (J=compiled Java code, j=interpreted, Vv=VM code, C=native code)
V  [jvm.dll+0x3317a9]
V  [jvm.dll+0x277c4e]
V  [jvm.dll+0x27888d]
V  [jvm.dll+0x26f0d5]
V  [jvm.dll+0xd590c]
V  [jvm.dll+0xd610c]
V  [jvm.dll+0x473205]
V  [jvm.dll+0x43a9d8]
V  [jvm.dll+0x443825]
V  [jvm.dll+0x442be5]
V  [jvm.dll+0x42d98b]
V  [jvm.dll+0xac70b]
V  [jvm.dll+0xaad6b]
V  [jvm.dll+0x23ffb2]
V  [jvm.dll+0x294a5c]
C  [ucrtbase.dll+0x29363]
C  [KERNEL32.DLL+0x1269d]
C  [ntdll.dll+0x5a9f8]


Current CompileTask:
C2:   3497 1315   !   4       java.lang.ClassLoader::loadClass (122 bytes)


---------------  P R O C E S S  ---------------

Java Threads: ( => current thread )
  0x00000267f7175800 JavaThread "Stdin handler" [_thread_blocked, id=17636, stack(0x000000e5a4500000,0x000000e5a4600000)]
  0x00000267f7174800 JavaThread "Asynchronous log dispatcher for DefaultDaemonConnection: socket connection from /127.0.0.1:63944 to /127.0.0.1:63945" [_thread_blocked, id=4120, stack(0x000000e5a4400000,0x000000e5a4500000)]
  0x00000267f7178800 JavaThread "Daemon worker" [_thread_in_vm, id=18992, stack(0x000000e5a4300000,0x000000e5a4400000)]
  0x00000267f6fef000 JavaThread "Cancel handler" [_thread_blocked, id=4332, stack(0x000000e5a4200000,0x000000e5a4300000)]
  0x00000267f6fca000 JavaThread "Handler for socket connection from /127.0.0.1:63944 to /127.0.0.1:63945" [_thread_in_native, id=18580, stack(0x000000e5a4100000,0x000000e5a4200000)]
  0x00000267f695b800 JavaThread "Daemon" [_thread_blocked, id=9124, stack(0x000000e5a4000000,0x000000e5a4100000)]
  0x00000267f6ab0000 JavaThread "Daemon periodic checks" [_thread_blocked, id=18724, stack(0x000000e5a3f00000,0x000000e5a4000000)]
  0x00000267f6958000 JavaThread "Incoming local TCP Connector on port 63944" [_thread_in_native, id=18656, stack(0x000000e5a3e00000,0x000000e5a3f00000)]
  0x00000267f6f33000 JavaThread "Daemon health stats" [_thread_blocked, id=18344, stack(0x000000e5a3d00000,0x000000e5a3e00000)]
  0x00000267f56a5000 JavaThread "Service Thread" daemon [_thread_blocked, id=18336, stack(0x000000e5a3b00000,0x000000e5a3c00000)]
  0x00000267f3e96800 JavaThread "C1 CompilerThread3" daemon [_thread_blocked, id=3708, stack(0x000000e5a3a00000,0x000000e5a3b00000)]
  0x00000267f3e93000 JavaThread "C2 CompilerThread2" daemon [_thread_in_native, id=8240, stack(0x000000e5a3900000,0x000000e5a3a00000)]
  0x00000267f3e8f800 JavaThread "C2 CompilerThread1" daemon [_thread_in_native, id=17836, stack(0x000000e5a3800000,0x000000e5a3900000)]
=>0x00000267f3e8c000 JavaThread "C2 CompilerThread0" daemon [_thread_in_native, id=14800, stack(0x000000e5a3700000,0x000000e5a3800000)]
  0x00000267f3e89000 JavaThread "Attach Listener" daemon [_thread_blocked, id=18164, stack(0x000000e5a3600000,0x000000e5a3700000)]
  0x00000267f3e88000 JavaThread "Signal Dispatcher" daemon [_thread_blocked, id=11984, stack(0x000000e5a3500000,0x000000e5a3600000)]
  0x00000267f3007800 JavaThread "Finalizer" daemon [_thread_blocked, id=2568, stack(0x000000e5a3400000,0x000000e5a3500000)]
  0x00000267f3e5c000 JavaThread "Reference Handler" daemon [_thread_blocked, id=14888, stack(0x000000e5a3300000,0x000000e5a3400000)]
  0x00000267d8524800 JavaThread "main" [_thread_blocked, id=15468, stack(0x000000e5a2700000,0x000000e5a2800000)]

Other Threads:
  0x00000267f3e33000 VMThread [stack: 0x000000e5a3200000,0x000000e5a3300000] [id=6312]
  0x00000267f3ece800 WatcherThread [stack: 0x000000e5a3c00000,0x000000e5a3d00000] [id=18828]

VM state:not at safepoint (normal execution)

VM Mutex/Monitor currently owned by a thread: None

heap address: 0x00000006c3600000, size: 4042 MB, Compressed Oops mode: Zero based, Oop shift amount: 3
Narrow klass base: 0x0000000000000000, Narrow klass shift: 3
Compressed class space size: 1073741824 Address: 0x00000007c0000000

Heap:
 PSYoungGen      total 75776K, used 35152K [0x000000076bd00000, 0x0000000771180000, 0x00000007c0000000)
  eden space 65024K, 42% used [0x000000076bd00000,0x000000076d836a48,0x000000076fc80000)
  from space 10752K, 67% used [0x000000076fc80000,0x000000077039d7c0,0x0000000770700000)
  to   space 10752K, 0% used [0x0000000770700000,0x0000000770700000,0x0000000771180000)
 ParOldGen       total 173568K, used 16K [0x00000006c3600000, 0x00000006cdf80000, 0x000000076bd00000)
  object space 173568K, 0% used [0x00000006c3600000,0x00000006c3604000,0x00000006cdf80000)
 Metaspace       used 13366K, capacity 13674K, committed 13824K, reserved 1062912K
  class space    used 1891K, capacity 2013K, committed 2048K, reserved 1048576K

Card table byte_map: [0x00000267e9390000,0x00000267e9b80000] byte_map_base: 0x00000267e5d75000

Marking Bits: (ParMarkBitMap*) 0x0000000070b8b090
 Begin Bits: [0x00000267ea0d0000, 0x00000267edff8000)
 End Bits:   [0x00000267edff8000, 0x00000267f1f20000)

Polling page: 0x00000267d8780000

CodeCache: size=245760Kb used=4676Kb max_used=4687Kb free=241083Kb
 bounds [0x00000267d9fd0000, 0x00000267da470000, 0x00000267e8fd0000]
 total_blobs=1697 nmethods=1331 adapters=278
 compilation: enabled

Compilation events (10 events):
Event: 3.473 Thread 0x00000267f3e96800 nmethod 1319 0x00000267da458e90 code [0x00000267da459320, 0x00000267da45c2c0]
Event: 3.473 Thread 0x00000267f3e96800 1320   !   3       java.lang.ClassLoader::definePackage (77 bytes)
Event: 3.473 Thread 0x00000267f3e96800 nmethod 1320 0x00000267da44f190 code [0x00000267da44f340, 0x00000267da44f9e0]
Event: 3.476 Thread 0x00000267f3e93000 1321       4       sun.misc.ASCIICaseInsensitiveComparator::compare (126 bytes)
Event: 3.477 Thread 0x00000267f3e8f800 1322   !   4       java.util.concurrent.ConcurrentHashMap::transfer (832 bytes)
Event: 3.479 Thread 0x00000267f3e96800 1323       3       java.util.LinkedList::unlink (91 bytes)
Event: 3.479 Thread 0x00000267f3e96800 nmethod 1323 0x00000267da44ebd0 code [0x00000267da44ed40, 0x00000267da44f038]
Event: 3.480 Thread 0x00000267f3e96800 1324       3       org.gradle.internal.service.RelevantMethodsBuilder::add (31 bytes)
Event: 3.480 Thread 0x00000267f3e96800 nmethod 1324 0x00000267da4586d0 code [0x00000267da458860, 0x00000267da458cf0]
Event: 3.480 Thread 0x00000267f3e96800 1325       3       java.util.LinkedList$ListItr::remove (84 bytes)

GC Heap History (2 events):
Event: 2.674 GC heap before
{Heap before GC invocations=1 (full 0):
 PSYoungGen      total 75776K, used 65024K [0x000000076bd00000, 0x0000000771180000, 0x00000007c0000000)
  eden space 65024K, 100% used [0x000000076bd00000,0x000000076fc80000,0x000000076fc80000)
  from space 10752K, 0% used [0x0000000770700000,0x0000000770700000,0x0000000771180000)
  to   space 10752K, 0% used [0x000000076fc80000,0x000000076fc80000,0x0000000770700000)
 ParOldGen       total 173568K, used 0K [0x00000006c3600000, 0x00000006cdf80000, 0x000000076bd00000)
  object space 173568K, 0% used [0x00000006c3600000,0x00000006c3600000,0x00000006cdf80000)
 Metaspace       used 9424K, capacity 9674K, committed 9856K, reserved 1058816K
  class space    used 1293K, capacity 1393K, committed 1408K, reserved 1048576K
Event: 2.683 GC heap after
Heap after GC invocations=1 (full 0):
 PSYoungGen      total 75776K, used 7285K [0x000000076bd00000, 0x0000000771180000, 0x00000007c0000000)
  eden space 65024K, 0% used [0x000000076bd00000,0x000000076bd00000,0x000000076fc80000)
  from space 10752K, 67% used [0x000000076fc80000,0x000000077039d7c0,0x0000000770700000)
  to   space 10752K, 0% used [0x0000000770700000,0x0000000770700000,0x0000000771180000)
 ParOldGen       total 173568K, used 16K [0x00000006c3600000, 0x00000006cdf80000, 0x000000076bd00000)
  object space 173568K, 0% used [0x00000006c3600000,0x00000006c3604000,0x00000006cdf80000)
 Metaspace       used 9424K, capacity 9674K, committed 9856K, reserved 1058816K
  class space    used 1293K, capacity 1393K, committed 1408K, reserved 1048576K
}

Deoptimization events (10 events):
Event: 2.504 Thread 0x00000267d8524800 Uncommon trap: reason=class_check action=maybe_recompile pc=0x00000267da2835a8 method=java.util.regex.Matcher.match(II)Z @ 86
Event: 2.520 Thread 0x00000267d8524800 Uncommon trap: reason=unstable_if action=reinterpret pc=0x00000267da2523ac method=java.util.HashMap.getNode(ILjava/lang/Object;)Ljava/util/HashMap$Node; @ 62
Event: 2.520 Thread 0x00000267d8524800 Uncommon trap: reason=bimorphic action=maybe_recompile pc=0x00000267da30260c method=java.util.HashMap.putVal(ILjava/lang/Object;Ljava/lang/Object;ZZ)Ljava/lang/Object; @ 91
Event: 2.521 Thread 0x00000267d8524800 Uncommon trap: reason=bimorphic action=maybe_recompile pc=0x00000267da30260c method=java.util.HashMap.putVal(ILjava/lang/Object;Ljava/lang/Object;ZZ)Ljava/lang/Object; @ 91
Event: 2.521 Thread 0x00000267d8524800 Uncommon trap: reason=bimorphic action=maybe_recompile pc=0x00000267da30260c method=java.util.HashMap.putVal(ILjava/lang/Object;Ljava/lang/Object;ZZ)Ljava/lang/Object; @ 91
Event: 2.521 Thread 0x00000267d8524800 Uncommon trap: reason=bimorphic action=maybe_recompile pc=0x00000267da30260c method=java.util.HashMap.putVal(ILjava/lang/Object;Ljava/lang/Object;ZZ)Ljava/lang/Object; @ 91
Event: 2.587 Thread 0x00000267d8524800 Uncommon trap: reason=bimorphic action=maybe_recompile pc=0x00000267da2f6c48 method=java.util.HashMap.putVal(ILjava/lang/Object;Ljava/lang/Object;ZZ)Ljava/lang/Object; @ 91
Event: 2.852 Thread 0x00000267d8524800 Uncommon trap: reason=unstable_if action=reinterpret pc=0x00000267da242c3c method=java.io.WinNTFileSystem.normalize(Ljava/lang/String;)Ljava/lang/String; @ 128
Event: 2.852 Thread 0x00000267d8524800 Uncommon trap: reason=unstable_if action=reinterpret pc=0x00000267da3119a8 method=java.io.WinNTFileSystem.normalize(Ljava/lang/String;II)Ljava/lang/String; @ 90
Event: 3.260 Thread 0x00000267f6fca000 Uncommon trap: reason=unstable_if action=reinterpret pc=0x00000267da390c2c method=java.util.concurrent.ConcurrentHashMap.putVal(Ljava/lang/Object;Ljava/lang/Object;Z)Ljava/lang/Object; @ 206

Classes redefined (0 events):
No events

Internal exceptions (10 events):
Event: 2.614 Thread 0x00000267d8524800 Exception <a 'java/lang/NoSuchFieldError': method resolution failed> (0x000000076f86e298) thrown at [C:\jenkins\workspace\8-2-build-windows-x64-cygwin\jdk8u361\3183\hotspot\src\share\vm\prims\methodHandles.cpp, line 1188]
Event: 2.615 Thread 0x00000267d8524800 Exception <a 'java/lang/NoSuchFieldError': method resolution failed> (0x000000076f87b988) thrown at [C:\jenkins\workspace\8-2-build-windows-x64-cygwin\jdk8u361\3183\hotspot\src\share\vm\prims\methodHandles.cpp, line 1188]
Event: 3.223 Thread 0x00000267d8524800 Exception <a 'java/io/IOException'> (0x000000076c230d30) thrown at [C:\jenkins\workspace\8-2-build-windows-x64-cygwin\jdk8u361\3183\hotspot\src\share\vm\prims\jni.cpp, line 710]
Event: 3.261 Thread 0x00000267f6fca000 Exception <a 'java/lang/NoSuchMethodError': <clinit>> (0x000000076c4d0e50) thrown at [C:\jenkins\workspace\8-2-build-windows-x64-cygwin\jdk8u361\3183\hotspot\src\share\vm\prims\jni.cpp, line 1615]
Event: 3.262 Thread 0x00000267f6fca000 Exception <a 'java/lang/NoSuchMethodError': <clinit>> (0x000000076c4da690) thrown at [C:\jenkins\workspace\8-2-build-windows-x64-cygwin\jdk8u361\3183\hotspot\src\share\vm\prims\jni.cpp, line 1615]
Event: 3.264 Thread 0x00000267f6fca000 Exception <a 'java/lang/NoSuchMethodError': <clinit>> (0x000000076c4e4d10) thrown at [C:\jenkins\workspace\8-2-build-windows-x64-cygwin\jdk8u361\3183\hotspot\src\share\vm\prims\jni.cpp, line 1615]
Event: 3.275 Thread 0x00000267f6fca000 Exception <a 'java/lang/NoSuchMethodError': <clinit>> (0x000000076c5334b8) thrown at [C:\jenkins\workspace\8-2-build-windows-x64-cygwin\jdk8u361\3183\hotspot\src\share\vm\prims\jni.cpp, line 1615]
Event: 3.282 Thread 0x00000267f6fca000 Exception <a 'java/lang/NoSuchMethodError': <clinit>> (0x000000076c56ac68) thrown at [C:\jenkins\workspace\8-2-build-windows-x64-cygwin\jdk8u361\3183\hotspot\src\share\vm\prims\jni.cpp, line 1615]
Event: 3.291 Thread 0x00000267f6fca000 Exception <a 'java/lang/NoSuchMethodError': <clinit>> (0x000000076c59f980) thrown at [C:\jenkins\workspace\8-2-build-windows-x64-cygwin\jdk8u361\3183\hotspot\src\share\vm\prims\jni.cpp, line 1615]
Event: 3.292 Thread 0x00000267f6fca000 Exception <a 'java/lang/NoSuchMethodError': <clinit>> (0x000000076c5aaa00) thrown at [C:\jenkins\workspace\8-2-build-windows-x64-cygwin\jdk8u361\3183\hotspot\src\share\vm\prims\jni.cpp, line 1615]

Events (10 events):
Event: 3.478 loading class org/gradle/initialization/BuildCompletionListener
Event: 3.478 loading class org/gradle/initialization/BuildCompletionListener done
Event: 3.478 loading class org/gradle/configuration/DefaultScriptPluginFactory
Event: 3.479 loading class org/gradle/configuration/DefaultScriptPluginFactory done
Event: 3.479 loading class org/gradle/tooling/provider/model/internal/BuildScopeToolingModelBuilderRegistryAction
Event: 3.479 loading class org/gradle/tooling/provider/model/internal/BuildScopeToolingModelBuilderRegistryAction done
Event: 3.480 loading class org/gradle/api/internal/project/ProjectInternal
Event: 3.480 loading class org/gradle/api/internal/project/ProjectInternal done
Event: 3.480 loading class org/gradle/api/Project
Event: 3.480 loading class org/gradle/api/Project done


Dynamic libraries:
0x00007ff7c2610000 - 0x00007ff7c2657000 	C:\Program Files\Java\jdk1.8.0_361\bin\java.exe
0x00007ff8baad0000 - 0x00007ff8bace4000 	C:\WINDOWS\SYSTEM32\ntdll.dll
0x00007ff8b8920000 - 0x00007ff8b89e2000 	C:\WINDOWS\System32\KERNEL32.DLL
0x00007ff8b82b0000 - 0x00007ff8b864c000 	C:\WINDOWS\System32\KERNELBASE.dll
0x00007ff8b93e0000 - 0x00007ff8b948e000 	C:\WINDOWS\System32\ADVAPI32.dll
0x00007ff8b9940000 - 0x00007ff8b99e7000 	C:\WINDOWS\System32\msvcrt.dll
0x00007ff8b9330000 - 0x00007ff8b93d4000 	C:\WINDOWS\System32\sechost.dll
0x00007ff8b9540000 - 0x00007ff8b9657000 	C:\WINDOWS\System32\RPCRT4.dll
0x00007ff8ba340000 - 0x00007ff8ba4eb000 	C:\WINDOWS\System32\USER32.dll
0x00007ff8b8830000 - 0x00007ff8b8856000 	C:\WINDOWS\System32\win32u.dll
0x00007ff8b9500000 - 0x00007ff8b9529000 	C:\WINDOWS\System32\GDI32.dll
0x00007ff8b8190000 - 0x00007ff8b82a3000 	C:\WINDOWS\System32\gdi32full.dll
0x00007ff8b7f10000 - 0x00007ff8b7faa000 	C:\WINDOWS\System32\msvcp_win.dll
0x00007ff8b8650000 - 0x00007ff8b8761000 	C:\WINDOWS\System32\ucrtbase.dll
0x00007ff89f700000 - 0x00007ff89f98e000 	C:\WINDOWS\WinSxS\amd64_microsoft.windows.common-controls_6595b64144ccf1df_6.0.22621.608_none_a9444ca7c10bb01d\COMCTL32.dll
0x00007ff8b88e0000 - 0x00007ff8b8911000 	C:\WINDOWS\System32\IMM32.DLL
0x00007ff86e7c0000 - 0x00007ff86e7d5000 	C:\Program Files\Java\jdk1.8.0_361\jre\bin\vcruntime140.dll
0x00007ff85e3d0000 - 0x00007ff85e46b000 	C:\Program Files\Java\jdk1.8.0_361\jre\bin\msvcp140.dll
0x00000000703a0000 - 0x0000000070c03000 	C:\Program Files\Java\jdk1.8.0_361\jre\bin\server\jvm.dll
0x00007ff8b94f0000 - 0x00007ff8b94f8000 	C:\WINDOWS\System32\PSAPI.DLL
0x00007ff8b1df0000 - 0x00007ff8b1df9000 	C:\WINDOWS\SYSTEM32\WSOCK32.dll
0x00007ff8b91b0000 - 0x00007ff8b9221000 	C:\WINDOWS\System32\WS2_32.dll
0x00007ff8afe20000 - 0x00007ff8afe54000 	C:\WINDOWS\SYSTEM32\WINMM.dll
0x00007ff8afc60000 - 0x00007ff8afc6a000 	C:\WINDOWS\SYSTEM32\VERSION.dll
0x00007ff8b7010000 - 0x00007ff8b7028000 	C:\WINDOWS\SYSTEM32\kernel.appcore.dll
0x00007ff85e3c0000 - 0x00007ff85e3d0000 	C:\Program Files\Java\jdk1.8.0_361\jre\bin\verify.dll
0x00007ff85e390000 - 0x00007ff85e3bb000 	C:\Program Files\Java\jdk1.8.0_361\jre\bin\java.dll
0x00007ff85e370000 - 0x00007ff85e388000 	C:\Program Files\Java\jdk1.8.0_361\jre\bin\zip.dll
0x00007ff8b99f0000 - 0x00007ff8ba1e0000 	C:\WINDOWS\System32\SHELL32.dll
0x00007ff8b5ee0000 - 0x00007ff8b67ad000 	C:\WINDOWS\SYSTEM32\windows.storage.dll
0x00007ff8ba6a0000 - 0x00007ff8baa29000 	C:\WINDOWS\System32\combase.dll
0x00007ff8b5da0000 - 0x00007ff8b5ede000 	C:\WINDOWS\SYSTEM32\wintypes.dll
0x00007ff8b9230000 - 0x00007ff8b9321000 	C:\WINDOWS\System32\SHCORE.dll
0x00007ff8b9490000 - 0x00007ff8b94ee000 	C:\WINDOWS\System32\shlwapi.dll
0x00007ff8b7e40000 - 0x00007ff8b7e61000 	C:\WINDOWS\SYSTEM32\profapi.dll
0x00007ff85e350000 - 0x00007ff85e36c000 	C:\Program Files\Java\jdk1.8.0_361\jre\bin\net.dll
0x00007ff8b7470000 - 0x00007ff8b74d9000 	C:\WINDOWS\system32\mswsock.dll
0x00007ff85e330000 - 0x00007ff85e343000 	C:\Program Files\Java\jdk1.8.0_361\jre\bin\nio.dll
0x00007ff8a9280000 - 0x00007ff8a929e000 	C:\Users\sereg\.gradle\native\25\windows-amd64\native-platform.dll
0x00007ff8adc10000 - 0x00007ff8adc1d000 	C:\Program Files\Java\jdk1.8.0_361\jre\bin\management.dll
0x00007ff8b7790000 - 0x00007ff8b77ab000 	C:\WINDOWS\SYSTEM32\CRYPTSP.dll
0x00007ff8b6f80000 - 0x00007ff8b6fb5000 	C:\WINDOWS\system32\rsaenh.dll
0x00007ff8b7510000 - 0x00007ff8b7538000 	C:\WINDOWS\SYSTEM32\USERENV.dll
0x00007ff8b78c0000 - 0x00007ff8b78e8000 	C:\WINDOWS\SYSTEM32\bcrypt.dll
0x00007ff8b8860000 - 0x00007ff8b88db000 	C:\WINDOWS\System32\bcryptprimitives.dll
0x00007ff8b7770000 - 0x00007ff8b777c000 	C:\WINDOWS\SYSTEM32\CRYPTBASE.dll
0x00007ff8b6a70000 - 0x00007ff8b6a9d000 	C:\WINDOWS\SYSTEM32\IPHLPAPI.DLL
0x00007ff8b9770000 - 0x00007ff8b9779000 	C:\WINDOWS\System32\NSI.dll
0x00007ff8afb40000 - 0x00007ff8afb59000 	C:\WINDOWS\SYSTEM32\dhcpcsvc6.DLL
0x00007ff8afbf0000 - 0x00007ff8afc0f000 	C:\WINDOWS\SYSTEM32\dhcpcsvc.DLL
0x00007ff8b6ae0000 - 0x00007ff8b6bd3000 	C:\WINDOWS\SYSTEM32\DNSAPI.dll
0x00007ff8a9ab0000 - 0x00007ff8a9cde000 	C:\WINDOWS\SYSTEM32\dbghelp.dll
0x00007ff8ba250000 - 0x00007ff8ba327000 	C:\WINDOWS\System32\OLEAUT32.dll

VM Arguments:
jvm_args: -Dfile.encoding=UTF-8 -Duser.country=RU -Duser.language=ru -Duser.variant 
java_command: org.gradle.launcher.daemon.bootstrap.GradleDaemon 4.8.1
java_class_path (initial): C:\Users\sereg\.gradle\wrapper\dists\gradle-4.8.1-bin\e8p42vx1m7a3mz9ydmjagn6wn\gradle-4.8.1\lib\gradle-launcher-4.8.1.jar
Launcher Type: SUN_STANDARD

Environment Variables:
JAVA_HOME=C:\Program Files\Java\jdk1.8.0_361
PATH=C:\Program Files (x86)\Common Files\Oracle\Java\javapath;C:\WINDOWS\system32;C:\WINDOWS;C:\WINDOWS\System32\Wbem;C:\WINDOWS\System32\WindowsPowerShell\v1.0\;C:\WINDOWS\System32\OpenSSH\;C:\Program Files (x86)\NVIDIA Corporation\PhysX\Common;C:\Program Files\NVIDIA Corporation\NVIDIA NvDLISR;C:\Program Files\Git\cmd;C:\Program Files\Java\jdk1.8.0_361\bin;C:\Program Files\Gradle\gradle-4.8.1\bin;;C:\Program Files\Docker\Docker\resources\bin;C:\Users\sereg\AppData\Local\Microsoft\WindowsApps;C:\Program Files\Gradle\gradle-4.8.1\bin;C:\Program Files\Java\jdk1.8.0_361\bin;
USERNAME=sereg
OS=Windows_NT
PROCESSOR_IDENTIFIER=Intel64 Family 6 Model 141 Stepping 1, GenuineIntel



---------------  S Y S T E M  ---------------

OS: Windows 11 , 64 bit Build 22621 (10.0.22621.1485)

CPU:total 12 (initial active 12) (6 cores per cpu, 2 threads per core) family 6 model 141 stepping 1, cmov, cx8, fxsr, mmx, sse, sse2, sse3, ssse3, sse4.1, sse4.2, popcnt, avx, avx2, aes, clmul, erms, 3dnowpref, lzcnt, ht, tsc, tscinvbit, bmi1, bmi2, adx

Memory: 4k page, physical 16551224k(2544236k free), swap 40567988k(3224k free)

vm_info: Java HotSpot(TM) 64-Bit Server VM (25.361-b09) for windows-amd64 JRE (1.8.0_361-b09), built on Jan  9 2023 08:38:53 by "java_re" with MS VC++ 15.9 (VS2017)

time: Tue Apr 18 19:29:20 2023
timezone: RTZ 2 ( Family 6 Model 141 Stepping 1, GenuineIntel
elapsed time: 3.503213 seconds (0d 0h 0m 3s)

