#
# There is insufficient memory for the Java Runtime Environment to continue.
# Native memory allocation (malloc) failed to allocate 1039616 bytes for Chunk::new
# Possible reasons:
#   The system is out of physical RAM or swap space
#   The process is running with CompressedOops enabled, and the Java Heap may be blocking the growth of the native heap
# Possible solutions:
#   Reduce memory load on the system
#   Increase physical memory or swap space
#   Check if swap backing store is full
#   Decrease Java heap size (-Xmx/-Xms)
#   Decrease number of Java threads
#   Decrease Java thread stack sizes (-Xss)
#   Set larger code cache with -XX:ReservedCodeCacheSize=
#   JVM is running with Zero Based Compressed Oops mode in which the Java heap is
#     placed in the first 32GB address space. The Java Heap base address is the
#     maximum limit for the native heap growth. Please use -XX:HeapBaseMinAddress
#     to set the Java Heap base and to place the Java Heap above 32GB virtual address.
# This output file may be truncated or incomplete.
#
#  Out of Memory Error (allocation.cpp:389), pid=14036, tid=0x0000000000004f14
#
# JRE version: OpenJDK Runtime Environment (8.0_362-b08) (build 1.8.0_362-b08)
# Java VM: OpenJDK 64-Bit Server VM (25.362-b08 mixed mode windows-amd64 compressed oops)
# Failed to write core dump. Minidumps are not enabled by default on client versions of Windows
#

---------------  T H R E A D  ---------------

Current thread (0x0000015919ea6000):  JavaThread "C2 CompilerThread2" daemon [_thread_in_native, id=20244, stack(0x0000002880b00000,0x0000002880c00000)]

Stack: [0x0000002880b00000,0x0000002880c00000]
[error occurred during error reporting (printing stack bounds), id 0xc0000005]

Native frames: (J=compiled Java code, j=interpreted, Vv=VM code, C=native code)


Current CompileTask:
C2:   4115 3827       4       org.aspectj.weaver.Advice::match (747 bytes)


---------------  P R O C E S S  ---------------

Java Threads: ( => current thread )
  0x000001591cb0c000 JavaThread "Exec Stream Pumper" daemon [_thread_in_native, id=22644, stack(0x0000002881600000,0x0000002881700000)]
  0x000001591e1e1000 JavaThread "Exec Stream Pumper" daemon [_thread_in_native, id=18484, stack(0x0000002881500000,0x0000002881600000)]
  0x000001591e1e2800 JavaThread "UrlChecker-2" daemon [_thread_blocked, id=18624, stack(0x0000002881400000,0x0000002881500000)]
  0x000001591cd95800 JavaThread "Exec Default Executor" daemon [_thread_in_native, id=1340, stack(0x0000002881300000,0x0000002881400000)]
  0x000001591b79e000 JavaThread "/127.0.0.1:53696 to /127.0.0.1:53693 workers Thread 3" [_thread_in_native, id=18160, stack(0x0000002881200000,0x0000002881300000)]
  0x000001591b10e800 JavaThread "/127.0.0.1:53696 to /127.0.0.1:53693 workers Thread 2" [_thread_blocked, id=20324, stack(0x0000002881100000,0x0000002881200000)]
  0x000001591b0c5000 JavaThread "Forwarding newSession on session null to remote" [_thread_in_native, id=23008, stack(0x0000002881000000,0x0000002881100000)]
  0x0000015919ebb000 JavaThread "Service Thread" daemon [_thread_blocked, id=11308, stack(0x0000002880d00000,0x0000002880e00000)]
  0x0000015919eae000 JavaThread "C1 CompilerThread3" daemon [_thread_blocked, id=13192, stack(0x0000002880c00000,0x0000002880d00000)]
=>0x0000015919ea6000 JavaThread "C2 CompilerThread2" daemon [_thread_in_native, id=20244, stack(0x0000002880b00000,0x0000002880c00000)]
  0x0000015919ea5800 JavaThread "C2 CompilerThread1" daemon [_thread_blocked, id=8688, stack(0x0000002880a00000,0x0000002880b00000)]
  0x000001591794e000 JavaThread "C2 CompilerThread0" daemon [_thread_blocked, id=22428, stack(0x0000002880900000,0x0000002880a00000)]
  0x0000015919e0b000 JavaThread "Attach Listener" daemon [_thread_blocked, id=15120, stack(0x0000002880800000,0x0000002880900000)]
  0x0000015919e08000 JavaThread "Signal Dispatcher" daemon [_thread_blocked, id=9424, stack(0x0000002880700000,0x0000002880800000)]
  0x0000015917902800 JavaThread "Finalizer" daemon [_thread_blocked, id=21724, stack(0x0000002880600000,0x0000002880700000)]
  0x00000159178f8000 JavaThread "Reference Handler" daemon [_thread_blocked, id=23092, stack(0x0000002880500000,0x0000002880600000)]
  0x000001597ccac800 JavaThread "main" [_thread_blocked, id=22312, stack(0x00000028ff900000,0x00000028ffa00000)]

Other Threads:
  0x00000159178d0800 VMThread [stack: 0x0000002880400000,0x0000002880500000] [id=1008]
  0x0000015919ed6800 WatcherThread [stack: 0x0000002880e00000,0x0000002880f00000] [id=9612]

VM state:not at safepoint (normal execution)

VM Mutex/Monitor currently owned by a thread: None

heap address: 0x00000006c3600000, size: 4042 MB, Compressed Oops mode: Zero based, Oop shift amount: 3
Narrow klass base: 0x0000000000000000, Narrow klass shift: 3
Compressed class space size: 1073741824 Address: 0x00000007c0000000

Heap:
 PSYoungGen      total 282624K, used 103786K [0x000000076bd00000, 0x0000000789780000, 0x00000007c0000000)
  eden space 260096K, 31% used [0x000000076bd00000,0x0000000770c60210,0x000000077bb00000)
  from space 22528K, 99% used [0x000000077bb00000,0x000000077d0fa798,0x000000077d100000)
  to   space 26112K, 0% used [0x0000000787e00000,0x0000000787e00000,0x0000000789780000)
 ParOldGen       total 118784K, used 24383K [0x00000006c3600000, 0x00000006caa00000, 0x000000076bd00000)
  object space 118784K, 20% used [0x00000006c3600000,0x00000006c4dcff90,0x00000006caa00000)
 Metaspace       used 31918K, capacity 32500K, committed 32768K, reserved 1079296K
  class space    used 3591K, capacity 3771K, committed 3840K, reserved 1048576K

Card table byte_map: [0x000001597e9b0000,0x000001597f1a0000] byte_map_base: 0x000001597b395000

Marking Bits: (ParMarkBitMap*) 0x0000000068d86830
 Begin Bits: [0x000001590f000000, 0x0000015912f28000)
 End Bits:   [0x0000015912f28000, 0x0000015916e50000)

Polling page: 0x000001597ce00000

CodeCache: size=245760Kb used=17092Kb max_used=17147Kb free=228667Kb
 bounds [0x0000015900000000, 0x00000159010d0000, 0x000001590f000000]
 total_blobs=4160 nmethods=3720 adapters=352
 compilation: enabled

Compilation events (10 events):
Event: 3.764 Thread 0x000001591794e000 nmethod 3829 0x000001590109bc50 code [0x000001590109bde0, 0x000001590109c7a8]
Event: 3.764 Thread 0x000001591794e000 3831       4       java.io.File::exists (43 bytes)
Event: 3.766 Thread 0x000001591794e000 nmethod 3831 0x0000015900175690 code [0x00000159001757e0, 0x0000015900175a08]
Event: 3.766 Thread 0x000001591794e000 3660       4       org.aspectj.weaver.bcel.BcelField::<init> (80 bytes)
Event: 3.769 Thread 0x000001591794e000 nmethod 3660 0x0000015901069f10 code [0x000001590106a0a0, 0x000001590106a578]
Event: 3.769 Thread 0x000001591794e000 3732       4       org.aspectj.weaver.bcel.BcelClassWeaver::canMatch (18 bytes)
Event: 3.769 Thread 0x000001591794e000 nmethod 3732 0x0000015900113510 code [0x0000015900113640, 0x00000159001136f8]
Event: 3.769 Thread 0x000001591794e000 3786       4       org.aspectj.weaver.JoinPointSignature::<init> (15 bytes)
Event: 3.769 Thread 0x000001591794e000 nmethod 3786 0x000001590011e550 code [0x000001590011e680, 0x000001590011e6f8]
Event: 3.812 Thread 0x0000015919ea5800 nmethod 3714 0x00000159010a9790 code [0x00000159010aa680, 0x00000159010b52f8]

GC Heap History (10 events):
Event: 1.346 GC heap before
{Heap before GC invocations=4 (full 0):
 PSYoungGen      total 75776K, used 75760K [0x000000076bd00000, 0x0000000775100000, 0x00000007c0000000)
  eden space 65024K, 100% used [0x000000076bd00000,0x000000076fc80000,0x000000076fc80000)
  from space 10752K, 99% used [0x000000076fc80000,0x00000007706fc338,0x0000000770700000)
  to   space 10752K, 0% used [0x0000000774680000,0x0000000774680000,0x0000000775100000)
 ParOldGen       total 173568K, used 2311K [0x00000006c3600000, 0x00000006cdf80000, 0x000000076bd00000)
  object space 173568K, 1% used [0x00000006c3600000,0x00000006c3841e78,0x00000006cdf80000)
 Metaspace       used 16868K, capacity 17104K, committed 17152K, reserved 1064960K
  class space    used 1673K, capacity 1751K, committed 1792K, reserved 1048576K
Event: 1.349 GC heap after
Heap after GC invocations=4 (full 0):
 PSYoungGen      total 140800K, used 7777K [0x000000076bd00000, 0x0000000775100000, 0x00000007c0000000)
  eden space 130048K, 0% used [0x000000076bd00000,0x000000076bd00000,0x0000000773c00000)
  from space 10752K, 72% used [0x0000000774680000,0x0000000774e18690,0x0000000775100000)
  to   space 10752K, 0% used [0x0000000773c00000,0x0000000773c00000,0x0000000774680000)
 ParOldGen       total 173568K, used 2319K [0x00000006c3600000, 0x00000006cdf80000, 0x000000076bd00000)
  object space 173568K, 1% used [0x00000006c3600000,0x00000006c3843e78,0x00000006cdf80000)
 Metaspace       used 16868K, capacity 17104K, committed 17152K, reserved 1064960K
  class space    used 1673K, capacity 1751K, committed 1792K, reserved 1048576K
}
Event: 1.750 GC heap before
{Heap before GC invocations=5 (full 0):
 PSYoungGen      total 140800K, used 137825K [0x000000076bd00000, 0x0000000775100000, 0x00000007c0000000)
  eden space 130048K, 100% used [0x000000076bd00000,0x0000000773c00000,0x0000000773c00000)
  from space 10752K, 72% used [0x0000000774680000,0x0000000774e18690,0x0000000775100000)
  to   space 10752K, 0% used [0x0000000773c00000,0x0000000773c00000,0x0000000774680000)
 ParOldGen       total 173568K, used 2319K [0x00000006c3600000, 0x00000006cdf80000, 0x000000076bd00000)
  object space 173568K, 1% used [0x00000006c3600000,0x00000006c3843e78,0x00000006cdf80000)
 Metaspace       used 20670K, capacity 20896K, committed 21120K, reserved 1069056K
  class space    used 2042K, capacity 2141K, committed 2176K, reserved 1048576K
Event: 1.760 GC heap after
Heap after GC invocations=5 (full 0):
 PSYoungGen      total 140800K, used 10740K [0x000000076bd00000, 0x000000077ea00000, 0x00000007c0000000)
  eden space 130048K, 0% used [0x000000076bd00000,0x000000076bd00000,0x0000000773c00000)
  from space 10752K, 99% used [0x0000000773c00000,0x000000077467d078,0x0000000774680000)
  to   space 24064K, 0% used [0x000000077d280000,0x000000077d280000,0x000000077ea00000)
 ParOldGen       total 173568K, used 17436K [0x00000006c3600000, 0x00000006cdf80000, 0x000000076bd00000)
  object space 173568K, 10% used [0x00000006c3600000,0x00000006c4707078,0x00000006cdf80000)
 Metaspace       used 20670K, capacity 20896K, committed 21120K, reserved 1069056K
  class space    used 2042K, capacity 2141K, committed 2176K, reserved 1048576K
}
Event: 1.801 GC heap before
{Heap before GC invocations=6 (full 0):
 PSYoungGen      total 140800K, used 25034K [0x000000076bd00000, 0x000000077ea00000, 0x00000007c0000000)
  eden space 130048K, 10% used [0x000000076bd00000,0x000000076caf5a48,0x0000000773c00000)
  from space 10752K, 99% used [0x0000000773c00000,0x000000077467d078,0x0000000774680000)
  to   space 24064K, 0% used [0x000000077d280000,0x000000077d280000,0x000000077ea00000)
 ParOldGen       total 173568K, used 17436K [0x00000006c3600000, 0x00000006cdf80000, 0x000000076bd00000)
  object space 173568K, 10% used [0x00000006c3600000,0x00000006c4707078,0x00000006cdf80000)
 Metaspace       used 20964K, capacity 21184K, committed 21296K, reserved 1069056K
  class space    used 2074K, capacity 2173K, committed 2176K, reserved 1048576K
Event: 1.806 GC heap after
Heap after GC invocations=6 (full 0):
 PSYoungGen      total 281088K, used 12719K [0x000000076bd00000, 0x000000077e700000, 0x00000007c0000000)
  eden space 260096K, 0% used [0x000000076bd00000,0x000000076bd00000,0x000000077bb00000)
  from space 20992K, 60% used [0x000000077d280000,0x000000077deebde8,0x000000077e700000)
  to   space 22528K, 0% used [0x000000077bb00000,0x000000077bb00000,0x000000077d100000)
 ParOldGen       total 173568K, used 17444K [0x00000006c3600000, 0x00000006cdf80000, 0x000000076bd00000)
  object space 173568K, 10% used [0x00000006c3600000,0x00000006c4709078,0x00000006cdf80000)
 Metaspace       used 20964K, capacity 21184K, committed 21296K, reserved 1069056K
  class space    used 2074K, capacity 2173K, committed 2176K, reserved 1048576K
}
Event: 1.806 GC heap before
{Heap before GC invocations=7 (full 1):
 PSYoungGen      total 281088K, used 12719K [0x000000076bd00000, 0x000000077e700000, 0x00000007c0000000)
  eden space 260096K, 0% used [0x000000076bd00000,0x000000076bd00000,0x000000077bb00000)
  from space 20992K, 60% used [0x000000077d280000,0x000000077deebde8,0x000000077e700000)
  to   space 22528K, 0% used [0x000000077bb00000,0x000000077bb00000,0x000000077d100000)
 ParOldGen       total 173568K, used 17444K [0x00000006c3600000, 0x00000006cdf80000, 0x000000076bd00000)
  object space 173568K, 10% used [0x00000006c3600000,0x00000006c4709078,0x00000006cdf80000)
 Metaspace       used 20964K, capacity 21184K, committed 21296K, reserved 1069056K
  class space    used 2074K, capacity 2173K, committed 2176K, reserved 1048576K
Event: 1.834 GC heap after
Heap after GC invocations=7 (full 1):
 PSYoungGen      total 281088K, used 0K [0x000000076bd00000, 0x000000077e700000, 0x00000007c0000000)
  eden space 260096K, 0% used [0x000000076bd00000,0x000000076bd00000,0x000000077bb00000)
  from space 20992K, 0% used [0x000000077d280000,0x000000077d280000,0x000000077e700000)
  to   space 22528K, 0% used [0x000000077bb00000,0x000000077bb00000,0x000000077d100000)
 ParOldGen       total 118784K, used 24305K [0x00000006c3600000, 0x00000006caa00000, 0x000000076bd00000)
  object space 118784K, 20% used [0x00000006c3600000,0x00000006c4dbc560,0x00000006caa00000)
 Metaspace       used 20964K, capacity 21184K, committed 21296K, reserved 1069056K
  class space    used 2074K, capacity 2173K, committed 2176K, reserved 1048576K
}
Event: 3.350 GC heap before
{Heap before GC invocations=8 (full 1):
 PSYoungGen      total 281088K, used 260096K [0x000000076bd00000, 0x000000077e700000, 0x00000007c0000000)
  eden space 260096K, 100% used [0x000000076bd00000,0x000000077bb00000,0x000000077bb00000)
  from space 20992K, 0% used [0x000000077d280000,0x000000077d280000,0x000000077e700000)
  to   space 22528K, 0% used [0x000000077bb00000,0x000000077bb00000,0x000000077d100000)
 ParOldGen       total 118784K, used 24305K [0x00000006c3600000, 0x00000006caa00000, 0x000000076bd00000)
  object space 118784K, 20% used [0x00000006c3600000,0x00000006c4dbc560,0x00000006caa00000)
 Metaspace       used 29615K, capacity 30098K, committed 30336K, reserved 1077248K
  class space    used 3229K, capacity 3414K, committed 3456K, reserved 1048576K
Event: 3.359 GC heap after
Heap after GC invocations=8 (full 1):
 PSYoungGen      total 282624K, used 22505K [0x000000076bd00000, 0x0000000789780000, 0x00000007c0000000)
  eden space 260096K, 0% used [0x000000076bd00000,0x000000076bd00000,0x000000077bb00000)
  from space 22528K, 99% used [0x000000077bb00000,0x000000077d0fa798,0x000000077d100000)
  to   space 26112K, 0% used [0x0000000787e00000,0x0000000787e00000,0x0000000789780000)
 ParOldGen       total 118784K, used 24383K [0x00000006c3600000, 0x00000006caa00000, 0x000000076bd00000)
  object space 118784K, 20% used [0x00000006c3600000,0x00000006c4dcff90,0x00000006caa00000)
 Metaspace       used 29615K, capacity 30098K, committed 30336K, reserved 1077248K
  class space    used 3229K, capacity 3414K, committed 3456K, reserved 1048576K
}

Deoptimization events (10 events):
Event: 2.810 Thread 0x000001591b0c5000 Uncommon trap: reason=class_check action=maybe_recompile pc=0x0000015900f1636c method=org.aspectj.apache.bcel.generic.MethodGen.<init>(Lorg/aspectj/apache/bcel/classfile/Method;Ljava/lang/String;Lorg/aspectj/apache/bcel/classfile/ConstantPool;Z)V @ 882
Event: 2.818 Thread 0x000001591e1e2800 Uncommon trap: reason=class_check action=maybe_recompile pc=0x0000015900d9a65c method=java.lang.ThreadLocal.setInitialValue()Ljava/lang/Object; @ 31
Event: 2.836 Thread 0x000001591e1e1000 Uncommon trap: reason=class_check action=maybe_recompile pc=0x0000015900d9a65c method=java.lang.ThreadLocal.setInitialValue()Ljava/lang/Object; @ 31
Event: 3.424 Thread 0x000001591b0c5000 Uncommon trap: reason=unstable_if action=reinterpret pc=0x0000015900fc2968 method=java.util.HashMap.putVal(ILjava/lang/Object;Ljava/lang/Object;ZZ)Ljava/lang/Object; @ 94
Event: 3.463 Thread 0x000001591b0c5000 Uncommon trap: reason=unstable_if action=reinterpret pc=0x0000015900d9a5c0 method=java.lang.ThreadLocal$ThreadLocalMap.getEntry(Ljava/lang/ThreadLocal;)Ljava/lang/ThreadLocal$ThreadLocalMap$Entry; @ 29
Event: 3.464 Thread 0x000001591b0c5000 Uncommon trap: reason=unstable_if action=reinterpret pc=0x0000015900d81628 method=java.lang.ThreadLocal$ThreadLocalMap.getEntry(Ljava/lang/ThreadLocal;)Ljava/lang/ThreadLocal$ThreadLocalMap$Entry; @ 29
Event: 3.598 Thread 0x000001591b0c5000 Uncommon trap: reason=bimorphic action=maybe_recompile pc=0x0000015900f7aa74 method=java.io.BufferedInputStream.read1([BII)I @ 39
Event: 3.598 Thread 0x000001591b0c5000 Uncommon trap: reason=bimorphic action=maybe_recompile pc=0x0000015900f7aa74 method=java.io.BufferedInputStream.read1([BII)I @ 39
Event: 3.598 Thread 0x000001591b0c5000 Uncommon trap: reason=bimorphic action=maybe_recompile pc=0x0000015900f7aa74 method=java.io.BufferedInputStream.read1([BII)I @ 39
Event: 3.598 Thread 0x000001591b0c5000 Uncommon trap: reason=bimorphic action=maybe_recompile pc=0x0000015900f7aa74 method=java.io.BufferedInputStream.read1([BII)I @ 39

Classes redefined (0 events):
No events

Internal exceptions (10 events):
Event: 3.672 Thread 0x000001591b0c5000 Exception <a 'java/security/PrivilegedActionException'> (0x00000007709874d0) thrown at [C:\wsjdk\Corretto8Src\installers\windows\zip\corretto-build\buildRoot\hotspot\src\share\vm\prims\jvm.cpp, line 1514]
Event: 3.672 Thread 0x000001591b0c5000 Exception <a 'java/security/PrivilegedActionException'> (0x0000000770987c98) thrown at [C:\wsjdk\Corretto8Src\installers\windows\zip\corretto-build\buildRoot\hotspot\src\share\vm\prims\jvm.cpp, line 1514]
Event: 3.672 Thread 0x000001591b0c5000 Exception <a 'java/security/PrivilegedActionException'> (0x000000077098a490) thrown at [C:\wsjdk\Corretto8Src\installers\windows\zip\corretto-build\buildRoot\hotspot\src\share\vm\prims\jvm.cpp, line 1514]
Event: 3.672 Thread 0x000001591b0c5000 Exception <a 'java/security/PrivilegedActionException'> (0x000000077098ac58) thrown at [C:\wsjdk\Corretto8Src\installers\windows\zip\corretto-build\buildRoot\hotspot\src\share\vm\prims\jvm.cpp, line 1514]
Event: 3.672 Thread 0x000001591b0c5000 Exception <a 'java/security/PrivilegedActionException'> (0x000000077098d7f8) thrown at [C:\wsjdk\Corretto8Src\installers\windows\zip\corretto-build\buildRoot\hotspot\src\share\vm\prims\jvm.cpp, line 1514]
Event: 3.672 Thread 0x000001591b0c5000 Exception <a 'java/security/PrivilegedActionException'> (0x000000077098dfc0) thrown at [C:\wsjdk\Corretto8Src\installers\windows\zip\corretto-build\buildRoot\hotspot\src\share\vm\prims\jvm.cpp, line 1514]
Event: 3.672 Thread 0x000001591b0c5000 Exception <a 'java/security/PrivilegedActionException'> (0x0000000770990938) thrown at [C:\wsjdk\Corretto8Src\installers\windows\zip\corretto-build\buildRoot\hotspot\src\share\vm\prims\jvm.cpp, line 1514]
Event: 3.672 Thread 0x000001591b0c5000 Exception <a 'java/security/PrivilegedActionException'> (0x0000000770991100) thrown at [C:\wsjdk\Corretto8Src\installers\windows\zip\corretto-build\buildRoot\hotspot\src\share\vm\prims\jvm.cpp, line 1514]
Event: 3.672 Thread 0x000001591b0c5000 Exception <a 'java/security/PrivilegedActionException'> (0x0000000770993a78) thrown at [C:\wsjdk\Corretto8Src\installers\windows\zip\corretto-build\buildRoot\hotspot\src\share\vm\prims\jvm.cpp, line 1514]
Event: 3.672 Thread 0x000001591b0c5000 Exception <a 'java/security/PrivilegedActionException'> (0x0000000770994240) thrown at [C:\wsjdk\Corretto8Src\installers\windows\zip\corretto-build\buildRoot\hotspot\src\share\vm\prims\jvm.cpp, line 1514]

Events (10 events):
Event: 3.668 loading class org/apache/http/conn/ConnectionReleaseTrigger
Event: 3.668 loading class org/apache/http/conn/ConnectionReleaseTrigger done
Event: 3.669 loading class org/apache/http/conn/routing/RouteTracker
Event: 3.669 loading class org/apache/http/conn/routing/RouteTracker done
Event: 3.670 loading class org/apache/http/impl/auth/HttpAuthenticator$1
Event: 3.670 loading class org/apache/http/impl/auth/HttpAuthenticator$1 done
Event: 3.671 loading class org/apache/http/message/BasicListHeaderIterator
Event: 3.671 loading class org/apache/http/message/BasicListHeaderIterator done
Event: 3.672 loading class org/apache/http/FormattedHeader
Event: 3.672 loading class org/apache/http/FormattedHeader done


Dynamic libraries:
0x00007ff776610000 - 0x00007ff77664a000 	C:\Users\sereg\.jdks\corretto-1.8.0_362\bin\java.exe
0x00007fffb4eb0000 - 0x00007fffb50c4000 	C:\WINDOWS\SYSTEM32\ntdll.dll
0x00007fffb3740000 - 0x00007fffb3802000 	C:\WINDOWS\System32\KERNEL32.DLL
0x00007fffb2810000 - 0x00007fffb2bb3000 	C:\WINDOWS\System32\KERNELBASE.dll
0x00007fffb39c0000 - 0x00007fffb3a6e000 	C:\WINDOWS\System32\ADVAPI32.dll
0x00007fffb3d50000 - 0x00007fffb3df7000 	C:\WINDOWS\System32\msvcrt.dll
0x00007fffb4310000 - 0x00007fffb43b4000 	C:\WINDOWS\System32\sechost.dll
0x00007fffb41f0000 - 0x00007fffb4307000 	C:\WINDOWS\System32\RPCRT4.dll
0x00007fffb4040000 - 0x00007fffb41eb000 	C:\WINDOWS\System32\USER32.dll
0x00007fffb2bc0000 - 0x00007fffb2be6000 	C:\WINDOWS\System32\win32u.dll
0x00007fffb3710000 - 0x00007fffb3739000 	C:\WINDOWS\System32\GDI32.dll
0x00007fffb23d0000 - 0x00007fffb24e9000 	C:\WINDOWS\System32\gdi32full.dll
0x00007fffb2bf0000 - 0x00007fffb2c8a000 	C:\WINDOWS\System32\msvcp_win.dll
0x00007fffb22b0000 - 0x00007fffb23c1000 	C:\WINDOWS\System32\ucrtbase.dll
0x00007fffb1600000 - 0x00007fffb188e000 	C:\WINDOWS\WinSxS\amd64_microsoft.windows.common-controls_6595b64144ccf1df_6.0.22621.1635_none_270f70857386168e\COMCTL32.dll
0x00007fffb3e00000 - 0x00007fffb3e31000 	C:\WINDOWS\System32\IMM32.DLL
0x00007fff66aa0000 - 0x00007fff66b8f000 	C:\Users\sereg\.jdks\corretto-1.8.0_362\jre\bin\msvcr120.dll
0x00007fff6bb00000 - 0x00007fff6bba6000 	C:\Users\sereg\.jdks\corretto-1.8.0_362\jre\bin\msvcp120.dll
0x0000000068590000 - 0x0000000068e05000 	C:\Users\sereg\.jdks\corretto-1.8.0_362\jre\bin\server\jvm.dll
0x00007fffb3570000 - 0x00007fffb3578000 	C:\WINDOWS\System32\PSAPI.DLL
0x00007fff8b2d0000 - 0x00007fff8b2d9000 	C:\WINDOWS\SYSTEM32\WSOCK32.dll
0x00007fffb0bc0000 - 0x00007fffb0bca000 	C:\WINDOWS\SYSTEM32\VERSION.dll
0x00007fffa94e0000 - 0x00007fffa9514000 	C:\WINDOWS\SYSTEM32\WINMM.dll
0x00007fffb3890000 - 0x00007fffb3901000 	C:\WINDOWS\System32\WS2_32.dll
0x00007fffabd70000 - 0x00007fffabd7f000 	C:\Users\sereg\.jdks\corretto-1.8.0_362\jre\bin\verify.dll
0x00007fffaaef0000 - 0x00007fffaaf19000 	C:\Users\sereg\.jdks\corretto-1.8.0_362\jre\bin\java.dll
0x00007fffa2880000 - 0x00007fffa28aa000 	C:\Users\sereg\.jdks\corretto-1.8.0_362\jre\bin\instrument.dll
0x00007fffa3fb0000 - 0x00007fffa3fc6000 	C:\Users\sereg\.jdks\corretto-1.8.0_362\jre\bin\zip.dll
0x00007fffb2ce0000 - 0x00007fffb34da000 	C:\WINDOWS\System32\SHELL32.dll
0x00007fffaf360000 - 0x00007fffafc2e000 	C:\WINDOWS\SYSTEM32\windows.storage.dll
0x00007fffb4580000 - 0x00007fffb4909000 	C:\WINDOWS\System32\combase.dll
0x00007fffaf220000 - 0x00007fffaf35e000 	C:\WINDOWS\SYSTEM32\wintypes.dll
0x00007fffb3610000 - 0x00007fffb3701000 	C:\WINDOWS\System32\SHCORE.dll
0x00007fffb3e40000 - 0x00007fffb3e9e000 	C:\WINDOWS\System32\shlwapi.dll
0x00007fffb21e0000 - 0x00007fffb2201000 	C:\WINDOWS\SYSTEM32\profapi.dll
0x00007fffa2b10000 - 0x00007fffa2b2a000 	C:\Users\sereg\.jdks\corretto-1.8.0_362\jre\bin\net.dll
0x00007fffb0800000 - 0x00007fffb0869000 	C:\WINDOWS\system32\mswsock.dll
0x00007fffab440000 - 0x00007fffab452000 	C:\Users\sereg\.jdks\corretto-1.8.0_362\jre\bin\nio.dll
0x00007fffb1f50000 - 0x00007fffb1f6b000 	C:\WINDOWS\SYSTEM32\CRYPTSP.dll
0x00007fffb03a0000 - 0x00007fffb03d5000 	C:\WINDOWS\system32\rsaenh.dll
0x00007fffb08a0000 - 0x00007fffb08c8000 	C:\WINDOWS\SYSTEM32\USERENV.dll
0x00007fffb1ae0000 - 0x00007fffb1b08000 	C:\WINDOWS\SYSTEM32\bcrypt.dll
0x00007fffb2620000 - 0x00007fffb269b000 	C:\WINDOWS\System32\bcryptprimitives.dll
0x00007fffb0b00000 - 0x00007fffb0b0c000 	C:\WINDOWS\SYSTEM32\CRYPTBASE.dll
0x00007fffaff00000 - 0x00007fffaff2d000 	C:\WINDOWS\SYSTEM32\IPHLPAPI.DLL
0x00007fffb4030000 - 0x00007fffb4039000 	C:\WINDOWS\System32\NSI.dll
0x00007fffa9490000 - 0x00007fffa94a9000 	C:\WINDOWS\SYSTEM32\dhcpcsvc6.DLL
0x00007fffa9420000 - 0x00007fffa943f000 	C:\WINDOWS\SYSTEM32\dhcpcsvc.DLL
0x00007fffaff70000 - 0x00007fffb0063000 	C:\WINDOWS\SYSTEM32\DNSAPI.dll
0x00007fffa7be0000 - 0x00007fffa7bea000 	C:\Windows\System32\rasadhlp.dll
0x00007fffa8bb0000 - 0x00007fffa8c34000 	C:\WINDOWS\System32\fwpuclnt.dll
0x00007fff9c5b0000 - 0x00007fff9c5d3000 	C:\Users\sereg\.jdks\corretto-1.8.0_362\jre\bin\sunec.dll

VM Arguments:
jvm_args: -Dallure.results.directory=D:\GoodtMe\testit\Selenium\build\allure-results -Djava.security.manager=worker.org.gradle.process.internal.worker.child.BootstrapSecurityManager -Dorg.gradle.native=false -javaagent:C:\Users\sereg\.gradle\caches\modules-2\files-2.1\org.aspectj\aspectjweaver\1.8.10\e198c5fee28988c355f74e06461614eae36b2032\aspectjweaver-1.8.10.jar -javaagent:C:\Users\sereg\.gradle\caches\modules-2\files-2.1\org.aspectj\aspectjweaver\1.8.10\e198c5fee28988c355f74e06461614eae36b2032\aspectjweaver-1.8.10.jar -Dfile.encoding=UTF-8 -Duser.country=RU -Duser.language=ru -Duser.variant -ea 
java_command: worker.org.gradle.process.internal.worker.GradleWorkerMain 'Gradle Test Executor 1'
java_class_path (initial): C:\Users\sereg\.gradle\caches\4.8.1\workerMain\gradle-worker.jar;C:\Users\sereg\.gradle\caches\modules-2\files-2.1\org.aspectj\aspectjweaver\1.8.10\e198c5fee28988c355f74e06461614eae36b2032\aspectjweaver-1.8.10.jar;C:\Users\sereg\.gradle\caches\modules-2\files-2.1\org.aspectj\aspectjweaver\1.8.10\e198c5fee28988c355f74e06461614eae36b2032\aspectjweaver-1.8.10.jar
Launcher Type: SUN_STANDARD

Environment Variables:
JAVA_HOME=C:\Program Files\Java\jdk-11.0.17
PATH=C:\Program Files (x86)\NVIDIA Corporation\PhysX\Common;C:\Program Files\Common Files\Oracle\Java\javapath;C:\Users\sereg\AppData\Local\Programs\Python\Python311\Scripts\;C:\Users\sereg\AppData\Local\Programs\Python\Python311\;C:\WINDOWS\system32\config\systemprofile\AppData\Local\Microsoft\WindowsApps;C:\Program Files\Gradle\gradle-4.8.1\bin;C:\Program Files\Java\jdk-11.0.17\bin;D:\Jmeter\apache-jmeter-5.5\bin;C:\Windows\System32;C:\Program Files\Docker\Docker\resources\bin;C:\Program Files\MySQL\MySQL Utilities 1.6\;C:\ProgramData\chocolatey\bin;C:\Program Files\OpenSSL\bin;;C:\Program Files\NVIDIA Corporation\NVIDIA NvDLISR;C:\Program Files\MySQL\MySQL Shell 8.0\bin\;C:\Users\sereg\AppData\Local\Programs\Python\Python311\Scripts\;C:\Users\sereg\AppData\Local\Programs\Python\Python311\;C:\Users\sereg\AppData\Local\Microsoft\WindowsApps;C:\Program Files\Gradle\gradle-4.8.1\bin;C:\Program Files\Java\jdk-11.0.17\bin;D:\Jmeter\apache-jmeter-5.5\bin;C:\Windows\System32;C:\Program Files\Docker\Docker\resources\bin;C:\Program Files\OpenSSL\bin;
USERNAME=sereg
OS=Windows_NT
PROCESSOR_IDENTIFIER=Intel64 Family 6 Model 141 Stepping 1, GenuineIntel



---------------  S Y S T E M  ---------------

OS: Windows 11 , 64 bit Build 22621 (10.0.22621.1778)

CPU:total 12 (initial active 12) (6 cores per cpu, 2 threads per core) family 6 model 141 stepping 1, cmov, cx8, fxsr, mmx, sse, sse2, sse3, ssse3, sse4.1, sse4.2, popcnt, avx, avx2, aes, clmul, erms, 3dnowpref, lzcnt, ht, tsc, tscinvbit, bmi1, bmi2, adx

Memory: 4k page, physical 16551224k(997532k free), swap 40567988k(5180k free)

vm_info: OpenJDK 64-Bit Server VM (25.362-b08) for windows-amd64 JRE (1.8.0_362-b08), built on Jan 13 2023 13:30:12 by "Administrator" with MS VC++ 12.0 (VS2013)

time: Mon Jun 19 16:16:07 2023
timezone: RTZ 2 (зима)
elapsed time: 4.118489 seconds (0d 0h 0m 4s)

